Copyright 1986-2022 Xilinx, Inc. All Rights Reserved. Copyright 2022-2025 Advanced Micro Devices, Inc. All Rights Reserved.
----------------------------------------------------------------------------------------------------------------------------------------------------------------------
| Tool Version     : Vivado v.2025.2 (lin64) Build 6299465 Fri Nov 14 12:34:56 MST 2025
| Date             : Sat Dec 27 17:19:05 2025
| Host             : dan-alencar running 64-bit Linux Mint 22.2
| Command          : report_power -file aging_sensor_top_power_routed.rpt -pb aging_sensor_top_power_summary_routed.pb -rpx aging_sensor_top_power_routed.rpx
| Design           : aging_sensor_top
| Device           : xcau15p-ffvb676-1-i
| Design State     : routed
| Grade            : industrial
| Process          : typical
| Characterization : Production
----------------------------------------------------------------------------------------------------------------------------------------------------------------------

Power Report

Table of Contents
-----------------
1. Summary
1.1 On-Chip Components
1.2 Power Supply Summary
1.3 Confidence Level
2. Settings
2.1 Environment
2.2 Clock Constraints
3. Detailed Reports
3.1 By Hierarchy

1. Summary
----------

+--------------------------+--------------+
| Total On-Chip Power (W)  | 0.359        |
| Design Power Budget (W)  | Unspecified* |
| Power Budget Margin (W)  | NA           |
| Dynamic (W)              | 0.122        |
| Device Static (W)        | 0.237        |
| Effective TJA (C/W)      | 1.7          |
| Max Ambient (C)          | 99.4         |
| Junction Temperature (C) | 25.6         |
| Confidence Level         | Medium       |
| Setting File             | ---          |
| Simulation Activity File | ---          |
| Design Nets Matched      | NA           |
+--------------------------+--------------+
* Specify Design Power Budget using, set_operating_conditions -design_power_budget <value in Watts>


1.1 On-Chip Components
----------------------

+--------------------------+-----------+----------+-----------+-----------------+
| On-Chip                  | Power (W) | Used     | Available | Utilization (%) |
+--------------------------+-----------+----------+-----------+-----------------+
| Clocks                   |     0.017 |        8 |       --- |             --- |
| CLB Logic                |     0.005 |     7720 |       --- |             --- |
|   LUT as Logic           |     0.003 |     2183 |     77760 |            2.81 |
|   LUT as Shift Register  |     0.001 |      250 |     40320 |            0.62 |
|   Register               |    <0.001 |     3936 |    155520 |            2.53 |
|   LUT as Distributed RAM |    <0.001 |       20 |     40320 |            0.05 |
|   CARRY8                 |    <0.001 |       47 |      9720 |            0.48 |
|   Others                 |     0.000 |      479 |       --- |             --- |
|   F7/F8 Muxes            |     0.000 |       88 |     77760 |            0.11 |
| Signals                  |     0.003 |     5656 |       --- |             --- |
| Block RAM                |     0.005 |     11.5 |       144 |            7.99 |
| MMCM                     |     0.084 |        0 |       --- |             --- |
| DSPs                     |    <0.001 |        1 |       576 |            0.17 |
| I/O                      |     0.003 |        3 |       228 |            1.32 |
| SYSMON                   |     0.005 |        1 |       --- |             --- |
| Static Power             |     0.237 |          |           |                 |
| Total                    |     0.359 |          |           |                 |
+--------------------------+-----------+----------+-----------+-----------------+


1.2 Power Supply Summary
------------------------

+------------------+-------------+-----------+-------------+------------+-------------+-------------+------------+
| Source           | Voltage (V) | Total (A) | Dynamic (A) | Static (A) | Powerup (A) | Budget (A)  | Margin (A) |
+------------------+-------------+-----------+-------------+------------+-------------+-------------+------------+
| Vccint           |       0.850 |     0.089 |       0.040 |      0.049 |       NA    | Unspecified | NA         |
| Vccint_io        |       0.850 |     0.027 |       0.000 |      0.026 |       NA    | Unspecified | NA         |
| Vccbram          |       0.850 |     0.001 |       0.001 |      0.001 |       NA    | Unspecified | NA         |
| Vccaux           |       1.800 |     0.111 |       0.046 |      0.065 |       NA    | Unspecified | NA         |
| Vccaux_io        |       1.800 |     0.025 |       0.002 |      0.023 |       NA    | Unspecified | NA         |
| Vcco33           |       3.300 |     0.000 |       0.000 |      0.000 |       NA    | Unspecified | NA         |
| Vcco25           |       2.500 |     0.000 |       0.000 |      0.000 |       NA    | Unspecified | NA         |
| Vcco18           |       1.800 |     0.000 |       0.000 |      0.000 |       NA    | Unspecified | NA         |
| Vcco15           |       1.500 |     0.000 |       0.000 |      0.000 |       NA    | Unspecified | NA         |
| Vcco135          |       1.350 |     0.000 |       0.000 |      0.000 |       NA    | Unspecified | NA         |
| Vcco12           |       1.200 |     0.000 |       0.000 |      0.000 |       NA    | Unspecified | NA         |
| Vcco10           |       1.000 |     0.000 |       0.000 |      0.000 |       NA    | Unspecified | NA         |
| Vccadc           |       1.800 |     0.008 |       0.000 |      0.008 |       NA    | Unspecified | NA         |
| VMGTAVCC (GTH)   |       0.900 |     0.000 |       0.000 |      0.000 |       NA    | Unspecified | NA         |
| VMGTAVTT (GTH)   |       1.200 |     0.000 |       0.000 |      0.000 |       NA    | Unspecified | NA         |
| VMGTVCCAUX (GTH) |       1.800 |     0.000 |       0.000 |      0.000 |       NA    | Unspecified | NA         |
+------------------+-------------+-----------+-------------+------------+-------------+-------------+------------+


1.3 Confidence Level
--------------------

+-----------------------------+------------+------------------------------------------------+------------------------------------------------------------------------------------------------------------+
| User Input Data             | Confidence | Details                                        | Action                                                                                                     |
+-----------------------------+------------+------------------------------------------------+------------------------------------------------------------------------------------------------------------+
| Design implementation state | High       | Design is routed                               |                                                                                                            |
| Clock nodes activity        | High       | User specified more than 95% of clocks         |                                                                                                            |
| I/O nodes activity          | High       | User specified more than 95% of inputs         |                                                                                                            |
| Internal nodes activity     | Medium     | User specified less than 25% of internal nodes | Provide missing internal nodes activity with simulation results or by editing the "By Resource Type" views |
| Device models               | High       | Device models are Production                   |                                                                                                            |
|                             |            |                                                |                                                                                                            |
| Overall confidence level    | Medium     |                                                |                                                                                                            |
+-----------------------------+------------+------------------------------------------------+------------------------------------------------------------------------------------------------------------+


2. Settings
-----------

2.1 Environment
---------------

+-----------------------+--------------------------+
| Ambient Temp (C)      | 25.0                     |
| ThetaJA (C/W)         | 1.7                      |
| Airflow (LFM)         | 250                      |
| Heat Sink             | medium (Medium Profile)  |
| ThetaSA (C/W)         | 2.8                      |
| Board Selection       | medium (10"x10")         |
| # of Board Layers     | 12to15 (12 to 15 Layers) |
| Board Temperature (C) | 25.0                     |
+-----------------------+--------------------------+


2.2 Clock Constraints
---------------------

+-----------------------------------------------------------------------------------------------------+--------------------------------------------------------------------+-----------------+
| Clock                                                                                               | Domain                                                             | Constraint (ns) |
+-----------------------------------------------------------------------------------------------------+--------------------------------------------------------------------+-----------------+
| clk_en_clk_wiz_0                                                                                    | clock_gen/inst/clk_en_clk_wiz_0                                    |            10.0 |
| dbg_hub/inst/BSCANID.u_xsdbm_id/SWITCH_N_EXT_BSCAN.bscan_inst/SERIES7_BSCAN.bscan_inst/INTERNAL_TCK | dbg_hub/inst/BSCANID.u_xsdbm_id/SWITCH_N_EXT_BSCAN.bscan_inst/DRCK |            50.0 |
| phase_clk_clk_wiz_0                                                                                 | clock_gen/inst/phase_clk_clk_wiz_0                                 |            10.0 |
| sys_clk_clk_wiz_0                                                                                   | clock_gen/inst/sys_clk_clk_wiz_0                                   |            10.0 |
| sys_clk_in                                                                                          | sys_clk_in_BUFGCE                                                  |            10.0 |
| sys_clk_in                                                                                          | sys_clk_p                                                          |            10.0 |
+-----------------------------------------------------------------------------------------------------+--------------------------------------------------------------------+-----------------+


3. Detailed Reports
-------------------

3.1 By Hierarchy
----------------

+--------------------------+-----------+
| Name                     | Power (W) |
+--------------------------+-----------+
| aging_sensor_top         |     0.122 |
|   aging_sensor           |     0.002 |
|   clock_gen              |     0.084 |
|     inst                 |     0.084 |
|   dbg_hub                |     0.002 |
|     inst                 |     0.002 |
|       BSCANID.u_xsdbm_id |     0.002 |
|   i_bufds_sys_clk        |     0.003 |
|   ila_debug              |     0.021 |
|     inst                 |     0.021 |
|       ila_core_inst      |     0.021 |
|   sysmon                 |     0.005 |
|     inst                 |     0.005 |
|   vio_control            |     0.003 |
|     inst                 |     0.003 |
|       PROBE_IN_INST      |     0.002 |
+--------------------------+-----------+


