Copyright 1986-2022 Xilinx, Inc. All Rights Reserved. Copyright 2022-2025 Advanced Micro Devices, Inc. All Rights Reserved.
---------------------------------------------------------------------------------------------------------------------------------------------
| Tool Version : Vivado v.2025.2 (lin64) Build 6299465 Fri Nov 14 12:34:56 MST 2025
| Date         : Sat Dec 27 17:18:21 2025
| Host         : dan-alencar running 64-bit Linux Mint 22.2
| Command      : report_utilization -file aging_sensor_top_utilization_placed.rpt -pb aging_sensor_top_utilization_placed.pb
| Design       : aging_sensor_top
| Device       : xcau15p-ffvb676-1-i
| Speed File   : -1
| Design State : Fully Placed
---------------------------------------------------------------------------------------------------------------------------------------------

Utilization Design Information

Table of Contents
-----------------
1. CLB Logic
1.1 Summary of Registers by Type
2. CLB Logic Distribution
3. BLOCKRAM
4. ARITHMETIC
5. I/O
6. CLOCK
7. ADVANCED
8. CONFIGURATION
9. Primitives
10. Black Boxes
11. Instantiated Netlists

1. CLB Logic
------------

+----------------------------+------+-------+------------+-----------+-------+
|          Site Type         | Used | Fixed | Prohibited | Available | Util% |
+----------------------------+------+-------+------------+-----------+-------+
| CLB LUTs                   | 2452 |    43 |          0 |     77760 |  3.15 |
|   LUT as Logic             | 2182 |    43 |          0 |     77760 |  2.81 |
|   LUT as Memory            |  270 |     0 |          0 |     40320 |  0.67 |
|     LUT as Distributed RAM |   20 |     0 |            |           |       |
|     LUT as Shift Register  |  250 |     0 |            |           |       |
| CLB Registers              | 3936 |     3 |          0 |    155520 |  2.53 |
|   Register as Flip Flop    | 3920 |     3 |          0 |    155520 |  2.52 |
|   Register as Latch        |   16 |     0 |          0 |    155520 |  0.01 |
| CARRY8                     |   47 |     0 |          0 |      9720 |  0.48 |
| F7 Muxes                   |   71 |     0 |          0 |     38880 |  0.18 |
| F8 Muxes                   |   17 |     0 |          0 |     19440 |  0.09 |
| F9 Muxes                   |    0 |     0 |          0 |      9720 |  0.00 |
| Unique Control Sets        |  179 |       |          0 |     19440 |  0.92 |
+----------------------------+------+-------+------------+-----------+-------+
* Warning! LUT value is adjusted to account for LUT combining.
** Note: Available Control Sets calculated as Slices * 2, Review the Control Sets Report for more information regarding control sets.


1.1 Summary of Registers by Type
--------------------------------

+-------+--------------+-------------+--------------+
| Total | Clock Enable | Synchronous | Asynchronous |
+-------+--------------+-------------+--------------+
| 0     |            _ |           - |            - |
| 0     |            _ |           - |          Set |
| 0     |            _ |           - |        Reset |
| 0     |            _ |         Set |            - |
| 0     |            _ |       Reset |            - |
| 0     |          Yes |           - |            - |
| 42    |          Yes |           - |          Set |
| 321   |          Yes |           - |        Reset |
| 20    |          Yes |         Set |            - |
| 3553  |          Yes |       Reset |            - |
+-------+--------------+-------------+--------------+


2. CLB Logic Distribution
-------------------------

+--------------------------------------------+------+-------+------------+-----------+-------+
|                  Site Type                 | Used | Fixed | Prohibited | Available | Util% |
+--------------------------------------------+------+-------+------------+-----------+-------+
| CLB                                        |  605 |     0 |          0 |      9720 |  6.22 |
|   CLBL                                     |  290 |     0 |            |           |       |
|   CLBM                                     |  315 |     0 |            |           |       |
| LUT as Logic                               | 2182 |    43 |          0 |     77760 |  2.81 |
|   using O5 output only                     |   61 |       |            |           |       |
|   using O6 output only                     | 1624 |       |            |           |       |
|   using O5 and O6                          |  497 |       |            |           |       |
| LUT as Memory                              |  270 |     0 |          0 |     40320 |  0.67 |
|   LUT as Distributed RAM                   |   20 |     0 |            |           |       |
|     using O5 output only                   |    0 |       |            |           |       |
|     using O6 output only                   |    0 |       |            |           |       |
|     using O5 and O6                        |   20 |       |            |           |       |
|   LUT as Shift Register                    |  250 |     0 |            |           |       |
|     using O5 output only                   |    0 |       |            |           |       |
|     using O6 output only                   |   50 |       |            |           |       |
|     using O5 and O6                        |  200 |       |            |           |       |
| CLB Registers                              | 3936 |     0 |          0 |    155520 |  2.53 |
|   Register driven from within the CLB      | 1883 |       |            |           |       |
|   Register driven from outside the CLB     | 2053 |       |            |           |       |
|     LUT in front of the register is unused | 1613 |       |            |           |       |
|     LUT in front of the register is used   |  440 |       |            |           |       |
+--------------------------------------------+------+-------+------------+-----------+-------+


3. BLOCKRAM
-----------

+-------------------+------+-------+------------+-----------+-------+
|     Site Type     | Used | Fixed | Prohibited | Available | Util% |
+-------------------+------+-------+------------+-----------+-------+
| Block RAM Tile    | 11.5 |     0 |          0 |       144 |  7.99 |
|   RAMB36/FIFO*    |    0 |     0 |          0 |       144 |  0.00 |
|   RAMB18          |   23 |     0 |          0 |       288 |  7.99 |
|     RAMB18E2 only |   23 |       |            |           |       |
+-------------------+------+-------+------------+-----------+-------+
* Note: Each Block RAM Tile only has one FIFO logic available and therefore can accommodate only one FIFO36E2 or one FIFO18E2. However, if a FIFO18E2 occupies a Block RAM Tile, that tile can still accommodate a RAMB18E2


4. ARITHMETIC
-------------

+----------------+------+-------+------------+-----------+-------+
|    Site Type   | Used | Fixed | Prohibited | Available | Util% |
+----------------+------+-------+------------+-----------+-------+
| DSPs           |    1 |     0 |          0 |       576 |  0.17 |
|   DSP48E2 only |    1 |       |            |           |       |
+----------------+------+-------+------------+-----------+-------+


5. I/O
------

+------------------+------+-------+------------+-----------+-------+
|     Site Type    | Used | Fixed | Prohibited | Available | Util% |
+------------------+------+-------+------------+-----------+-------+
| Bonded IOB       |    3 |     3 |          0 |       228 |  1.32 |
|   HPIOB_M        |    1 |     1 |          0 |        72 |  1.39 |
|     INPUT        |    1 |       |            |           |       |
|     OUTPUT       |    0 |       |            |           |       |
|     BIDIR        |    0 |       |            |           |       |
|   HPIOB_S        |    2 |     2 |          0 |        72 |  2.78 |
|     INPUT        |    1 |       |            |           |       |
|     OUTPUT       |    1 |       |            |           |       |
|     BIDIR        |    0 |       |            |           |       |
|   HDIOB_M        |    0 |     0 |          0 |        36 |  0.00 |
|   HDIOB_S        |    0 |     0 |          0 |        36 |  0.00 |
|   HPIOB_SNGL     |    0 |     0 |          0 |        12 |  0.00 |
| HPIOBDIFFINBUF   |    1 |     1 |          0 |        72 |  1.39 |
|   DIFFINBUF      |    1 |     1 |            |           |       |
| HPIOBDIFFOUTBUF  |    0 |     0 |          0 |        72 |  0.00 |
| HDIOBDIFFINBUF   |    0 |     0 |          0 |        36 |  0.00 |
| BITSLICE_CONTROL |    0 |     0 |          0 |        24 |  0.00 |
| BITSLICE_RX_TX   |    0 |     0 |          0 |       936 |  0.00 |
| BITSLICE_TX      |    0 |     0 |          0 |        24 |  0.00 |
| RIU_OR           |    0 |     0 |          0 |        12 |  0.00 |
+------------------+------+-------+------------+-----------+-------+


6. CLOCK
--------

+------------+------+-------+------------+-----------+-------+
|  Site Type | Used | Fixed | Prohibited | Available | Util% |
+------------+------+-------+------------+-----------+-------+
| BUFGCE     |    5 |     0 |          0 |        84 |  5.95 |
| BUFGCE_DIV |    0 |     0 |          0 |        12 |  0.00 |
| BUFG_GT    |    0 |     0 |          0 |        72 |  0.00 |
| BUFGCTRL*  |    0 |     0 |          0 |        24 |  0.00 |
| PLL        |    0 |     0 |          0 |         6 |  0.00 |
| MMCM       |    1 |     0 |          0 |         3 | 33.33 |
+------------+------+-------+------------+-----------+-------+
* Note: Each used BUFGCTRL counts as two GLOBAL CLOCK BUFFERs. This table does not include global clocking resources, only buffer cell usage. See the Clock Utilization Report (report_clock_utilization) for detailed accounting of global clocking resource availability.


7. ADVANCED
-----------

+-----------------+------+-------+------------+-----------+--------+
|    Site Type    | Used | Fixed | Prohibited | Available |  Util% |
+-----------------+------+-------+------------+-----------+--------+
| GTHE4_CHANNEL   |    0 |     0 |          0 |        12 |   0.00 |
| GTHE4_COMMON    |    0 |     0 |          0 |         3 |   0.00 |
| OBUFDS_GTE4     |    0 |     0 |          0 |         6 |   0.00 |
| OBUFDS_GTE4_ADV |    0 |     0 |          0 |         6 |   0.00 |
| PCIE4CE4        |    0 |     0 |          0 |         1 |   0.00 |
| SYSMONE4        |    1 |     1 |          0 |         1 | 100.00 |
+-----------------+------+-------+------------+-----------+--------+


8. CONFIGURATION
----------------

+-------------+------+-------+------------+-----------+-------+
|  Site Type  | Used | Fixed | Prohibited | Available | Util% |
+-------------+------+-------+------------+-----------+-------+
| BSCANE2     |    1 |     0 |          0 |         4 | 25.00 |
| DNA_PORTE2  |    0 |     0 |          0 |         1 |  0.00 |
| EFUSE_USR   |    0 |     0 |          0 |         1 |  0.00 |
| FRAME_ECCE4 |    0 |     0 |          0 |         1 |  0.00 |
| ICAPE3      |    0 |     0 |          0 |         2 |  0.00 |
| MASTER_JTAG |    0 |     0 |          0 |         1 |  0.00 |
| STARTUPE3   |    0 |     0 |          0 |         1 |  0.00 |
+-------------+------+-------+------------+-----------+-------+


9. Primitives
-------------

+------------+------+---------------------+
|  Ref Name  | Used | Functional Category |
+------------+------+---------------------+
| FDRE       | 3553 |            Register |
| LUT4       |  701 |                 CLB |
| LUT6       |  688 |                 CLB |
| LUT3       |  434 |                 CLB |
| LUT5       |  346 |                 CLB |
| LUT2       |  327 |                 CLB |
| FDCE       |  305 |            Register |
| SRL16E     |  258 |                 CLB |
| SRLC32E    |  190 |                 CLB |
| LUT1       |  183 |                 CLB |
| MUXF7      |   71 |                 CLB |
| CARRY8     |   47 |                 CLB |
| FDPE       |   42 |            Register |
| RAMD32     |   36 |                 CLB |
| RAMB18E2   |   23 |            BLOCKRAM |
| FDSE       |   20 |            Register |
| MUXF8      |   17 |                 CLB |
| LDCE       |   16 |            Register |
| BUFGCE     |    5 |               Clock |
| RAMS32     |    4 |                 CLB |
| SRLC16E    |    2 |                 CLB |
| SYSMONE4   |    1 |            Advanced |
| OBUF       |    1 |                 I/O |
| MMCME4_ADV |    1 |               Clock |
| IBUFCTRL   |    1 |              Others |
| DSP48E2    |    1 |          Arithmetic |
| DIFFINBUF  |    1 |                 I/O |
| BSCANE2    |    1 |       Configuration |
+------------+------+---------------------+


10. Black Boxes
---------------

+----------+------+
| Ref Name | Used |
+----------+------+


11. Instantiated Netlists
-------------------------

+-------------------------+------+
|         Ref Name        | Used |
+-------------------------+------+
| vio_0                   |    1 |
| system_management_wiz_0 |    1 |
| ila_0                   |    1 |
| dbg_hub                 |    1 |
| clk_wiz_0               |    1 |
+-------------------------+------+


