
*** Running vivado
    with args -log design_1_sensor_stream_0_0.vds -m64 -product Vivado -mode batch -messageDb vivado.pb -notrace -source design_1_sensor_stream_0_0.tcl


****** Vivado v2024.2 (64-bit)
  **** SW Build 5239630 on Fri Nov 08 22:34:34 MST 2024
  **** IP Build 5239520 on Sun Nov 10 16:12:51 MST 2024
  **** SharedData Build 5239561 on Fri Nov 08 14:39:27 MST 2024
  **** Start of session at: Wed May 14 18:07:26 2025
    ** Copyright 1986-2022 Xilinx, Inc. All Rights Reserved.
    ** Copyright 2022-2024 Advanced Micro Devices, Inc. All Rights Reserved.

source design_1_sensor_stream_0_0.tcl -notrace
INFO: [IP_Flow 19-234] Refreshing IP repositories
INFO: [IP_Flow 19-1704] No user IP repositories specified
INFO: [IP_Flow 19-2313] Loaded Vivado IP repository '/home/mirai/Xilinx/Vivado/2024.2/data/ip'.
Command: synth_design -top design_1_sensor_stream_0_0 -part xc7a100tcsg324-1 -incremental_mode off -mode out_of_context
Starting synth_design
Attempting to get a license for feature 'Synthesis' and/or device 'xc7a100t'
INFO: [Common 17-349] Got license for feature 'Synthesis' and/or device 'xc7a100t'
INFO: [Device 21-403] Loading part xc7a100tcsg324-1
INFO: [Synth 8-7079] Multithreading enabled for synth_design using a maximum of 7 processes.
INFO: [Synth 8-7078] Launching helper process for spawning children vivado processes
INFO: [Synth 8-7075] Helper process launched with PID 53699
---------------------------------------------------------------------------------
Starting RTL Elaboration : Time (s): cpu = 00:00:03 ; elapsed = 00:00:03 . Memory (MB): peak = 1974.855 ; gain = 420.828 ; free physical = 562 ; free virtual = 11718
---------------------------------------------------------------------------------
INFO: [Synth 8-6157] synthesizing module 'design_1_sensor_stream_0_0' [/home/mirai/Documents/Projects/Aging_Fase2/failure_catch/aging_failure_holder/Aging-dynamic/vivado_project/aging-study/aging-study.gen/sources_1/bd/design_1/ip/design_1_sensor_stream_0_0/synth/design_1_sensor_stream_0_0.v:53]
INFO: [Synth 8-6157] synthesizing module 'sensor_stream' [/home/mirai/Documents/Projects/Aging_Fase2/failure_catch/aging_failure_holder/Aging-dynamic/vivado_project/aging-study/aging-study.srcs/sources_1/imports/Projects/uart_test/uart_test.srcs/sources_1/new/sensor_stream.v:23]
	Parameter BAUDRATE bound to: 9600 - type: integer 
	Parameter CLK_FREQ bound to: 100000000 - type: integer 
	Parameter COUNT bound to: 104160 - type: integer 
INFO: [Synth 8-6155] done synthesizing module 'sensor_stream' (0#1) [/home/mirai/Documents/Projects/Aging_Fase2/failure_catch/aging_failure_holder/Aging-dynamic/vivado_project/aging-study/aging-study.srcs/sources_1/imports/Projects/uart_test/uart_test.srcs/sources_1/new/sensor_stream.v:23]
INFO: [Synth 8-6155] done synthesizing module 'design_1_sensor_stream_0_0' (0#1) [/home/mirai/Documents/Projects/Aging_Fase2/failure_catch/aging_failure_holder/Aging-dynamic/vivado_project/aging-study/aging-study.gen/sources_1/bd/design_1/ip/design_1_sensor_stream_0_0/synth/design_1_sensor_stream_0_0.v:53]
---------------------------------------------------------------------------------
Finished RTL Elaboration : Time (s): cpu = 00:00:04 ; elapsed = 00:00:04 . Memory (MB): peak = 2047.793 ; gain = 493.766 ; free physical = 479 ; free virtual = 11635
---------------------------------------------------------------------------------
---------------------------------------------------------------------------------
Start Handling Custom Attributes
---------------------------------------------------------------------------------
---------------------------------------------------------------------------------
Finished Handling Custom Attributes : Time (s): cpu = 00:00:04 ; elapsed = 00:00:04 . Memory (MB): peak = 2065.605 ; gain = 511.578 ; free physical = 475 ; free virtual = 11632
---------------------------------------------------------------------------------
---------------------------------------------------------------------------------
Finished RTL Optimization Phase 1 : Time (s): cpu = 00:00:04 ; elapsed = 00:00:04 . Memory (MB): peak = 2065.605 ; gain = 511.578 ; free physical = 475 ; free virtual = 11632
---------------------------------------------------------------------------------
Netlist sorting complete. Time (s): cpu = 00:00:00 ; elapsed = 00:00:00 . Memory (MB): peak = 2065.605 ; gain = 0.000 ; free physical = 475 ; free virtual = 11632
INFO: [Project 1-570] Preparing netlist for logic optimization

Processing XDC Constraints
Initializing timing engine
Completed Processing XDC Constraints

Netlist sorting complete. Time (s): cpu = 00:00:00 ; elapsed = 00:00:00 . Memory (MB): peak = 2176.344 ; gain = 0.000 ; free physical = 459 ; free virtual = 11616
INFO: [Project 1-111] Unisim Transformation Summary:
No Unisim elements were transformed.

Constraint Validation Runtime : Time (s): cpu = 00:00:00.01 ; elapsed = 00:00:00.01 . Memory (MB): peak = 2176.344 ; gain = 0.000 ; free physical = 459 ; free virtual = 11616
INFO: [Designutils 20-5008] Incremental synthesis strategy off
---------------------------------------------------------------------------------
Finished Constraint Validation : Time (s): cpu = 00:00:08 ; elapsed = 00:00:08 . Memory (MB): peak = 2176.344 ; gain = 622.316 ; free physical = 507 ; free virtual = 11656
---------------------------------------------------------------------------------
---------------------------------------------------------------------------------
Start Loading Part and Timing Information
---------------------------------------------------------------------------------
Loading part: xc7a100tcsg324-1
---------------------------------------------------------------------------------
Finished Loading Part and Timing Information : Time (s): cpu = 00:00:08 ; elapsed = 00:00:08 . Memory (MB): peak = 2184.348 ; gain = 630.320 ; free physical = 507 ; free virtual = 11656
---------------------------------------------------------------------------------
---------------------------------------------------------------------------------
Start Applying 'set_property' XDC Constraints
---------------------------------------------------------------------------------
---------------------------------------------------------------------------------
Finished applying 'set_property' XDC Constraints : Time (s): cpu = 00:00:08 ; elapsed = 00:00:08 . Memory (MB): peak = 2184.348 ; gain = 630.320 ; free physical = 507 ; free virtual = 11656
---------------------------------------------------------------------------------
---------------------------------------------------------------------------------
Finished RTL Optimization Phase 2 : Time (s): cpu = 00:00:08 ; elapsed = 00:00:08 . Memory (MB): peak = 2184.348 ; gain = 630.320 ; free physical = 505 ; free virtual = 11655
---------------------------------------------------------------------------------
---------------------------------------------------------------------------------
Start RTL Component Statistics 
---------------------------------------------------------------------------------
Detailed RTL Component Info : 
+---Adders : 
	   2 Input    4 Bit       Adders := 1     
+---Registers : 
	                8 Bit    Registers := 1     
	                4 Bit    Registers := 1     
	                1 Bit    Registers := 3     
+---Muxes : 
	   2 Input    4 Bit        Muxes := 1     
	  10 Input    1 Bit        Muxes := 4     
	   2 Input    1 Bit        Muxes := 6     
---------------------------------------------------------------------------------
Finished RTL Component Statistics 
---------------------------------------------------------------------------------
---------------------------------------------------------------------------------
Start Part Resource Summary
---------------------------------------------------------------------------------
Part Resources:
DSPs: 240 (col length:80)
BRAMs: 270 (col length: RAMB18 80 RAMB36 40)
---------------------------------------------------------------------------------
Finished Part Resource Summary
---------------------------------------------------------------------------------
---------------------------------------------------------------------------------
Start Cross Boundary and Area Optimization
---------------------------------------------------------------------------------
WARNING: [Synth 8-7080] Parallel synthesis criteria is not met
---------------------------------------------------------------------------------
Finished Cross Boundary and Area Optimization : Time (s): cpu = 00:00:09 ; elapsed = 00:00:09 . Memory (MB): peak = 2184.348 ; gain = 630.320 ; free physical = 502 ; free virtual = 11660
---------------------------------------------------------------------------------
---------------------------------------------------------------------------------
Start Applying XDC Timing Constraints
---------------------------------------------------------------------------------
---------------------------------------------------------------------------------
Finished Applying XDC Timing Constraints : Time (s): cpu = 00:00:13 ; elapsed = 00:00:13 . Memory (MB): peak = 2211.348 ; gain = 657.320 ; free physical = 400 ; free virtual = 11557
---------------------------------------------------------------------------------
---------------------------------------------------------------------------------
Start Timing Optimization
---------------------------------------------------------------------------------
---------------------------------------------------------------------------------
Finished Timing Optimization : Time (s): cpu = 00:00:13 ; elapsed = 00:00:13 . Memory (MB): peak = 2211.348 ; gain = 657.320 ; free physical = 400 ; free virtual = 11557
---------------------------------------------------------------------------------
---------------------------------------------------------------------------------
Start Technology Mapping
---------------------------------------------------------------------------------
---------------------------------------------------------------------------------
Finished Technology Mapping : Time (s): cpu = 00:00:13 ; elapsed = 00:00:13 . Memory (MB): peak = 2221.371 ; gain = 667.344 ; free physical = 392 ; free virtual = 11550
---------------------------------------------------------------------------------
---------------------------------------------------------------------------------
Start IO Insertion
---------------------------------------------------------------------------------
---------------------------------------------------------------------------------
Start Flattening Before IO Insertion
---------------------------------------------------------------------------------
---------------------------------------------------------------------------------
Finished Flattening Before IO Insertion
---------------------------------------------------------------------------------
---------------------------------------------------------------------------------
Start Final Netlist Cleanup
---------------------------------------------------------------------------------
---------------------------------------------------------------------------------
Finished Final Netlist Cleanup
---------------------------------------------------------------------------------
---------------------------------------------------------------------------------
Finished IO Insertion : Time (s): cpu = 00:00:15 ; elapsed = 00:00:15 . Memory (MB): peak = 2390.184 ; gain = 836.156 ; free physical = 259 ; free virtual = 11416
---------------------------------------------------------------------------------
---------------------------------------------------------------------------------
Start Renaming Generated Instances
---------------------------------------------------------------------------------
---------------------------------------------------------------------------------
Finished Renaming Generated Instances : Time (s): cpu = 00:00:15 ; elapsed = 00:00:15 . Memory (MB): peak = 2390.184 ; gain = 836.156 ; free physical = 293 ; free virtual = 11411
---------------------------------------------------------------------------------
---------------------------------------------------------------------------------
Start Rebuilding User Hierarchy
---------------------------------------------------------------------------------
---------------------------------------------------------------------------------
Finished Rebuilding User Hierarchy : Time (s): cpu = 00:00:15 ; elapsed = 00:00:15 . Memory (MB): peak = 2390.184 ; gain = 836.156 ; free physical = 293 ; free virtual = 11411
---------------------------------------------------------------------------------
---------------------------------------------------------------------------------
Start Renaming Generated Ports
---------------------------------------------------------------------------------
---------------------------------------------------------------------------------
Finished Renaming Generated Ports : Time (s): cpu = 00:00:15 ; elapsed = 00:00:15 . Memory (MB): peak = 2390.184 ; gain = 836.156 ; free physical = 293 ; free virtual = 11411
---------------------------------------------------------------------------------
---------------------------------------------------------------------------------
Start Handling Custom Attributes
---------------------------------------------------------------------------------
---------------------------------------------------------------------------------
Finished Handling Custom Attributes : Time (s): cpu = 00:00:15 ; elapsed = 00:00:15 . Memory (MB): peak = 2390.184 ; gain = 836.156 ; free physical = 293 ; free virtual = 11411
---------------------------------------------------------------------------------
---------------------------------------------------------------------------------
Start Renaming Generated Nets
---------------------------------------------------------------------------------
---------------------------------------------------------------------------------
Finished Renaming Generated Nets : Time (s): cpu = 00:00:15 ; elapsed = 00:00:15 . Memory (MB): peak = 2390.184 ; gain = 836.156 ; free physical = 293 ; free virtual = 11411
---------------------------------------------------------------------------------
---------------------------------------------------------------------------------
Start Writing Synthesis Report
---------------------------------------------------------------------------------

Report BlackBoxes: 
+-+--------------+----------+
| |BlackBox name |Instances |
+-+--------------+----------+
+-+--------------+----------+

Report Cell Usage: 
+------+-------+------+
|      |Cell   |Count |
+------+-------+------+
|1     |CARRY4 |     5|
|2     |LUT1   |     1|
|3     |LUT2   |    20|
|4     |LUT3   |     4|
|5     |LUT4   |    11|
|6     |LUT6   |    21|
|7     |FDCE   |    32|
+------+-------+------+
---------------------------------------------------------------------------------
Finished Writing Synthesis Report : Time (s): cpu = 00:00:15 ; elapsed = 00:00:15 . Memory (MB): peak = 2390.184 ; gain = 836.156 ; free physical = 293 ; free virtual = 11411
---------------------------------------------------------------------------------
Synthesis finished with 0 errors, 0 critical warnings and 1 warnings.
Synthesis Optimization Runtime : Time (s): cpu = 00:00:14 ; elapsed = 00:00:14 . Memory (MB): peak = 2390.184 ; gain = 725.418 ; free physical = 293 ; free virtual = 11411
Synthesis Optimization Complete : Time (s): cpu = 00:00:15 ; elapsed = 00:00:15 . Memory (MB): peak = 2390.191 ; gain = 836.156 ; free physical = 293 ; free virtual = 11411
INFO: [Project 1-571] Translating synthesized netlist
Netlist sorting complete. Time (s): cpu = 00:00:00 ; elapsed = 00:00:00 . Memory (MB): peak = 2390.191 ; gain = 0.000 ; free physical = 293 ; free virtual = 11411
INFO: [Netlist 29-17] Analyzing 5 Unisim elements for replacement
INFO: [Netlist 29-28] Unisim Transformation completed in 0 CPU seconds
INFO: [Project 1-570] Preparing netlist for logic optimization
INFO: [Opt 31-138] Pushed 0 inverter(s) to 0 load pin(s).
Netlist sorting complete. Time (s): cpu = 00:00:00 ; elapsed = 00:00:00 . Memory (MB): peak = 2446.211 ; gain = 0.000 ; free physical = 458 ; free virtual = 11576
INFO: [Project 1-111] Unisim Transformation Summary:
No Unisim elements were transformed.

Synth Design complete | Checksum: bafa79bc
INFO: [Common 17-83] Releasing license: Synthesis
22 Infos, 1 Warnings, 0 Critical Warnings and 0 Errors encountered.
synth_design completed successfully
synth_design: Time (s): cpu = 00:00:22 ; elapsed = 00:00:20 . Memory (MB): peak = 2446.211 ; gain = 991.730 ; free physical = 458 ; free virtual = 11576
INFO: [Common 17-2834] synth_design peak Physical Memory [PSS] (MB): overall = 1575.585; main = 1575.585; forked = 268.514
INFO: [Common 17-2834] synth_design peak Virtual Memory [VSS] (MB): overall = 3130.102; main = 2446.215; forked = 945.750
Write ShapeDB Complete: Time (s): cpu = 00:00:00 ; elapsed = 00:00:00 . Memory (MB): peak = 2470.223 ; gain = 0.000 ; free physical = 458 ; free virtual = 11576
INFO: [Common 17-1381] The checkpoint '/home/mirai/Documents/Projects/Aging_Fase2/failure_catch/aging_failure_holder/Aging-dynamic/vivado_project/aging-study/aging-study.runs/design_1_sensor_stream_0_0_synth_1/design_1_sensor_stream_0_0.dcp' has been generated.
INFO: [Vivado 12-24828] Executing command : report_utilization -file design_1_sensor_stream_0_0_utilization_synth.rpt -pb design_1_sensor_stream_0_0_utilization_synth.pb
INFO: [Common 17-206] Exiting Vivado at Wed May 14 18:07:50 2025...
