Copyright 1986-2022 Xilinx, Inc. All Rights Reserved. Copyright 2022-2025 Advanced Micro Devices, Inc. All Rights Reserved.
---------------------------------------------------------------------------------------------------------------------------------------------
| Tool Version : Vivado v.2025.2 (lin64) Build 6299465 Fri Nov 14 12:34:56 MST 2025
| Date         : Fri Dec 19 23:36:06 2025
| Host         : dan-alencar running 64-bit Linux Mint 22.2
| Command      : report_utilization -file croc_xilinx_utilization_placed.rpt -pb croc_xilinx_utilization_placed.pb
| Design       : croc_xilinx
| Device       : xcau15p-ffvb676-1-i
| Speed File   : -1
| Design State : Fully Placed
---------------------------------------------------------------------------------------------------------------------------------------------

Utilization Design Information

Table of Contents
-----------------
1. CLB Logic
1.1 Summary of Registers by Type
2. CLB Logic Distribution
3. BLOCKRAM
4. ARITHMETIC
5. I/O
6. CLOCK
7. ADVANCED
8. CONFIGURATION
9. Primitives
10. Black Boxes
11. Instantiated Netlists

1. CLB Logic
------------

+-------------------------+------+-------+------------+-----------+-------+
|        Site Type        | Used | Fixed | Prohibited | Available | Util% |
+-------------------------+------+-------+------------+-----------+-------+
| CLB LUTs                | 5991 |     0 |          0 |     77760 |  7.70 |
|   LUT as Logic          | 5991 |     0 |          0 |     77760 |  7.70 |
|   LUT as Memory         |    0 |     0 |          0 |     40320 |  0.00 |
| CLB Registers           | 4824 |     0 |          0 |    155520 |  3.10 |
|   Register as Flip Flop | 4824 |     0 |          0 |    155520 |  3.10 |
|   Register as Latch     |    0 |     0 |          0 |    155520 |  0.00 |
| CARRY8                  |  122 |     0 |          0 |      9720 |  1.26 |
| F7 Muxes                |  444 |     0 |          0 |     38880 |  1.14 |
| F8 Muxes                |   84 |     0 |          0 |     19440 |  0.43 |
| F9 Muxes                |    0 |     0 |          0 |      9720 |  0.00 |
| Unique Control Sets     |  301 |       |          0 |     19440 |  1.55 |
+-------------------------+------+-------+------------+-----------+-------+
* Warning! LUT value is adjusted to account for LUT combining.
** Note: Available Control Sets calculated as Slices * 2, Review the Control Sets Report for more information regarding control sets.


1.1 Summary of Registers by Type
--------------------------------

+-------+--------------+-------------+--------------+
| Total | Clock Enable | Synchronous | Asynchronous |
+-------+--------------+-------------+--------------+
| 0     |            _ |           - |            - |
| 0     |            _ |           - |          Set |
| 0     |            _ |           - |        Reset |
| 0     |            _ |         Set |            - |
| 0     |            _ |       Reset |            - |
| 0     |          Yes |           - |            - |
| 25    |          Yes |           - |          Set |
| 4620  |          Yes |           - |        Reset |
| 0     |          Yes |         Set |            - |
| 179   |          Yes |       Reset |            - |
+-------+--------------+-------------+--------------+


2. CLB Logic Distribution
-------------------------

+--------------------------------------------+------+-------+------------+-----------+-------+
|                  Site Type                 | Used | Fixed | Prohibited | Available | Util% |
+--------------------------------------------+------+-------+------------+-----------+-------+
| CLB                                        | 1268 |     0 |          0 |      9720 | 13.05 |
|   CLBL                                     |  663 |     0 |            |           |       |
|   CLBM                                     |  605 |     0 |            |           |       |
| LUT as Logic                               | 5991 |     0 |          0 |     77760 |  7.70 |
|   using O5 output only                     |   48 |       |            |           |       |
|   using O6 output only                     | 4842 |       |            |           |       |
|   using O5 and O6                          | 1101 |       |            |           |       |
| LUT as Memory                              |    0 |     0 |          0 |     40320 |  0.00 |
|   LUT as Distributed RAM                   |    0 |     0 |            |           |       |
|     using O5 output only                   |    0 |       |            |           |       |
|     using O6 output only                   |    0 |       |            |           |       |
|     using O5 and O6                        |    0 |       |            |           |       |
|   LUT as Shift Register                    |    0 |     0 |            |           |       |
|     using O5 output only                   |    0 |       |            |           |       |
|     using O6 output only                   |    0 |       |            |           |       |
|     using O5 and O6                        |    0 |       |            |           |       |
| CLB Registers                              | 4824 |     0 |          0 |    155520 |  3.10 |
|   Register driven from within the CLB      | 1630 |       |            |           |       |
|   Register driven from outside the CLB     | 3194 |       |            |           |       |
|     LUT in front of the register is unused | 1542 |       |            |           |       |
|     LUT in front of the register is used   | 1652 |       |            |           |       |
+--------------------------------------------+------+-------+------------+-----------+-------+


3. BLOCKRAM
-----------

+-------------------+------+-------+------------+-----------+-------+
|     Site Type     | Used | Fixed | Prohibited | Available | Util% |
+-------------------+------+-------+------------+-----------+-------+
| Block RAM Tile    |    2 |     0 |          0 |       144 |  1.39 |
|   RAMB36/FIFO*    |    2 |     0 |          0 |       144 |  1.39 |
|     RAMB36E2 only |    2 |       |            |           |       |
|   RAMB18          |    0 |     0 |          0 |       288 |  0.00 |
+-------------------+------+-------+------------+-----------+-------+
* Note: Each Block RAM Tile only has one FIFO logic available and therefore can accommodate only one FIFO36E2 or one FIFO18E2. However, if a FIFO18E2 occupies a Block RAM Tile, that tile can still accommodate a RAMB18E2


4. ARITHMETIC
-------------

+-----------+------+-------+------------+-----------+-------+
| Site Type | Used | Fixed | Prohibited | Available | Util% |
+-----------+------+-------+------------+-----------+-------+
| DSPs      |    0 |     0 |          0 |       576 |  0.00 |
+-----------+------+-------+------------+-----------+-------+


5. I/O
------

+------------------+------+-------+------------+-----------+-------+
|     Site Type    | Used | Fixed | Prohibited | Available | Util% |
+------------------+------+-------+------------+-----------+-------+
| Bonded IOB       |    8 |     8 |          0 |       228 |  3.51 |
|   HPIOB_M        |    1 |     1 |          0 |        72 |  1.39 |
|     INPUT        |    1 |       |            |           |       |
|     OUTPUT       |    0 |       |            |           |       |
|     BIDIR        |    0 |       |            |           |       |
|   HPIOB_S        |    4 |     4 |          0 |        72 |  5.56 |
|     INPUT        |    3 |       |            |           |       |
|     OUTPUT       |    1 |       |            |           |       |
|     BIDIR        |    0 |       |            |           |       |
|   HDIOB_M        |    2 |     2 |          0 |        36 |  5.56 |
|     INPUT        |    0 |       |            |           |       |
|     OUTPUT       |    2 |       |            |           |       |
|     BIDIR        |    0 |       |            |           |       |
|   HDIOB_S        |    1 |     1 |          0 |        36 |  2.78 |
|     INPUT        |    1 |       |            |           |       |
|     OUTPUT       |    0 |       |            |           |       |
|     BIDIR        |    0 |       |            |           |       |
|   HPIOB_SNGL     |    0 |     0 |          0 |        12 |  0.00 |
| HPIOBDIFFINBUF   |    1 |     1 |          0 |        72 |  1.39 |
|   DIFFINBUF      |    1 |     1 |            |           |       |
| HPIOBDIFFOUTBUF  |    0 |     0 |          0 |        72 |  0.00 |
| HDIOBDIFFINBUF   |    0 |     0 |          0 |        36 |  0.00 |
| BITSLICE_CONTROL |    0 |     0 |          0 |        24 |  0.00 |
| BITSLICE_RX_TX   |    0 |     0 |          0 |       936 |  0.00 |
| BITSLICE_TX      |    0 |     0 |          0 |        24 |  0.00 |
| RIU_OR           |    0 |     0 |          0 |        12 |  0.00 |
+------------------+------+-------+------------+-----------+-------+


6. CLOCK
--------

+------------+------+-------+------------+-----------+-------+
|  Site Type | Used | Fixed | Prohibited | Available | Util% |
+------------+------+-------+------------+-----------+-------+
| BUFGCE     |    1 |     0 |          0 |        84 |  1.19 |
| BUFGCE_DIV |    0 |     0 |          0 |        12 |  0.00 |
| BUFG_GT    |    0 |     0 |          0 |        72 |  0.00 |
| BUFGCTRL*  |    4 |     0 |          0 |        24 | 16.67 |
| PLL        |    0 |     0 |          0 |         6 |  0.00 |
| MMCM       |    1 |     0 |          0 |         3 | 33.33 |
+------------+------+-------+------------+-----------+-------+
* Note: Each used BUFGCTRL counts as two GLOBAL CLOCK BUFFERs. This table does not include global clocking resources, only buffer cell usage. See the Clock Utilization Report (report_clock_utilization) for detailed accounting of global clocking resource availability.


7. ADVANCED
-----------

+-----------------+------+-------+------------+-----------+-------+
|    Site Type    | Used | Fixed | Prohibited | Available | Util% |
+-----------------+------+-------+------------+-----------+-------+
| GTHE4_CHANNEL   |    0 |     0 |          0 |        12 |  0.00 |
| GTHE4_COMMON    |    0 |     0 |          0 |         3 |  0.00 |
| OBUFDS_GTE4     |    0 |     0 |          0 |         6 |  0.00 |
| OBUFDS_GTE4_ADV |    0 |     0 |          0 |         6 |  0.00 |
| PCIE4CE4        |    0 |     0 |          0 |         1 |  0.00 |
| SYSMONE4        |    0 |     0 |          0 |         1 |  0.00 |
+-----------------+------+-------+------------+-----------+-------+


8. CONFIGURATION
----------------

+-------------+------+-------+------------+-----------+-------+
|  Site Type  | Used | Fixed | Prohibited | Available | Util% |
+-------------+------+-------+------------+-----------+-------+
| BSCANE2     |    0 |     0 |          0 |         4 |  0.00 |
| DNA_PORTE2  |    0 |     0 |          0 |         1 |  0.00 |
| EFUSE_USR   |    0 |     0 |          0 |         1 |  0.00 |
| FRAME_ECCE4 |    0 |     0 |          0 |         1 |  0.00 |
| ICAPE3      |    0 |     0 |          0 |         2 |  0.00 |
| MASTER_JTAG |    0 |     0 |          0 |         1 |  0.00 |
| STARTUPE3   |    0 |     0 |          0 |         1 |  0.00 |
+-------------+------+-------+------------+-----------+-------+


9. Primitives
-------------

+------------+------+---------------------+
|  Ref Name  | Used | Functional Category |
+------------+------+---------------------+
| FDCE       | 4620 |            Register |
| LUT6       | 3197 |                 CLB |
| LUT5       | 1280 |                 CLB |
| LUT2       | 1022 |                 CLB |
| LUT3       |  766 |                 CLB |
| LUT4       |  755 |                 CLB |
| MUXF7      |  444 |                 CLB |
| FDRE       |  179 |            Register |
| CARRY8     |  122 |                 CLB |
| MUXF8      |   84 |                 CLB |
| LUT1       |   72 |                 CLB |
| FDPE       |   25 |            Register |
| IBUFCTRL   |    4 |              Others |
| BUFGCTRL   |    4 |               Clock |
| OBUF       |    3 |                 I/O |
| INBUF      |    3 |                 I/O |
| RAMB36E2   |    2 |            BLOCKRAM |
| MMCME4_ADV |    1 |               Clock |
| DIFFINBUF  |    1 |                 I/O |
| BUFGCE     |    1 |               Clock |
+------------+------+---------------------+


10. Black Boxes
---------------

+----------+------+
| Ref Name | Used |
+----------+------+


11. Instantiated Netlists
-------------------------

+----------+------+
| Ref Name | Used |
+----------+------+
| clk_wiz  |    1 |
+----------+------+


