#-----------------------------------------------------------
# Vivado v2025.1 (64-bit)
# SW Build 6140274 on Wed May 21 22:58:25 MDT 2025
# IP Build 6138677 on Thu May 22 03:10:11 MDT 2025
# SharedData Build 6139179 on Tue May 20 17:58:58 MDT 2025
# Start of session at: Tue Jan 13 21:42:23 2026
# Process ID         : 277387
# Current directory  : /home/danilo-alencar/Documents/GitHub/IC-Aging-Environment/App
# Command line       : vivado -mode batch -source /home/danilo-alencar/Documents/GitHub/IC-Aging-Environment/App/reset_fpga.tcl -tclargs /home/danilo-alencar/AGINGSENSORS/AGINGSENSORS.runs/impl_1/croc_xilinx.ltx
# Log file           : /home/danilo-alencar/Documents/GitHub/IC-Aging-Environment/App/vivado.log
# Journal file       : /home/danilo-alencar/Documents/GitHub/IC-Aging-Environment/App/vivado.jou
# Running On         : daniloalencar.lesc.ufc.br
# Platform           : Linuxmint
# Operating System   : Linux Mint 22.1
# Processor Detail   : Intel(R) Core(TM) i7-6700K CPU @ 4.00GHz
# CPU Frequency      : 4000.737 MHz
# CPU Physical cores : 4
# CPU Logical cores  : 8
# Host memory        : 33603 MB
# Swap memory        : 2147 MB
# Total Virtual      : 35751 MB
# Available Virtual  : 23911 MB
#-----------------------------------------------------------
source /home/danilo-alencar/Documents/GitHub/IC-Aging-Environment/App/reset_fpga.tcl
# if { $argc > 0 } {
#     set probes_file [lindex $argv 0]
# } else {
#     set probes_file ""
# }
# puts "============================================================"
============================================================
# puts "FPGA Soft Reset via VIO"
FPGA Soft Reset via VIO
# if { $probes_file != "" } {
#     puts "Probes File: $probes_file"
# }
Probes File: /home/danilo-alencar/AGINGSENSORS/AGINGSENSORS.runs/impl_1/croc_xilinx.ltx
# puts "============================================================"
============================================================
# open_hw_manager
# if { [catch {connect_hw_server -url localhost:3121 -allow_non_jtag} err] } {
#     if { [catch {connect_hw_server -url localhost:3121} err2] } {
#         puts "ERROR: Failed to connect to hardware server: $err2"
#         exit 1
#     }
# }
INFO: [Labtools 27-2285] Connecting to hw_server url TCP:localhost:3121
INFO: [Labtools 27-3415] Connecting to cs_server url TCP:localhost:0
INFO: [Labtools 27-3417] Launching cs_server...
INFO: [Labtools 27-2221] Launch Output:


******** Xilinx cs_server v2025.1.0
  ****** Build date   : May 13 2025-16:15:27
    **** Build number : 2025.1.1747163727
      ** Copyright 2017-2022 Xilinx, Inc. All Rights Reserved.
      ** Copyright 2022-2026 Advanced Micro Devices, Inc. All Rights Reserved.



# if { [catch {open_hw_target} err] } {
#     puts "ERROR: Failed to open hardware target: $err"
#     exit 1
# }
INFO: [Labtoolstcl 44-466] Opening hw_target localhost:3121/xilinx_tcf/Xilinx/0ABC01
# set devices [get_hw_devices]
# if { [llength $devices] == 0 } {
#     puts "ERROR: No FPGA devices found."
#     exit 1
# }
# set device [lindex $devices 0]
# current_hw_device $device
# puts "Selected device: $device"
Selected device: xcau15p_0
# if { $probes_file != "" && [file exists $probes_file] } {
#     puts "Setting PROBES.FILE to: $probes_file"
#     set_property PROBES.FILE $probes_file $device
# } else {
#     puts "WARNING: No probes file provided or file not found."
#     puts "Vivado might not match the VIO core correctly."
# }
Setting PROBES.FILE to: /home/danilo-alencar/AGINGSENSORS/AGINGSENSORS.runs/impl_1/croc_xilinx.ltx
# refresh_hw_device $device
ERROR: [Xicom 50-38] xicom: Device:0, user chain number:1, slave index:0. Reading intermittently wrong data from core. Try slower target speed. Make sure design meets timing requirements.
ERROR: [Xicom 50-38] xicom: Device:0, user chain number:1, slave index:0, is not a valid CseXsdb Slave core.
ERROR: [Labtools 27-3176] hw_server failed during internal command.
Resolution: Check that the hw_server is running and the hardware connectivity to the target
INFO: [Common 17-206] Exiting Vivado at Tue Jan 13 21:42:30 2026...
