Copyright 1986-2022 Xilinx, Inc. All Rights Reserved. Copyright 2022-2025 Advanced Micro Devices, Inc. All Rights Reserved.
---------------------------------------------------------------------------------------------------------------------------------------------
| Tool Version : Vivado v.2025.2 (lin64) Build 6299465 Fri Nov 14 12:34:56 MST 2025
| Date         : Sat Dec 27 23:13:02 2025
| Host         : dan-alencar running 64-bit Linux Mint 22.2
| Command      : report_utilization -file fpga_unified_top_utilization_placed.rpt -pb fpga_unified_top_utilization_placed.pb
| Design       : fpga_unified_top
| Device       : xcau15p-ffvb676-1-i
| Speed File   : -1
| Design State : Fully Placed
---------------------------------------------------------------------------------------------------------------------------------------------

Utilization Design Information

Table of Contents
-----------------
1. CLB Logic
1.1 Summary of Registers by Type
2. CLB Logic Distribution
3. BLOCKRAM
4. ARITHMETIC
5. I/O
6. CLOCK
7. ADVANCED
8. CONFIGURATION
9. Primitives
10. Black Boxes
11. Instantiated Netlists

1. CLB Logic
------------

+----------------------------+------+-------+------------+-----------+-------+
|          Site Type         | Used | Fixed | Prohibited | Available | Util% |
+----------------------------+------+-------+------------+-----------+-------+
| CLB LUTs                   |  982 |     0 |          0 |     77760 |  1.26 |
|   LUT as Logic             |  962 |     0 |          0 |     77760 |  1.24 |
|   LUT as Memory            |   20 |     0 |          0 |     40320 |  0.05 |
|     LUT as Distributed RAM |   20 |     0 |            |           |       |
|     LUT as Shift Register  |    0 |     0 |            |           |       |
| CLB Registers              | 1611 |     0 |          0 |    155520 |  1.04 |
|   Register as Flip Flop    | 1595 |     0 |          0 |    155520 |  1.03 |
|   Register as Latch        |   16 |     0 |          0 |    155520 |  0.01 |
| CARRY8                     |   24 |     0 |          0 |      9720 |  0.25 |
| F7 Muxes                   |    0 |     0 |          0 |     38880 |  0.00 |
| F8 Muxes                   |    0 |     0 |          0 |     19440 |  0.00 |
| F9 Muxes                   |    0 |     0 |          0 |      9720 |  0.00 |
| Unique Control Sets        |  104 |       |          0 |     19440 |  0.53 |
+----------------------------+------+-------+------------+-----------+-------+
* Warning! LUT value is adjusted to account for LUT combining.
** Note: Available Control Sets calculated as Slices * 2, Review the Control Sets Report for more information regarding control sets.


1.1 Summary of Registers by Type
--------------------------------

+-------+--------------+-------------+--------------+
| Total | Clock Enable | Synchronous | Asynchronous |
+-------+--------------+-------------+--------------+
| 0     |            _ |           - |            - |
| 0     |            _ |           - |          Set |
| 0     |            _ |           - |        Reset |
| 0     |            _ |         Set |            - |
| 0     |            _ |       Reset |            - |
| 0     |          Yes |           - |            - |
| 43    |          Yes |           - |          Set |
| 348   |          Yes |           - |        Reset |
| 10    |          Yes |         Set |            - |
| 1210  |          Yes |       Reset |            - |
+-------+--------------+-------------+--------------+


2. CLB Logic Distribution
-------------------------

+--------------------------------------------+------+-------+------------+-----------+-------+
|                  Site Type                 | Used | Fixed | Prohibited | Available | Util% |
+--------------------------------------------+------+-------+------------+-----------+-------+
| CLB                                        |  258 |     0 |          0 |      9720 |  2.65 |
|   CLBL                                     |  150 |     0 |            |           |       |
|   CLBM                                     |  108 |     0 |            |           |       |
| LUT as Logic                               |  962 |     0 |          0 |     77760 |  1.24 |
|   using O5 output only                     |   54 |       |            |           |       |
|   using O6 output only                     |  705 |       |            |           |       |
|   using O5 and O6                          |  203 |       |            |           |       |
| LUT as Memory                              |   20 |     0 |          0 |     40320 |  0.05 |
|   LUT as Distributed RAM                   |   20 |     0 |            |           |       |
|     using O5 output only                   |    0 |       |            |           |       |
|     using O6 output only                   |    0 |       |            |           |       |
|     using O5 and O6                        |   20 |       |            |           |       |
|   LUT as Shift Register                    |    0 |     0 |            |           |       |
|     using O5 output only                   |    0 |       |            |           |       |
|     using O6 output only                   |    0 |       |            |           |       |
|     using O5 and O6                        |    0 |       |            |           |       |
| CLB Registers                              | 1611 |     0 |          0 |    155520 |  1.04 |
|   Register driven from within the CLB      |  937 |       |            |           |       |
|   Register driven from outside the CLB     |  674 |       |            |           |       |
|     LUT in front of the register is unused |  553 |       |            |           |       |
|     LUT in front of the register is used   |  121 |       |            |           |       |
+--------------------------------------------+------+-------+------------+-----------+-------+


3. BLOCKRAM
-----------

+----------------+------+-------+------------+-----------+-------+
|    Site Type   | Used | Fixed | Prohibited | Available | Util% |
+----------------+------+-------+------------+-----------+-------+
| Block RAM Tile |    0 |     0 |          0 |       144 |  0.00 |
|   RAMB36/FIFO* |    0 |     0 |          0 |       144 |  0.00 |
|   RAMB18       |    0 |     0 |          0 |       288 |  0.00 |
+----------------+------+-------+------------+-----------+-------+
* Note: Each Block RAM Tile only has one FIFO logic available and therefore can accommodate only one FIFO36E2 or one FIFO18E2. However, if a FIFO18E2 occupies a Block RAM Tile, that tile can still accommodate a RAMB18E2


4. ARITHMETIC
-------------

+-----------+------+-------+------------+-----------+-------+
| Site Type | Used | Fixed | Prohibited | Available | Util% |
+-----------+------+-------+------------+-----------+-------+
| DSPs      |    0 |     0 |          0 |       576 |  0.00 |
+-----------+------+-------+------------+-----------+-------+


5. I/O
------

+------------------+------+-------+------------+-----------+-------+
|     Site Type    | Used | Fixed | Prohibited | Available | Util% |
+------------------+------+-------+------------+-----------+-------+
| Bonded IOB       |    8 |     8 |          0 |       228 |  3.51 |
|   HPIOB_M        |    1 |     1 |          0 |        72 |  1.39 |
|     INPUT        |    1 |       |            |           |       |
|     OUTPUT       |    0 |       |            |           |       |
|     BIDIR        |    0 |       |            |           |       |
|   HPIOB_S        |    4 |     4 |          0 |        72 |  5.56 |
|     INPUT        |    3 |       |            |           |       |
|     OUTPUT       |    1 |       |            |           |       |
|     BIDIR        |    0 |       |            |           |       |
|   HDIOB_M        |    2 |     2 |          0 |        36 |  5.56 |
|     INPUT        |    0 |       |            |           |       |
|     OUTPUT       |    2 |       |            |           |       |
|     BIDIR        |    0 |       |            |           |       |
|   HDIOB_S        |    1 |     1 |          0 |        36 |  2.78 |
|     INPUT        |    1 |       |            |           |       |
|     OUTPUT       |    0 |       |            |           |       |
|     BIDIR        |    0 |       |            |           |       |
|   HPIOB_SNGL     |    0 |     0 |          0 |        12 |  0.00 |
| HPIOBDIFFINBUF   |    1 |     1 |          0 |        72 |  1.39 |
|   DIFFINBUF      |    1 |     1 |            |           |       |
| HPIOBDIFFOUTBUF  |    0 |     0 |          0 |        72 |  0.00 |
| HDIOBDIFFINBUF   |    0 |     0 |          0 |        36 |  0.00 |
| BITSLICE_CONTROL |    0 |     0 |          0 |        24 |  0.00 |
| BITSLICE_RX_TX   |    0 |     0 |          0 |       936 |  0.00 |
| BITSLICE_TX      |    0 |     0 |          0 |        24 |  0.00 |
| RIU_OR           |    0 |     0 |          0 |        12 |  0.00 |
+------------------+------+-------+------------+-----------+-------+


6. CLOCK
--------

+------------+------+-------+------------+-----------+-------+
|  Site Type | Used | Fixed | Prohibited | Available | Util% |
+------------+------+-------+------------+-----------+-------+
| BUFGCE     |    3 |     0 |          0 |        84 |  3.57 |
| BUFGCE_DIV |    2 |     0 |          0 |        12 | 16.67 |
| BUFG_GT    |    0 |     0 |          0 |        72 |  0.00 |
| BUFGCTRL*  |    0 |     0 |          0 |        24 |  0.00 |
| PLL        |    0 |     0 |          0 |         6 |  0.00 |
| MMCM       |    1 |     0 |          0 |         3 | 33.33 |
+------------+------+-------+------------+-----------+-------+
* Note: Each used BUFGCTRL counts as two GLOBAL CLOCK BUFFERs. This table does not include global clocking resources, only buffer cell usage. See the Clock Utilization Report (report_clock_utilization) for detailed accounting of global clocking resource availability.


7. ADVANCED
-----------

+-----------------+------+-------+------------+-----------+--------+
|    Site Type    | Used | Fixed | Prohibited | Available |  Util% |
+-----------------+------+-------+------------+-----------+--------+
| GTHE4_CHANNEL   |    0 |     0 |          0 |        12 |   0.00 |
| GTHE4_COMMON    |    0 |     0 |          0 |         3 |   0.00 |
| OBUFDS_GTE4     |    0 |     0 |          0 |         6 |   0.00 |
| OBUFDS_GTE4_ADV |    0 |     0 |          0 |         6 |   0.00 |
| PCIE4CE4        |    0 |     0 |          0 |         1 |   0.00 |
| SYSMONE4        |    1 |     1 |          0 |         1 | 100.00 |
+-----------------+------+-------+------------+-----------+--------+


8. CONFIGURATION
----------------

+-------------+------+-------+------------+-----------+-------+
|  Site Type  | Used | Fixed | Prohibited | Available | Util% |
+-------------+------+-------+------------+-----------+-------+
| BSCANE2     |    1 |     0 |          0 |         4 | 25.00 |
| DNA_PORTE2  |    0 |     0 |          0 |         1 |  0.00 |
| EFUSE_USR   |    0 |     0 |          0 |         1 |  0.00 |
| FRAME_ECCE4 |    0 |     0 |          0 |         1 |  0.00 |
| ICAPE3      |    0 |     0 |          0 |         2 |  0.00 |
| MASTER_JTAG |    0 |     0 |          0 |         1 |  0.00 |
| STARTUPE3   |    0 |     0 |          0 |         1 |  0.00 |
+-------------+------+-------+------------+-----------+-------+


9. Primitives
-------------

+------------+------+---------------------+
|  Ref Name  | Used | Functional Category |
+------------+------+---------------------+
| FDRE       | 1210 |            Register |
| FDCE       |  332 |            Register |
| LUT4       |  310 |                 CLB |
| LUT6       |  274 |                 CLB |
| LUT5       |  172 |                 CLB |
| LUT3       |  171 |                 CLB |
| LUT2       |  157 |                 CLB |
| LUT1       |   81 |                 CLB |
| FDPE       |   43 |            Register |
| RAMD32     |   36 |                 CLB |
| CARRY8     |   24 |                 CLB |
| LDCE       |   16 |            Register |
| FDSE       |   10 |            Register |
| RAMS32     |    4 |                 CLB |
| IBUFCTRL   |    4 |              Others |
| OBUF       |    3 |                 I/O |
| INBUF      |    3 |                 I/O |
| BUFGCE     |    3 |               Clock |
| BUFGCE_DIV |    2 |               Clock |
| SYSMONE4   |    1 |            Advanced |
| MMCME4_ADV |    1 |               Clock |
| DIFFINBUF  |    1 |                 I/O |
| BSCANE2    |    1 |       Configuration |
+------------+------+---------------------+


10. Black Boxes
---------------

+----------+------+
| Ref Name | Used |
+----------+------+


11. Instantiated Netlists
-------------------------

+------------+------+
|  Ref Name  | Used |
+------------+------+
| xadc_wiz_0 |    1 |
| vio_0      |    1 |
| dbg_hub    |    1 |
| clk_wiz_0  |    1 |
+------------+------+


