
*** Running vivado
    with args -log fpga_unified_top.vds -m64 -product Vivado -mode batch -messageDb vivado.pb -notrace -source fpga_unified_top.tcl


****** Vivado v2025.2 (64-bit)
  **** SW Build 6299465 on Fri Nov 14 12:34:56 MST 2025
  **** IP Build 6300035 on Fri Nov 14 10:48:45 MST 2025
  **** SharedData Build 6298862 on Thu Nov 13 04:50:51 MST 2025
  **** Start of session at: Sat Dec 27 19:14:55 2025
    ** Copyright 1986-2022 Xilinx, Inc. All Rights Reserved.
    ** Copyright 2022-2025 Advanced Micro Devices, Inc. All Rights Reserved.

source fpga_unified_top.tcl -notrace
Command: read_checkpoint -auto_incremental -incremental /home/dan-alencar/Documents/GitHub/IC-Aging-Environment/sbcci_fpga_aging/sbcci_fpga_aging.srcs/utils_1/imports/synth_1/fpga_aging_top.dcp
INFO: [Vivado 12-5825] Read reference checkpoint from /home/dan-alencar/Documents/GitHub/IC-Aging-Environment/sbcci_fpga_aging/sbcci_fpga_aging.srcs/utils_1/imports/synth_1/fpga_aging_top.dcp for incremental synthesis
INFO: [Vivado 12-7989] Please ensure there are no constraint changes
Command: synth_design -top fpga_unified_top -part xcau15p-ffvb676-1-i
Starting synth_design
Attempting to get a license for feature 'Synthesis' and/or device 'xcau15p'
INFO: [Common 17-349] Got license for feature 'Synthesis' and/or device 'xcau15p'
INFO: [Device 21-403] Loading part xcau15p-ffvb676-1-i
INFO: [Designutils 20-5440] No compile time benefit to using incremental synthesis; A full resynthesis will be run
INFO: [Designutils 20-4379] Flow is switching to default flow due to incremental criteria not met. If you would like to alter this behaviour and have the flow terminate instead, please set the following parameter config_implementation {autoIncr.Synth.RejectBehavior Terminate}
INFO: [Synth 8-7079] Multithreading enabled for synth_design using a maximum of 7 processes.
INFO: [Synth 8-7078] Launching helper process for spawning children vivado processes
INFO: [Synth 8-7075] Helper process launched with PID 4023770
---------------------------------------------------------------------------------
Starting RTL Elaboration : Time (s): cpu = 00:00:03 ; elapsed = 00:00:03 . Memory (MB): peak = 2442.754 ; gain = 451.688 ; free physical = 6498 ; free virtual = 14069
---------------------------------------------------------------------------------
INFO: [Synth 8-6157] synthesizing module 'fpga_unified_top' [/home/dan-alencar/Documents/GitHub/IC-Aging-Environment/sbcci_fpga_aging/sbcci_fpga_aging.srcs/sources_1/new/fpga_unified_top.sv:7]
INFO: [Synth 8-6157] synthesizing module 'clk_wiz_0' [/home/dan-alencar/Documents/GitHub/IC-Aging-Environment/sbcci_fpga_aging/sbcci_fpga_aging.runs/synth_1/.Xil/Vivado-4023696-dan-alencar/realtime/clk_wiz_0_stub.v:6]
INFO: [Synth 8-6155] done synthesizing module 'clk_wiz_0' (0#1) [/home/dan-alencar/Documents/GitHub/IC-Aging-Environment/sbcci_fpga_aging/sbcci_fpga_aging.runs/synth_1/.Xil/Vivado-4023696-dan-alencar/realtime/clk_wiz_0_stub.v:6]
INFO: [Synth 8-6157] synthesizing module 'controller_controller' [/home/dan-alencar/Documents/GitHub/IC-Aging-Environment/sbcci_fpga_aging/sbcci_fpga_aging.srcs/sources_1/imports/sources_1/new/controller_controller.v:3]
INFO: [Synth 8-6155] done synthesizing module 'controller_controller' (0#1) [/home/dan-alencar/Documents/GitHub/IC-Aging-Environment/sbcci_fpga_aging/sbcci_fpga_aging.srcs/sources_1/imports/sources_1/new/controller_controller.v:3]
INFO: [Synth 8-6157] synthesizing module 'not_series' [/home/dan-alencar/Documents/GitHub/IC-Aging-Environment/sbcci_fpga_aging/sbcci_fpga_aging.srcs/sources_1/imports/sources_1/imports/Projects/aging_Nexys4DDR/aging_Nexys4DDR.srcs/sources_1/imports/new/nand_series.v:3]
	Parameter size bound to: 50 - type: integer 
INFO: [Synth 8-6157] synthesizing module 'LUT1' [/home/dan-alencar/2025.2/Vivado/scripts/rt/data/unisim_comp.v:95343]
	Parameter INIT bound to: 2'b01 
INFO: [Synth 8-6155] done synthesizing module 'LUT1' (0#1) [/home/dan-alencar/2025.2/Vivado/scripts/rt/data/unisim_comp.v:95343]
INFO: [Synth 8-6155] done synthesizing module 'not_series' (0#1) [/home/dan-alencar/Documents/GitHub/IC-Aging-Environment/sbcci_fpga_aging/sbcci_fpga_aging.srcs/sources_1/imports/sources_1/imports/Projects/aging_Nexys4DDR/aging_Nexys4DDR.srcs/sources_1/imports/new/nand_series.v:3]
INFO: [Synth 8-6157] synthesizing module 'modern_sensible' [/home/dan-alencar/Documents/GitHub/IC-Aging-Environment/sbcci_fpga_aging/sbcci_fpga_aging.srcs/sources_1/imports/sources_1/imports/Projects/aging_Nexys4DDR/aging_Nexys4DDR.srcs/sources_1/new/modern_sensible.v:3]
INFO: [Synth 8-6157] synthesizing module 'LUT2_L' [/home/dan-alencar/2025.2/Vivado/scripts/rt/data/unisim_comp.v:95403]
	Parameter INIT bound to: 4'b0110 
INFO: [Synth 8-6155] done synthesizing module 'LUT2_L' (0#1) [/home/dan-alencar/2025.2/Vivado/scripts/rt/data/unisim_comp.v:95403]
INFO: [Synth 8-6157] synthesizing module 'FDCE' [/home/dan-alencar/2025.2/Vivado/scripts/rt/data/unisim_comp.v:49180]
	Parameter INIT bound to: 1'b0 
INFO: [Synth 8-6155] done synthesizing module 'FDCE' (0#1) [/home/dan-alencar/2025.2/Vivado/scripts/rt/data/unisim_comp.v:49180]
INFO: [Synth 8-6155] done synthesizing module 'modern_sensible' (0#1) [/home/dan-alencar/Documents/GitHub/IC-Aging-Environment/sbcci_fpga_aging/sbcci_fpga_aging.srcs/sources_1/imports/sources_1/imports/Projects/aging_Nexys4DDR/aging_Nexys4DDR.srcs/sources_1/new/modern_sensible.v:3]
INFO: [Synth 8-6157] synthesizing module 'holder_button' [/home/dan-alencar/Documents/GitHub/IC-Aging-Environment/sbcci_fpga_aging/sbcci_fpga_aging.srcs/sources_1/imports/sources_1/new/holder_button.v:3]
INFO: [Synth 8-6155] done synthesizing module 'holder_button' (0#1) [/home/dan-alencar/Documents/GitHub/IC-Aging-Environment/sbcci_fpga_aging/sbcci_fpga_aging.srcs/sources_1/imports/sources_1/new/holder_button.v:3]
INFO: [Synth 8-6157] synthesizing module 'uart_router' [/home/dan-alencar/Documents/GitHub/IC-Aging-Environment/sbcci_fpga_aging/sbcci_fpga_aging.srcs/sources_1/imports/rtl/uart_router.sv:3]
	Parameter CLK_FREQ bound to: 32'sb00000101111101011110000100000000 
	Parameter BAUD_RATE bound to: 32'sb00000000000000011110100001001000 
INFO: [Synth 8-155] case statement is not full and has no default [/home/dan-alencar/Documents/GitHub/IC-Aging-Environment/sbcci_fpga_aging/sbcci_fpga_aging.srcs/sources_1/imports/rtl/uart_router.sv:55]
INFO: [Synth 8-6155] done synthesizing module 'uart_router' (0#1) [/home/dan-alencar/Documents/GitHub/IC-Aging-Environment/sbcci_fpga_aging/sbcci_fpga_aging.srcs/sources_1/imports/rtl/uart_router.sv:3]
INFO: [Synth 8-6157] synthesizing module 'sysmon_monitor_fixed' [/home/dan-alencar/Documents/GitHub/IC-Aging-Environment/sbcci_fpga_aging/sbcci_fpga_aging.srcs/sources_1/new/sysmon_monitor.sv:9]
	Parameter CLK_FREQ bound to: 32'sb00000101111101011110000100000000 
	Parameter BAUD_RATE bound to: 32'sb00000000000000011110100001001000 
INFO: [Synth 8-6157] synthesizing module 'xadc_wiz_0' [/home/dan-alencar/Documents/GitHub/IC-Aging-Environment/sbcci_fpga_aging/sbcci_fpga_aging.runs/synth_1/.Xil/Vivado-4023696-dan-alencar/realtime/xadc_wiz_0_stub.v:6]
INFO: [Synth 8-6155] done synthesizing module 'xadc_wiz_0' (0#1) [/home/dan-alencar/Documents/GitHub/IC-Aging-Environment/sbcci_fpga_aging/sbcci_fpga_aging.runs/synth_1/.Xil/Vivado-4023696-dan-alencar/realtime/xadc_wiz_0_stub.v:6]
INFO: [Synth 8-6155] done synthesizing module 'sysmon_monitor_fixed' (0#1) [/home/dan-alencar/Documents/GitHub/IC-Aging-Environment/sbcci_fpga_aging/sbcci_fpga_aging.srcs/sources_1/new/sysmon_monitor.sv:9]
WARNING: [Synth 8-4446] all outputs are unconnected for this instance and logic may be removed [/home/dan-alencar/Documents/GitHub/IC-Aging-Environment/sbcci_fpga_aging/sbcci_fpga_aging.srcs/sources_1/new/fpga_unified_top.sv:171]
INFO: [Synth 8-6157] synthesizing module 'vio_0' [/home/dan-alencar/Documents/GitHub/IC-Aging-Environment/sbcci_fpga_aging/sbcci_fpga_aging.runs/synth_1/.Xil/Vivado-4023696-dan-alencar/realtime/vio_0_stub.v:6]
INFO: [Synth 8-6155] done synthesizing module 'vio_0' (0#1) [/home/dan-alencar/Documents/GitHub/IC-Aging-Environment/sbcci_fpga_aging/sbcci_fpga_aging.runs/synth_1/.Xil/Vivado-4023696-dan-alencar/realtime/vio_0_stub.v:6]
INFO: [Synth 8-6157] synthesizing module 'uart_arbiter' [/home/dan-alencar/Documents/GitHub/IC-Aging-Environment/sbcci_fpga_aging/sbcci_fpga_aging.srcs/sources_1/imports/rtl/uart_arbiter.sv:3]
INFO: [Synth 8-6155] done synthesizing module 'uart_arbiter' (0#1) [/home/dan-alencar/Documents/GitHub/IC-Aging-Environment/sbcci_fpga_aging/sbcci_fpga_aging.srcs/sources_1/imports/rtl/uart_arbiter.sv:3]
INFO: [Synth 8-6155] done synthesizing module 'fpga_unified_top' (0#1) [/home/dan-alencar/Documents/GitHub/IC-Aging-Environment/sbcci_fpga_aging/sbcci_fpga_aging.srcs/sources_1/new/fpga_unified_top.sv:7]
WARNING: [Synth 8-6014] Unused sequential element inc_count_reg was removed.  [/home/dan-alencar/Documents/GitHub/IC-Aging-Environment/sbcci_fpga_aging/sbcci_fpga_aging.srcs/sources_1/imports/sources_1/new/controller_controller.v:65]
WARNING: [Synth 8-6014] Unused sequential element monitor_locked_reg was removed.  [/home/dan-alencar/Documents/GitHub/IC-Aging-Environment/sbcci_fpga_aging/sbcci_fpga_aging.srcs/sources_1/imports/rtl/uart_arbiter.sv:32]
INFO: [Synth 8-6071] Mark debug on the nets applies keep_hierarchy on instance 'u_mon'. This will prevent further optimization [/home/dan-alencar/Documents/GitHub/IC-Aging-Environment/sbcci_fpga_aging/sbcci_fpga_aging.srcs/sources_1/new/fpga_unified_top.sv:155]
INFO: [Synth 8-6071] Mark debug on the nets applies keep_hierarchy on instance 'u_vio'. This will prevent further optimization [/home/dan-alencar/Documents/GitHub/IC-Aging-Environment/sbcci_fpga_aging/sbcci_fpga_aging.srcs/sources_1/new/fpga_unified_top.sv:171]
INFO: [Synth 8-6071] Mark debug on the nets applies keep_hierarchy on instance 'mgr'. This will prevent further optimization [/home/dan-alencar/Documents/GitHub/IC-Aging-Environment/sbcci_fpga_aging/sbcci_fpga_aging.srcs/sources_1/new/fpga_unified_top.sv:87]
INFO: [Synth 8-6071] Mark debug on the nets applies keep_hierarchy on instance 'clock_gen'. This will prevent further optimization [/home/dan-alencar/Documents/GitHub/IC-Aging-Environment/sbcci_fpga_aging/sbcci_fpga_aging.srcs/sources_1/new/fpga_unified_top.sv:23]
INFO: [Synth 8-6071] Mark debug on the nets applies keep_hierarchy on instance 'u_arb'. This will prevent further optimization [/home/dan-alencar/Documents/GitHub/IC-Aging-Environment/sbcci_fpga_aging/sbcci_fpga_aging.srcs/sources_1/new/fpga_unified_top.sv:188]
INFO: [Synth 8-6071] Mark debug on the nets applies keep_hierarchy on instance 'u_router'. This will prevent further optimization [/home/dan-alencar/Documents/GitHub/IC-Aging-Environment/sbcci_fpga_aging/sbcci_fpga_aging.srcs/sources_1/new/fpga_unified_top.sv:135]
INFO: [Synth 8-6071] Mark debug on the nets applies keep_hierarchy on instance 'hld'. This will prevent further optimization [/home/dan-alencar/Documents/GitHub/IC-Aging-Environment/sbcci_fpga_aging/sbcci_fpga_aging.srcs/sources_1/new/fpga_unified_top.sv:117]
WARNING: [Synth 8-7129] Port heartbeat_pin in module uart_router is either unconnected or has no load
---------------------------------------------------------------------------------
Finished RTL Elaboration : Time (s): cpu = 00:00:04 ; elapsed = 00:00:04 . Memory (MB): peak = 2540.723 ; gain = 549.656 ; free physical = 6515 ; free virtual = 14088
---------------------------------------------------------------------------------
---------------------------------------------------------------------------------
Start Handling Custom Attributes
---------------------------------------------------------------------------------
---------------------------------------------------------------------------------
Finished Handling Custom Attributes : Time (s): cpu = 00:00:04 ; elapsed = 00:00:04 . Memory (MB): peak = 2549.629 ; gain = 558.562 ; free physical = 6530 ; free virtual = 14103
---------------------------------------------------------------------------------
---------------------------------------------------------------------------------
Finished RTL Optimization Phase 1 : Time (s): cpu = 00:00:04 ; elapsed = 00:00:04 . Memory (MB): peak = 2549.629 ; gain = 558.562 ; free physical = 6530 ; free virtual = 14103
---------------------------------------------------------------------------------
Netlist sorting complete. Time (s): cpu = 00:00:00 ; elapsed = 00:00:00.01 . Memory (MB): peak = 2552.598 ; gain = 0.000 ; free physical = 6544 ; free virtual = 14116
INFO: [Netlist 29-17] Analyzing 1 Unisim elements for replacement
INFO: [Netlist 29-28] Unisim Transformation completed in 0 CPU seconds
INFO: [Project 1-570] Preparing netlist for logic optimization

Processing XDC Constraints
Initializing timing engine
Parsing XDC File [/home/dan-alencar/Documents/GitHub/IC-Aging-Environment/sbcci_fpga_aging/sbcci_fpga_aging.gen/sources_1/ip/clk_wiz_0/clk_wiz_0/clk_wiz_0_in_context.xdc] for cell 'clock_gen'
create_clock: Time (s): cpu = 00:00:07 ; elapsed = 00:00:07 . Memory (MB): peak = 2649.398 ; gain = 23.812 ; free physical = 6510 ; free virtual = 14095
Finished Parsing XDC File [/home/dan-alencar/Documents/GitHub/IC-Aging-Environment/sbcci_fpga_aging/sbcci_fpga_aging.gen/sources_1/ip/clk_wiz_0/clk_wiz_0/clk_wiz_0_in_context.xdc] for cell 'clock_gen'
Parsing XDC File [/home/dan-alencar/Documents/GitHub/IC-Aging-Environment/sbcci_fpga_aging/sbcci_fpga_aging.gen/sources_1/ip/xadc_wiz_0/xadc_wiz_0/xadc_wiz_0_in_context.xdc] for cell 'u_mon/sysmon_inst'
Finished Parsing XDC File [/home/dan-alencar/Documents/GitHub/IC-Aging-Environment/sbcci_fpga_aging/sbcci_fpga_aging.gen/sources_1/ip/xadc_wiz_0/xadc_wiz_0/xadc_wiz_0_in_context.xdc] for cell 'u_mon/sysmon_inst'
Parsing XDC File [/home/dan-alencar/Documents/GitHub/IC-Aging-Environment/sbcci_fpga_aging/sbcci_fpga_aging.gen/sources_1/ip/vio_0/vio_0/vio_0_in_context.xdc] for cell 'u_vio'
Finished Parsing XDC File [/home/dan-alencar/Documents/GitHub/IC-Aging-Environment/sbcci_fpga_aging/sbcci_fpga_aging.gen/sources_1/ip/vio_0/vio_0/vio_0_in_context.xdc] for cell 'u_vio'
Parsing XDC File [/home/dan-alencar/Documents/GitHub/IC-Aging-Environment/sbcci_fpga_aging/sbcci_fpga_aging.srcs/constrs_1/imports/constraints/fpga_aging_constraints.xdc]
WARNING: [Vivado 12-584] No ports matched 'fpga_button'. [/home/dan-alencar/Documents/GitHub/IC-Aging-Environment/sbcci_fpga_aging/sbcci_fpga_aging.srcs/constrs_1/imports/constraints/fpga_aging_constraints.xdc:24]
WARNING: [Vivado 12-584] No ports matched 'fpga_button'. [/home/dan-alencar/Documents/GitHub/IC-Aging-Environment/sbcci_fpga_aging/sbcci_fpga_aging.srcs/constrs_1/imports/constraints/fpga_aging_constraints.xdc:25]
WARNING: [Vivado 12-507] No nets matched 'fpga_button_IBUF'. [/home/dan-alencar/Documents/GitHub/IC-Aging-Environment/sbcci_fpga_aging/sbcci_fpga_aging.srcs/constrs_1/imports/constraints/fpga_aging_constraints.xdc:46]
Finished Parsing XDC File [/home/dan-alencar/Documents/GitHub/IC-Aging-Environment/sbcci_fpga_aging/sbcci_fpga_aging.srcs/constrs_1/imports/constraints/fpga_aging_constraints.xdc]
WARNING: [Project 1-498] One or more constraints failed evaluation while reading constraint file [/home/dan-alencar/Documents/GitHub/IC-Aging-Environment/sbcci_fpga_aging/sbcci_fpga_aging.srcs/constrs_1/imports/constraints/fpga_aging_constraints.xdc] and the design contains unresolved black boxes. These constraints will be read post-synthesis (as long as their source constraint file is marked as used_in_implementation) and should be applied correctly then. You should review the constraints listed in the file [.Xil/fpga_unified_top_propImpl.xdc] and check the run log file to verify that these constraints were correctly applied.
INFO: [Project 1-236] Implementation specific constraints were found while reading constraint file [/home/dan-alencar/Documents/GitHub/IC-Aging-Environment/sbcci_fpga_aging/sbcci_fpga_aging.srcs/constrs_1/imports/constraints/fpga_aging_constraints.xdc]. These constraints will be ignored for synthesis but will be used in implementation. Impacted constraints are listed in the file [.Xil/fpga_unified_top_propImpl.xdc].
Resolution: To avoid this warning, move constraints listed in [.Xil/fpga_unified_top_propImpl.xdc] to another XDC file and exclude this new file from synthesis with the used_in_synthesis property (File Properties dialog in GUI) and re-run elaboration/synthesis.
Completed Processing XDC Constraints

Netlist sorting complete. Time (s): cpu = 00:00:00 ; elapsed = 00:00:00 . Memory (MB): peak = 2649.398 ; gain = 0.000 ; free physical = 6510 ; free virtual = 14095
INFO: [Project 1-111] Unisim Transformation Summary:
  A total of 1 instances were transformed.
  LUT2_L => LUT2: 1 instance 

Constraint Validation Runtime : Time (s): cpu = 00:00:00 ; elapsed = 00:00:00 . Memory (MB): peak = 2649.434 ; gain = 0.000 ; free physical = 6510 ; free virtual = 14095
INFO: [Designutils 20-5440] No compile time benefit to using incremental synthesis; A full resynthesis will be run
INFO: [Designutils 20-4379] Flow is switching to default flow due to incremental criteria not met. If you would like to alter this behaviour and have the flow terminate instead, please set the following parameter config_implementation {autoIncr.Synth.RejectBehavior Terminate}
---------------------------------------------------------------------------------
Finished Constraint Validation : Time (s): cpu = 00:00:15 ; elapsed = 00:00:15 . Memory (MB): peak = 2649.434 ; gain = 658.367 ; free physical = 6521 ; free virtual = 14099
---------------------------------------------------------------------------------
---------------------------------------------------------------------------------
Start Loading Part and Timing Information
---------------------------------------------------------------------------------
Loading part: xcau15p-ffvb676-1-i
INFO: [Synth 8-6742] Reading net delay rules and data
---------------------------------------------------------------------------------
Finished Loading Part and Timing Information : Time (s): cpu = 00:00:15 ; elapsed = 00:00:15 . Memory (MB): peak = 2657.402 ; gain = 666.336 ; free physical = 6521 ; free virtual = 14099
---------------------------------------------------------------------------------
---------------------------------------------------------------------------------
Start Applying 'set_property' XDC Constraints
---------------------------------------------------------------------------------
---------------------------------------------------------------------------------
Finished applying 'set_property' XDC Constraints : Time (s): cpu = 00:00:15 ; elapsed = 00:00:15 . Memory (MB): peak = 2657.402 ; gain = 666.336 ; free physical = 6521 ; free virtual = 14099
---------------------------------------------------------------------------------
INFO: [Synth 8-802] inferred FSM for state register 'state_reg' in module 'controller_controller'
INFO: [Synth 8-802] inferred FSM for state register 'tx_state_reg' in module 'uart_router'
INFO: [Synth 8-802] inferred FSM for state register 'state_reg' in module 'sysmon_monitor_fixed'
INFO: [Synth 8-802] inferred FSM for state register 'tx_state_reg' in module 'sysmon_monitor_fixed'
INFO: [Synth 8-802] inferred FSM for state register 'state_reg' in module 'uart_arbiter'
---------------------------------------------------------------------------------------------------
                   State |                     New Encoding |                Previous Encoding 
---------------------------------------------------------------------------------------------------
                    IDLE |                              000 |                              000
               STABILIZE |                              001 |                              001
             CHECK_ALARM |                              010 |                              010
                  LOCKED |                              011 |                              101
               SEND_DATA |                              100 |                              110
              INIT_SHIFT |                              101 |                              011
              WAIT_SHIFT |                              110 |                              100
---------------------------------------------------------------------------------------------------
INFO: [Synth 8-3354] encoded FSM with state register 'state_reg' using encoding 'sequential' in module 'controller_controller'
---------------------------------------------------------------------------------------------------
                   State |                     New Encoding |                Previous Encoding 
---------------------------------------------------------------------------------------------------
                 TX_IDLE |                               00 | 00000000000000000000000000000000
            TX_LOCK_CROC |                               01 | 00000000000000000000000000000001
             TX_LOCK_STM |                               10 | 00000000000000000000000000000010
---------------------------------------------------------------------------------------------------
INFO: [Synth 8-3354] encoded FSM with state register 'tx_state_reg' using encoding 'sequential' in module 'uart_router'
---------------------------------------------------------------------------------------------------
                   State |                     New Encoding |                Previous Encoding 
---------------------------------------------------------------------------------------------------
                    IDLE |                              000 |                              000
               READ_TEMP |                              001 |                              001
               WAIT_TEMP |                              010 |                              010
                READ_VCC |                              011 |                              011
                WAIT_VCC |                              100 |                              100
             SEND_PACKET |                              101 |                              101
---------------------------------------------------------------------------------------------------
INFO: [Synth 8-3354] encoded FSM with state register 'state_reg' using encoding 'sequential' in module 'sysmon_monitor_fixed'
---------------------------------------------------------------------------------------------------
                   State |                     New Encoding |                Previous Encoding 
---------------------------------------------------------------------------------------------------
                 TX_IDLE |                              000 |                             0000
           TX_START_BYTE |                              001 |                             0001
            TX_SEND_BITS |                              010 |                             0010
           TX_BYTE_DELAY |                              011 |                             0011
                 TX_DONE |                              100 |                             0100
---------------------------------------------------------------------------------------------------
INFO: [Synth 8-3354] encoded FSM with state register 'tx_state_reg' using encoding 'sequential' in module 'sysmon_monitor_fixed'
---------------------------------------------------------------------------------------------------
                   State |                     New Encoding |                Previous Encoding 
---------------------------------------------------------------------------------------------------
                ARB_IDLE |                               00 |                               00
                ARB_CROC |                               01 |                               01
             ARB_MONITOR |                               10 |                               10
---------------------------------------------------------------------------------------------------
INFO: [Synth 8-3354] encoded FSM with state register 'state_reg' using encoding 'sequential' in module 'uart_arbiter'
---------------------------------------------------------------------------------
Finished RTL Optimization Phase 2 : Time (s): cpu = 00:00:15 ; elapsed = 00:00:16 . Memory (MB): peak = 2657.402 ; gain = 666.336 ; free physical = 6522 ; free virtual = 14101
---------------------------------------------------------------------------------
---------------------------------------------------------------------------------
Start RTL Component Statistics 
---------------------------------------------------------------------------------
Detailed RTL Component Info : 
+---Adders : 
	   2 Input   32 Bit       Adders := 1     
	   2 Input   27 Bit       Adders := 1     
	   2 Input   16 Bit       Adders := 3     
	   2 Input   14 Bit       Adders := 1     
	   2 Input   13 Bit       Adders := 1     
	   2 Input   10 Bit       Adders := 2     
	   2 Input    7 Bit       Adders := 1     
	   2 Input    4 Bit       Adders := 2     
+---Registers : 
	               32 Bit    Registers := 3     
	               28 Bit    Registers := 1     
	               16 Bit    Registers := 8     
	               10 Bit    Registers := 1     
	                8 Bit    Registers := 2     
	                4 Bit    Registers := 3     
	                1 Bit    Registers := 16    
+---Muxes : 
	   2 Input   32 Bit        Muxes := 2     
	   3 Input   32 Bit        Muxes := 1     
	   5 Input   32 Bit        Muxes := 2     
	   2 Input   27 Bit        Muxes := 1     
	   7 Input   16 Bit        Muxes := 2     
	   6 Input   16 Bit        Muxes := 1     
	   2 Input   13 Bit        Muxes := 1     
	   2 Input   10 Bit        Muxes := 1     
	   5 Input   10 Bit        Muxes := 1     
	   7 Input    8 Bit        Muxes := 1     
	   6 Input    8 Bit        Muxes := 1     
	   5 Input    4 Bit        Muxes := 2     
	   7 Input    3 Bit        Muxes := 2     
	   2 Input    3 Bit        Muxes := 5     
	   6 Input    3 Bit        Muxes := 2     
	   5 Input    3 Bit        Muxes := 1     
	   3 Input    2 Bit        Muxes := 2     
	   2 Input    2 Bit        Muxes := 4     
	   7 Input    1 Bit        Muxes := 12    
	   2 Input    1 Bit        Muxes := 9     
	   3 Input    1 Bit        Muxes := 5     
	   6 Input    1 Bit        Muxes := 7     
	   5 Input    1 Bit        Muxes := 10    
---------------------------------------------------------------------------------
Finished RTL Component Statistics 
---------------------------------------------------------------------------------
---------------------------------------------------------------------------------
Start Part Resource Summary
---------------------------------------------------------------------------------
Part Resources:
DSPs: 576 (col length:72)
BRAMs: 288 (col length: RAMB18 72 RAMB36 36)
---------------------------------------------------------------------------------
Finished Part Resource Summary
---------------------------------------------------------------------------------
---------------------------------------------------------------------------------
Start Cross Boundary and Area Optimization
---------------------------------------------------------------------------------
WARNING: [Synth 8-7129] Port heartbeat_pin in module uart_router is either unconnected or has no load
WARNING: [Synth 8-3332] Sequential element (FSM_sequential_tx_state_reg[0]) is unused and will be removed from module uart_router.
---------------------------------------------------------------------------------
Finished Cross Boundary and Area Optimization : Time (s): cpu = 00:00:17 ; elapsed = 00:00:17 . Memory (MB): peak = 2657.402 ; gain = 666.336 ; free physical = 6474 ; free virtual = 14060
---------------------------------------------------------------------------------
---------------------------------------------------------------------------------
Start Applying XDC Timing Constraints
---------------------------------------------------------------------------------
---------------------------------------------------------------------------------
Finished Applying XDC Timing Constraints : Time (s): cpu = 00:00:18 ; elapsed = 00:00:19 . Memory (MB): peak = 2921.953 ; gain = 930.887 ; free physical = 6257 ; free virtual = 13842
---------------------------------------------------------------------------------
---------------------------------------------------------------------------------
Start Timing Optimization
---------------------------------------------------------------------------------
---------------------------------------------------------------------------------
Finished Timing Optimization : Time (s): cpu = 00:00:19 ; elapsed = 00:00:19 . Memory (MB): peak = 2922.953 ; gain = 931.887 ; free physical = 6257 ; free virtual = 13842
---------------------------------------------------------------------------------
---------------------------------------------------------------------------------
Start Technology Mapping
---------------------------------------------------------------------------------
---------------------------------------------------------------------------------
Finished Technology Mapping : Time (s): cpu = 00:00:19 ; elapsed = 00:00:19 . Memory (MB): peak = 2932.969 ; gain = 941.902 ; free physical = 6249 ; free virtual = 13834
---------------------------------------------------------------------------------
---------------------------------------------------------------------------------
Start IO Insertion
---------------------------------------------------------------------------------
---------------------------------------------------------------------------------
Start Flattening Before IO Insertion
---------------------------------------------------------------------------------
---------------------------------------------------------------------------------
Finished Flattening Before IO Insertion
---------------------------------------------------------------------------------
---------------------------------------------------------------------------------
Start Final Netlist Cleanup
---------------------------------------------------------------------------------
---------------------------------------------------------------------------------
Finished Final Netlist Cleanup
---------------------------------------------------------------------------------
WARNING: [Synth 8-5396] Clock pin C has keep related attribute (keep/mark_debug/dont_touch) which could create extra logic on its net [/home/dan-alencar/Documents/GitHub/IC-Aging-Environment/sbcci_fpga_aging/sbcci_fpga_aging.srcs/sources_1/imports/sources_1/new/controller_controller.v:66]
---------------------------------------------------------------------------------
Finished IO Insertion : Time (s): cpu = 00:00:21 ; elapsed = 00:00:22 . Memory (MB): peak = 3119.781 ; gain = 1128.715 ; free physical = 6089 ; free virtual = 13675
---------------------------------------------------------------------------------
---------------------------------------------------------------------------------
Start Renaming Generated Instances
---------------------------------------------------------------------------------
---------------------------------------------------------------------------------
Finished Renaming Generated Instances : Time (s): cpu = 00:00:21 ; elapsed = 00:00:22 . Memory (MB): peak = 3119.781 ; gain = 1128.715 ; free physical = 6089 ; free virtual = 13675
---------------------------------------------------------------------------------
---------------------------------------------------------------------------------
Start Rebuilding User Hierarchy
---------------------------------------------------------------------------------
---------------------------------------------------------------------------------
Finished Rebuilding User Hierarchy : Time (s): cpu = 00:00:21 ; elapsed = 00:00:22 . Memory (MB): peak = 3119.781 ; gain = 1128.715 ; free physical = 6089 ; free virtual = 13675
---------------------------------------------------------------------------------
---------------------------------------------------------------------------------
Start Renaming Generated Ports
---------------------------------------------------------------------------------
---------------------------------------------------------------------------------
Finished Renaming Generated Ports : Time (s): cpu = 00:00:21 ; elapsed = 00:00:22 . Memory (MB): peak = 3119.781 ; gain = 1128.715 ; free physical = 6089 ; free virtual = 13675
---------------------------------------------------------------------------------
---------------------------------------------------------------------------------
Start Handling Custom Attributes
---------------------------------------------------------------------------------
---------------------------------------------------------------------------------
Finished Handling Custom Attributes : Time (s): cpu = 00:00:21 ; elapsed = 00:00:22 . Memory (MB): peak = 3119.781 ; gain = 1128.715 ; free physical = 6089 ; free virtual = 13675
---------------------------------------------------------------------------------
---------------------------------------------------------------------------------
Start Renaming Generated Nets
---------------------------------------------------------------------------------
---------------------------------------------------------------------------------
Finished Renaming Generated Nets : Time (s): cpu = 00:00:21 ; elapsed = 00:00:22 . Memory (MB): peak = 3119.781 ; gain = 1128.715 ; free physical = 6089 ; free virtual = 13675
---------------------------------------------------------------------------------
---------------------------------------------------------------------------------
Start Writing Synthesis Report
---------------------------------------------------------------------------------

Report BlackBoxes: 
+------+--------------+----------+
|      |BlackBox name |Instances |
+------+--------------+----------+
|1     |clk_wiz_0     |         1|
|2     |xadc_wiz_0    |         1|
|3     |vio_0         |         1|
+------+--------------+----------+

Report Cell Usage: 
+------+---------+------+
|      |Cell     |Count |
+------+---------+------+
|1     |clk_wiz  |     1|
|2     |vio      |     1|
|3     |xadc_wiz |     1|
|4     |CARRY8   |    14|
|5     |LUT1     |    60|
|6     |LUT2     |    80|
|7     |LUT2_L   |     1|
|8     |LUT3     |    29|
|9     |LUT4     |    66|
|10    |LUT5     |    53|
|11    |LUT6     |    69|
|12    |FDCE     |   182|
|13    |FDRE     |    93|
|14    |FDSE     |    10|
|15    |IBUF     |     2|
|16    |OBUF     |     3|
+------+---------+------+
---------------------------------------------------------------------------------
Finished Writing Synthesis Report : Time (s): cpu = 00:00:21 ; elapsed = 00:00:22 . Memory (MB): peak = 3119.781 ; gain = 1128.715 ; free physical = 6089 ; free virtual = 13675
---------------------------------------------------------------------------------
Synthesis finished with 0 errors, 0 critical warnings and 3 warnings.
Synthesis Optimization Runtime : Time (s): cpu = 00:00:14 ; elapsed = 00:00:14 . Memory (MB): peak = 3119.781 ; gain = 1028.910 ; free physical = 6089 ; free virtual = 13675
Synthesis Optimization Complete : Time (s): cpu = 00:00:21 ; elapsed = 00:00:22 . Memory (MB): peak = 3119.781 ; gain = 1128.715 ; free physical = 6089 ; free virtual = 13675
INFO: [Project 1-571] Translating synthesized netlist
Netlist sorting complete. Time (s): cpu = 00:00:00 ; elapsed = 00:00:00 . Memory (MB): peak = 3119.781 ; gain = 0.000 ; free physical = 6089 ; free virtual = 13675
INFO: [Netlist 29-17] Analyzing 17 Unisim elements for replacement
INFO: [Netlist 29-28] Unisim Transformation completed in 0 CPU seconds
INFO: [Project 1-570] Preparing netlist for logic optimization
INFO: [Opt 31-138] Pushed 0 inverter(s) to 0 load pin(s).
Netlist sorting complete. Time (s): cpu = 00:00:00 ; elapsed = 00:00:00.01 . Memory (MB): peak = 3119.781 ; gain = 0.000 ; free physical = 6249 ; free virtual = 13835
INFO: [Project 1-111] Unisim Transformation Summary:
  A total of 3 instances were transformed.
  IBUF => IBUF (IBUFCTRL, INBUF): 2 instances
  LUT2_L => LUT2: 1 instance 

Synth Design complete | Checksum: 5068aa9f
INFO: [Common 17-83] Releasing license: Synthesis
70 Infos, 11 Warnings, 0 Critical Warnings and 0 Errors encountered.
synth_design completed successfully
synth_design: Time (s): cpu = 00:00:27 ; elapsed = 00:00:25 . Memory (MB): peak = 3119.781 ; gain = 1496.051 ; free physical = 6252 ; free virtual = 13833
INFO: [Common 17-2834] synth_design peak Physical Memory [PSS] (MB): overall = 2301.495; main = 2155.708; forked = 282.979
INFO: [Common 17-2834] synth_design peak Virtual Memory [VSS] (MB): overall = 4003.215; main = 3084.262; forked = 995.242
Write ShapeDB Complete: Time (s): cpu = 00:00:00.01 ; elapsed = 00:00:00 . Memory (MB): peak = 3119.781 ; gain = 0.000 ; free physical = 6252 ; free virtual = 13833
INFO: [Common 17-1381] The checkpoint '/home/dan-alencar/Documents/GitHub/IC-Aging-Environment/sbcci_fpga_aging/sbcci_fpga_aging.runs/synth_1/fpga_unified_top.dcp' has been generated.
INFO: [Vivado 12-24828] Executing command : report_utilization -file fpga_unified_top_utilization_synth.rpt -pb fpga_unified_top_utilization_synth.pb
INFO: [Common 17-206] Exiting Vivado at Sat Dec 27 19:15:24 2025...
