#-----------------------------------------------------------
# Vivado v2025.2 (64-bit)
# SW Build 6299465 on Fri Nov 14 12:34:56 MST 2025
# IP Build 6300035 on Fri Nov 14 10:48:45 MST 2025
# SharedData Build 6298862 on Thu Nov 13 04:50:51 MST 2025
# Start of session at: Tue Dec 23 19:58:59 2025
# Process ID         : 272022
# Current directory  : /home/dan-alencar/Documents/GitHub/IC-Aging-Environment/sbcci_fpga_aging
# Command line       : vivado -mode batch -source build12jobs.tcl -tclargs 12
# Log file           : /home/dan-alencar/Documents/GitHub/IC-Aging-Environment/sbcci_fpga_aging/vivado.log
# Journal file       : /home/dan-alencar/Documents/GitHub/IC-Aging-Environment/sbcci_fpga_aging/vivado.jou
# Running On         : dan-alencar
# Platform           : Linuxmint
# Operating System   : Linux Mint 22.2
# Processor Detail   : Intel(R) Core(TM) 5 210H
# CPU Frequency      : 400.257 MHz
# CPU Physical cores : 8
# CPU Logical cores  : 12
# Host memory        : 24783 MB
# Swap memory        : 2147 MB
# Total Virtual      : 26931 MB
# Available Virtual  : 18106 MB
#-----------------------------------------------------------
source build12jobs.tcl
# if { $argc > 0 } {
#     set num_jobs [lindex $argv 0]
# } else {
#     set num_jobs 12
# }
# puts "------------------------------------------------"
------------------------------------------------
# puts "  Starting build with $num_jobs parallel jobs..."
  Starting build with 12 parallel jobs...
# puts "------------------------------------------------"
------------------------------------------------
# reset_run synth_1
ERROR: [Common 17-53] User Exception: No open project. Please create or open a project before executing this command.
INFO: [Common 17-206] Exiting Vivado at Tue Dec 23 19:59:00 2025...
