2025-10-04 14:00:50,854 [INFO] Activator:176 - 


2025-10-04 14:00:50,859 [INFO] Activator:177 - !SESSION log4j initialized
2025-10-04 14:00:56,410 [INFO] LogOutputStream:77 - [STDOUT_REDIRECT] 
2025-10-04 14:00:57,151 [INFO] ApplicationProperties:184 - Using Application install path: /opt/st/stm32cubeide_1.19.0/plugins/com.st.stm32cube.common.mx_6.15.0.202507011659
2025-10-04 14:00:57,167 [INFO] DbMcusXml:78 - Set database path to: /opt/st/stm32cubeide_1.19.0/plugins/com.st.stm32cube.common.mx_6.15.0.202507011659//db//mcu/
2025-10-04 14:00:57,168 [INFO] ApiDb:274 - Set plugin database path to: /opt/st/stm32cubeide_1.19.0/plugins/com.st.stm32cube.common.mx_6.15.0.202507011659//db//plugins/boardmanager/
2025-10-04 14:00:57,168 [WARN] ApiDb:259 - Overriding images path with different value:  => /opt/st/stm32cubeide_1.19.0/plugins/com.st.stm32cube.common.mx_6.15.0.202507011659//db//plugins/mcufinder/images/
2025-10-04 14:00:57,173 [INFO] ApiDb:250 - Set database path to: /home/andre/.stmcufinder/plugins/mcufinder//mcu/
2025-10-04 14:00:57,175 [INFO] DbMcusAds:125 - Set database path to: /home/andre/.stmcufinder/plugins/mcufinder//mcu/
2025-10-04 14:00:57,177 [INFO] CrossReferenceDbSqlite:203 - Set database path to: /home/andre/.stmcufinder/plugins/mcufinder//mcu/cs/
2025-10-04 14:00:57,280 [INFO] RulesReader:64 - Compatibility file has been processed (317 Rules)
2025-10-04 14:00:57,339 [INFO] DbMcusXml:78 - Set database path to: /opt/st/stm32cubeide_1.19.0/plugins/com.st.stm32cube.common.mx_6.15.0.202507011659//db//mcu/
2025-10-04 14:00:57,339 [INFO] ApiDb:274 - Set plugin database path to: /opt/st/stm32cubeide_1.19.0/plugins/com.st.stm32cube.common.mx_6.15.0.202507011659//db//plugins/boardmanager/
2025-10-04 14:00:57,340 [INFO] ApiDb:261 - Set plugin images path to: /opt/st/stm32cubeide_1.19.0/plugins/com.st.stm32cube.common.mx_6.15.0.202507011659//db//plugins/mcufinder/images/
2025-10-04 14:00:57,340 [WARN] DbFile:41 - Overriding database path with different value: /home/andre/.stmcufinder/plugins/mcufinder/ => /home/andre/.stmcufinder/plugins/mcufinder
2025-10-04 14:00:57,340 [INFO] ApiDb:250 - Set database path to: /home/andre/.stmcufinder/plugins/mcufinder//mcu/
2025-10-04 14:00:57,340 [WARN] DbFile:41 - Overriding database path with different value: /home/andre/.stmcufinder/plugins/mcufinder/ => /home/andre/.stmcufinder/plugins/mcufinder
2025-10-04 14:00:57,340 [INFO] DbMcusAds:125 - Set database path to: /home/andre/.stmcufinder/plugins/mcufinder//mcu/
2025-10-04 14:00:57,340 [WARN] DbFile:41 - Overriding database path with different value: /home/andre/.stmcufinder/plugins/mcufinder/ => /home/andre/.stmcufinder/plugins/mcufinder
2025-10-04 14:00:57,340 [WARN] DbFile:41 - Overriding database path with different value: /home/andre/.stmcufinder/plugins/mcufinder/ => /home/andre/.stmcufinder/plugins/mcufinder
2025-10-04 14:00:57,340 [INFO] CrossReferenceDbSqlite:203 - Set database path to: /home/andre/.stmcufinder/plugins/mcufinder//mcu/cs/
2025-10-04 14:00:57,402 [INFO] MainPanel:274 - HeapMemory: 268435456
2025-10-04 14:00:57,551 [INFO] DbMcusXml:78 - Set database path to: /opt/st/stm32cubeide_1.19.0/plugins/com.st.stm32cube.common.mx_6.15.0.202507011659//db//mcu/
2025-10-04 14:00:57,551 [INFO] ApiDb:274 - Set plugin database path to: /opt/st/stm32cubeide_1.19.0/plugins/com.st.stm32cube.common.mx_6.15.0.202507011659//db//plugins/boardmanager/
2025-10-04 14:00:57,551 [INFO] ApiDb:261 - Set plugin images path to: /opt/st/stm32cubeide_1.19.0/plugins/com.st.stm32cube.common.mx_6.15.0.202507011659//db//plugins/mcufinder/images/
2025-10-04 14:00:57,551 [WARN] DbFile:41 - Overriding database path with different value: /home/andre/.stmcufinder/plugins/mcufinder/ => /home/andre/.stmcufinder/plugins/mcufinder
2025-10-04 14:00:57,551 [INFO] ApiDb:250 - Set database path to: /home/andre/.stmcufinder/plugins/mcufinder//mcu/
2025-10-04 14:00:57,551 [WARN] DbFile:41 - Overriding database path with different value: /home/andre/.stmcufinder/plugins/mcufinder/ => /home/andre/.stmcufinder/plugins/mcufinder
2025-10-04 14:00:57,551 [INFO] DbMcusAds:125 - Set database path to: /home/andre/.stmcufinder/plugins/mcufinder//mcu/
2025-10-04 14:00:57,552 [WARN] DbFile:41 - Overriding database path with different value: /home/andre/.stmcufinder/plugins/mcufinder/ => /home/andre/.stmcufinder/plugins/mcufinder
2025-10-04 14:00:57,552 [WARN] DbFile:41 - Overriding database path with different value: /home/andre/.stmcufinder/plugins/mcufinder/ => /home/andre/.stmcufinder/plugins/mcufinder
2025-10-04 14:00:57,552 [INFO] CrossReferenceDbSqlite:203 - Set database path to: /home/andre/.stmcufinder/plugins/mcufinder//mcu/cs/
2025-10-04 14:00:57,567 [INFO] ApplicationProperties:184 - Using Application install path: /opt/st/stm32cubeide_1.19.0/plugins/com.st.stm32cube.common.mx_6.15.0.202507011659
2025-10-04 14:00:57,570 [INFO] PluginManage:196 - Search for loadable plugins [exclusion list=, ]
2025-10-04 14:00:57,572 [INFO] PluginManage:310 - Check plugin analytics
2025-10-04 14:00:57,753 [INFO] AnalyticsPlugin:253 - Accepted Software Licenses: 
2025-10-04 14:00:57,753 [INFO] AnalyticsPlugin:255 - Accepted CMSIS Pack Licenses: 
2025-10-04 14:00:57,753 [INFO] AnalyticsPlugin:257 - Accepted Firmware Licenses: 
2025-10-04 14:00:57,755 [INFO] PluginManage:359 - Loaded plugin analytics (category:tool,tabindex:-1)
2025-10-04 14:00:57,755 [INFO] PluginManage:310 - Check plugin cadmodel
2025-10-04 14:00:57,760 [INFO] CADModel:105 - Init CAD model plugin
2025-10-04 14:00:57,761 [INFO] PluginManage:359 - Loaded plugin cadmodel (category:power,tabindex:5)
2025-10-04 14:00:57,761 [INFO] PluginManage:310 - Check plugin clock
2025-10-04 14:00:57,771 [INFO] PluginManage:359 - Loaded plugin clock (category:base,tabindex:2)
2025-10-04 14:00:57,772 [INFO] PluginManage:310 - Check plugin ddr
2025-10-04 14:00:57,774 [INFO] PluginManage:359 - Loaded plugin ddr (category:tool,tabindex:6)
2025-10-04 14:00:57,774 [INFO] PluginManage:310 - Check plugin filemanager
2025-10-04 14:00:57,917 [INFO] PluginManage:359 - Loaded plugin filemanager (category:base,tabindex:10)
2025-10-04 14:00:57,917 [INFO] PluginManage:310 - Check plugin ipmanager
2025-10-04 14:00:57,923 [INFO] PluginManage:359 - Loaded plugin ipmanager (category:base,tabindex:5)
2025-10-04 14:00:57,923 [INFO] PluginManage:310 - Check plugin lpbam
2025-10-04 14:00:57,934 [INFO] PluginManage:359 - Loaded plugin lpbam (category:base,tabindex:0)
2025-10-04 14:00:57,934 [INFO] PluginManage:310 - Check plugin memorymap
2025-10-04 14:00:57,948 [INFO] PluginManage:359 - Loaded plugin memorymap (category:base,tabindex:4)
2025-10-04 14:00:57,948 [INFO] PluginManage:310 - Check plugin pinoutandconfiguration
2025-10-04 14:00:57,958 [INFO] PluginManage:359 - Loaded plugin pinoutandconfiguration (category:base,tabindex:1)
2025-10-04 14:00:57,958 [INFO] PluginManage:310 - Check plugin pinoutconfig
2025-10-04 14:00:58,054 [WARN] SupportedApi:132 - Cannot load RTOS API schema: s4s-elt-must-match.1: The content of 'definitions' must match (annotation?, (simpleType | complexType)?, (unique | key | keyref)*)). A problem was found starting at: attribute.
2025-10-04 14:00:58,211 [INFO] PluginManage:359 - Loaded plugin pinoutconfig (category:base,tabindex:0)
2025-10-04 14:00:58,211 [INFO] PluginManage:310 - Check plugin power
2025-10-04 14:00:58,223 [INFO] PluginManage:359 - Loaded plugin power (category:power,tabindex:4)
2025-10-04 14:00:58,223 [INFO] PluginManage:310 - Check plugin projectmanager
2025-10-04 14:00:58,239 [INFO] PluginManage:359 - Loaded plugin projectmanager (category:projectmanager,tabindex:4)
2025-10-04 14:00:58,239 [INFO] PluginManage:310 - Check plugin rif
2025-10-04 14:00:58,249 [INFO] PluginManage:359 - Loaded plugin rif (category:base,tabindex:3)
2025-10-04 14:00:58,249 [INFO] PluginManage:310 - Check plugin thirdparty
2025-10-04 14:00:58,420 [INFO] PluginManage:359 - Loaded plugin thirdparty (category:base,tabindex:-1)
2025-10-04 14:00:58,420 [WARN] IntegrityCheckThread:84 - waiting for thirdparty lock release [integrity check]
2025-10-04 14:00:58,420 [INFO] PluginManage:310 - Check plugin tools
2025-10-04 14:00:58,420 [INFO] IntegrityCheckThread:86 - entering critical section [integrity check]
2025-10-04 14:00:58,421 [INFO] ThirdPartyUpdaterWithRetryManager:70 - Updater plugin not ready yet. [1/15]
2025-10-04 14:00:58,423 [INFO] PluginManage:359 - Loaded plugin tools (category:base,tabindex:7)
2025-10-04 14:00:58,423 [INFO] PluginManage:310 - Check plugin tutovideos
2025-10-04 14:00:58,628 [INFO] PluginManage:359 - Loaded plugin tutovideos (category:base,tabindex:-1)
2025-10-04 14:00:58,628 [INFO] PluginManage:310 - Check plugin updater
2025-10-04 14:00:58,649 [INFO] PluginManage:359 - Loaded plugin updater (category:base,tabindex:12)
2025-10-04 14:00:58,650 [INFO] PluginManage:310 - Check plugin userauth
2025-10-04 14:00:58,654 [INFO] UserAuth:118 - Init User Auth plugin
2025-10-04 14:00:58,655 [INFO] PluginManage:359 - Loaded plugin userauth (category:base,tabindex:14)
2025-10-04 14:00:58,656 [INFO] PluginManage:283 - PluginManage : Loaded plugins [18]
2025-10-04 14:00:58,847 [INFO] PinOutPanel:1589 - setPackage(No Configuration,No Configuration)
2025-10-04 14:00:58,909 [INFO] CADModel:165 - CPN selected for project level
2025-10-04 14:00:58,910 [INFO] CADModel:114 - Register for checkConnection events
2025-10-04 14:00:58,918 [INFO] IPUIPlugin:80 - create IPUIPlugin
2025-10-04 14:00:58,919 [INFO] PluginManager:220 - loadIPPluginJar : add tim
2025-10-04 14:00:58,924 [INFO] IPUIPlugin:80 - create IPUIPlugin
2025-10-04 14:00:58,924 [INFO] PluginManager:220 - loadIPPluginJar : add mdma
2025-10-04 14:00:58,931 [INFO] IPUIPlugin:80 - create IPUIPlugin
2025-10-04 14:00:58,931 [INFO] PluginManager:220 - loadIPPluginJar : add freertos
2025-10-04 14:00:58,937 [INFO] IPUIPlugin:80 - create IPUIPlugin
2025-10-04 14:00:58,937 [INFO] PluginManager:220 - loadIPPluginJar : add sai
2025-10-04 14:00:58,943 [INFO] IPUIPlugin:80 - create IPUIPlugin
2025-10-04 14:00:58,943 [INFO] PluginManager:220 - loadIPPluginJar : add gpio
2025-10-04 14:00:58,945 [INFO] IPUIPlugin:80 - create IPUIPlugin
2025-10-04 14:00:58,945 [INFO] PluginManager:220 - loadIPPluginJar : add tsc
2025-10-04 14:00:58,946 [INFO] IPUIPlugin:80 - create IPUIPlugin
2025-10-04 14:00:58,946 [INFO] PluginManager:220 - loadIPPluginJar : add ltdc
2025-10-04 14:00:58,948 [INFO] IPUIPlugin:80 - create IPUIPlugin
2025-10-04 14:00:58,948 [INFO] PluginManager:220 - loadIPPluginJar : add quadspi
2025-10-04 14:00:58,957 [INFO] IPUIPlugin:80 - create IPUIPlugin
2025-10-04 14:00:58,957 [INFO] PluginManager:220 - loadIPPluginJar : add stm32_wpan
2025-10-04 14:00:58,960 [INFO] IPUIPlugin:80 - create IPUIPlugin
2025-10-04 14:00:58,961 [INFO] PluginManager:220 - loadIPPluginJar : add touchsensing
2025-10-04 14:00:58,964 [INFO] IPUIPlugin:80 - create IPUIPlugin
2025-10-04 14:00:58,965 [INFO] PluginManager:220 - loadIPPluginJar : add ddr_ctrl_phy
2025-10-04 14:00:58,971 [INFO] IPUIPlugin:80 - create IPUIPlugin
2025-10-04 14:00:58,971 [INFO] PluginManager:220 - loadIPPluginJar : add dma
2025-10-04 14:00:58,974 [INFO] IPUIPlugin:80 - create IPUIPlugin
2025-10-04 14:00:58,974 [INFO] PluginManager:220 - loadIPPluginJar : add pdm2pcm
2025-10-04 14:00:58,976 [INFO] IPUIPlugin:80 - create IPUIPlugin
2025-10-04 14:00:58,977 [INFO] PluginManager:220 - loadIPPluginJar : add dma3
2025-10-04 14:00:58,979 [INFO] IPUIPlugin:80 - create IPUIPlugin
2025-10-04 14:00:58,979 [INFO] PluginManager:220 - loadIPPluginJar : add spi
2025-10-04 14:00:58,981 [INFO] IPUIPlugin:80 - create IPUIPlugin
2025-10-04 14:00:58,982 [INFO] PluginManager:220 - loadIPPluginJar : add radio
2025-10-04 14:00:58,985 [INFO] IPUIPlugin:80 - create IPUIPlugin
2025-10-04 14:00:58,985 [INFO] PluginManager:220 - loadIPPluginJar : add usbx
2025-10-04 14:00:58,989 [INFO] IPUIPlugin:80 - create IPUIPlugin
2025-10-04 14:00:58,989 [INFO] PluginManager:220 - loadIPPluginJar : add gfxmmu
2025-10-04 14:00:58,993 [INFO] IPUIPlugin:80 - create IPUIPlugin
2025-10-04 14:00:58,993 [INFO] PluginManager:220 - loadIPPluginJar : add can
2025-10-04 14:00:59,000 [INFO] IPUIPlugin:80 - create IPUIPlugin
2025-10-04 14:00:59,003 [INFO] PluginManager:220 - loadIPPluginJar : add plateformsettings
2025-10-04 14:00:59,006 [INFO] IPUIPlugin:80 - create IPUIPlugin
2025-10-04 14:00:59,006 [INFO] PluginManager:220 - loadIPPluginJar : add gtzc
2025-10-04 14:00:59,012 [INFO] IPUIPlugin:80 - create IPUIPlugin
2025-10-04 14:00:59,012 [INFO] PluginManager:220 - loadIPPluginJar : add gic
2025-10-04 14:00:59,016 [INFO] IPUIPlugin:80 - create IPUIPlugin
2025-10-04 14:00:59,016 [INFO] PluginManager:220 - loadIPPluginJar : add resmgrutility
2025-10-04 14:00:59,019 [INFO] IPUIPlugin:80 - create IPUIPlugin
2025-10-04 14:00:59,019 [INFO] PluginManager:220 - loadIPPluginJar : add i3c
2025-10-04 14:00:59,021 [INFO] IPUIPlugin:80 - create IPUIPlugin
2025-10-04 14:00:59,022 [INFO] PluginManager:220 - loadIPPluginJar : add cryp
2025-10-04 14:00:59,024 [INFO] IPUIPlugin:80 - create IPUIPlugin
2025-10-04 14:00:59,024 [INFO] PluginManager:220 - loadIPPluginJar : add lorawan
2025-10-04 14:00:59,027 [INFO] IPUIPlugin:80 - create IPUIPlugin
2025-10-04 14:00:59,027 [INFO] PluginManager:220 - loadIPPluginJar : add openamp
2025-10-04 14:00:59,029 [INFO] IPUIPlugin:80 - create IPUIPlugin
2025-10-04 14:00:59,029 [INFO] PluginManager:220 - loadIPPluginJar : add fatfs
2025-10-04 14:00:59,035 [INFO] IPUIPlugin:80 - create IPUIPlugin
2025-10-04 14:00:59,035 [INFO] PluginManager:220 - loadIPPluginJar : add linkedlist
2025-10-04 14:00:59,037 [INFO] IPUIPlugin:80 - create IPUIPlugin
2025-10-04 14:00:59,037 [INFO] PluginManager:220 - loadIPPluginJar : add tracer_emb
2025-10-04 14:00:59,039 [INFO] IPUIPlugin:80 - create IPUIPlugin
2025-10-04 14:00:59,039 [INFO] PluginManager:220 - loadIPPluginJar : add hash
2025-10-04 14:00:59,041 [INFO] IPUIPlugin:80 - create IPUIPlugin
2025-10-04 14:00:59,041 [INFO] PluginManager:220 - loadIPPluginJar : add i2s
2025-10-04 14:00:59,047 [INFO] IPUIPlugin:80 - create IPUIPlugin
2025-10-04 14:00:59,047 [INFO] PluginManager:220 - loadIPPluginJar : add adc
2025-10-04 14:00:59,050 [INFO] IPUIPlugin:80 - create IPUIPlugin
2025-10-04 14:00:59,050 [INFO] PluginManager:220 - loadIPPluginJar : add ipddr
2025-10-04 14:00:59,052 [INFO] IPUIPlugin:80 - create IPUIPlugin
2025-10-04 14:00:59,052 [INFO] PluginManager:220 - loadIPPluginJar : add ucpd
2025-10-04 14:00:59,054 [INFO] IPUIPlugin:80 - create IPUIPlugin
2025-10-04 14:00:59,055 [INFO] PluginManager:220 - loadIPPluginJar : add aes
2025-10-04 14:00:59,056 [INFO] IPUIPlugin:80 - create IPUIPlugin
2025-10-04 14:00:59,056 [INFO] PluginManager:220 - loadIPPluginJar : add comp
2025-10-04 14:00:59,060 [INFO] IPUIPlugin:80 - create IPUIPlugin
2025-10-04 14:00:59,060 [INFO] PluginManager:220 - loadIPPluginJar : add nvic
2025-10-04 14:00:59,062 [INFO] IPUIPlugin:80 - create IPUIPlugin
2025-10-04 14:00:59,062 [INFO] PluginManager:220 - loadIPPluginJar : add opamp
2025-10-04 14:00:59,066 [INFO] IPUIPlugin:80 - create IPUIPlugin
2025-10-04 14:00:59,067 [INFO] PluginManager:220 - loadIPPluginJar : add fmc
2025-10-04 14:00:59,068 [INFO] IPUIPlugin:80 - create IPUIPlugin
2025-10-04 14:00:59,068 [INFO] PluginManager:220 - loadIPPluginJar : add genericplugin
2025-10-04 14:00:59,070 [INFO] IPUIPlugin:80 - create IPUIPlugin
2025-10-04 14:00:59,070 [INFO] PluginManager:220 - loadIPPluginJar : add dfsdm
2025-10-04 14:00:59,073 [INFO] IPUIPlugin:80 - create IPUIPlugin
2025-10-04 14:00:59,073 [INFO] PluginManager:220 - loadIPPluginJar : add extmemmanager
2025-10-04 14:00:59,074 [INFO] IPUIPlugin:80 - create IPUIPlugin
2025-10-04 14:00:59,074 [INFO] PluginManager:220 - loadIPPluginJar : add ts
2025-10-04 14:00:59,077 [INFO] IPUIPlugin:80 - create IPUIPlugin
2025-10-04 14:00:59,077 [INFO] PluginManager:220 - loadIPPluginJar : add i2c
2025-10-04 14:00:59,078 [INFO] IPUIPlugin:80 - create IPUIPlugin
2025-10-04 14:00:59,079 [INFO] PluginManager:220 - loadIPPluginJar : add usart
2025-10-04 14:00:59,174 [FATAL] Updater:351 - Updater called before beeing initialized
2025-10-04 14:00:59,203 [INFO] RulesReader:64 - Compatibility file has been processed (317 Rules)
2025-10-04 14:00:59,217 [INFO] RulesReader:64 - Compatibility file has been processed (317 Rules)
2025-10-04 14:00:59,229 [INFO] CADModel:165 - CPN selected for project level
2025-10-04 14:00:59,229 [INFO] CADModel:114 - Register for checkConnection events
2025-10-04 14:00:59,229 [FATAL] Updater:351 - Updater called before beeing initialized
2025-10-04 14:00:59,229 [ERROR] CADModel:125 - Updater not yet initialized, retry later 
2025-10-04 14:00:59,389 [FATAL] Updater:351 - Updater called before beeing initialized
2025-10-04 14:00:59,391 [INFO] CADModel:165 - CPN selected for project level
2025-10-04 14:00:59,391 [INFO] CADModel:114 - Register for checkConnection events
2025-10-04 14:00:59,391 [FATAL] Updater:351 - Updater called before beeing initialized
2025-10-04 14:00:59,391 [ERROR] CADModel:125 - Updater not yet initialized, retry later 
2025-10-04 14:00:59,395 [FATAL] Updater:351 - Updater called before beeing initialized
2025-10-04 14:00:59,498 [FATAL] Updater:351 - Updater called before beeing initialized
2025-10-04 14:00:59,502 [INFO] DbMcusAds:53 - JSON generation date=Thu Oct 02 06:36:05 BRT 2025 (1759397765645)
2025-10-04 14:00:59,503 [FATAL] Updater:351 - Updater called before beeing initialized
2025-10-04 14:00:59,536 [WARN] DetailPanel:346 - Failed to get advertising image, set to default
2025-10-04 14:00:59,606 [FATAL] Updater:351 - Updater called before beeing initialized
2025-10-04 14:00:59,607 [FATAL] Updater:351 - Updater called before beeing initialized
2025-10-04 14:00:59,607 [FATAL] Updater:351 - Updater called before beeing initialized
2025-10-04 14:00:59,607 [WARN] DetailPanel:346 - Failed to get advertising image, set to default
2025-10-04 14:00:59,608 [FATAL] Updater:351 - Updater called before beeing initialized
2025-10-04 14:00:59,643 [ERROR] Updater:1198 - MainUpdater not yet initialized. External WinMGr cannot be set.
2025-10-04 14:00:59,644 [INFO] Updater:1134 - Updater Version found : 6.15.0
2025-10-04 14:00:59,662 [INFO] ApplicationProperties:184 - Using Application install path: /opt/st/stm32cubeide_1.19.0/plugins/com.st.stm32cube.common.mx_6.15.0.202507011659
2025-10-04 14:01:00,015 [INFO] MainUpdater:2872 - connection check result : 10
2025-10-04 14:01:00,016 [INFO] MainUpdater:289 - Updater Check For Update Now.
2025-10-04 14:01:00,016 [INFO] MicroXplorer:498 - Change Database Version : DB.6.0.150
2025-10-04 14:01:00,020 [INFO] McuFinderGlobals:63 - Set McuFinder mode to 2 (CubeIDE integrated)
2025-10-04 14:01:00,021 [INFO] UserAuth:487 - Internet connection configuration mode: 1
2025-10-04 14:01:00,043 [INFO] JxBrowserEngine:152 - Initiate JxBrowser Engine with user profile folder
2025-10-04 14:01:00,200 [INFO] CheckServerUpdateThread:120 - End of CheckServer Thread
2025-10-04 14:01:01,515 [INFO] WebApp:169 - Instantiating new browser for Auth
2025-10-04 14:01:01,631 [WARN] PackLoader:240 - Cannot read IP mode file for STMicroelectronics.FP-SNS-MOTENVWB1.1.4.0
2025-10-04 14:01:01,640 [WARN] PackLoader:240 - Cannot read IP mode file for STMicroelectronics.FP-ATR-ASTRA1.2.0.2
2025-10-04 14:01:01,647 [WARN] PackLoader:240 - Cannot read IP mode file for STMicroelectronics.X-CUBE-SMBUS.2.1.0
2025-10-04 14:01:01,652 [WARN] PackLoader:240 - Cannot read IP mode file for STMicroelectronics.X-CUBE-ST60.1.0.0
2025-10-04 14:01:01,686 [WARN] PackLoader:240 - Cannot read IP mode file for STMicroelectronics.X-CUBE-AZRTOS-F7.1.1.0
2025-10-04 14:01:01,694 [WARN] PackLoader:240 - Cannot read IP mode file for Cesanta.I-CUBE-Mongoose.7.19.0
2025-10-04 14:01:01,704 [WARN] PackLoader:240 - Cannot read IP mode file for WES.I-CUBE-Cesium.1.4.0
2025-10-04 14:01:01,755 [WARN] PackLoader:240 - Cannot read IP mode file for Infineon.AIROC-Wi-Fi-Bluetooth-STM32.1.7.1
2025-10-04 14:01:01,791 [WARN] PackLoader:240 - Cannot read IP mode file for STMicroelectronics.X-CUBE-AZRTOS-H7.3.4.0
2025-10-04 14:01:01,803 [WARN] PackLoader:240 - Cannot read IP mode file for STMicroelectronics.X-CUBE-DISPLAY.3.0.0
2025-10-04 14:01:01,817 [WARN] PackLoader:240 - Cannot read IP mode file for STMicroelectronics.X-CUBE-NFC10.1.0.0
2025-10-04 14:01:01,825 [WARN] PackLoader:240 - Cannot read IP mode file for emotas.I-CUBE-CANOPEN.1.3.0
2025-10-04 14:01:01,834 [WARN] PackLoader:240 - Cannot read IP mode file for STMicroelectronics.FP-SNS-STBOX1.2.1.0
2025-10-04 14:01:01,841 [WARN] PackLoader:240 - Cannot read IP mode file for STMicroelectronics.FP-SNS-SMARTAG2.1.2.0
2025-10-04 14:01:01,846 [WARN] PackLoader:240 - Cannot read IP mode file for STMicroelectronics.FP-SNS-FLIGHT1.5.1.0
2025-10-04 14:01:01,856 [INFO] LogOutputStream:77 - [STDOUT_REDIRECT] 1 : Invalid condition id : UX_CORESTACK_Condition cause : null
2025-10-04 14:01:01,856 [INFO] LogOutputStream:77 - [STDOUT_REDIRECT] 1 : Invalid condition id : UX_CORESTACK_Condition cause : null
2025-10-04 14:01:01,857 [INFO] LogOutputStream:77 - [STDOUT_REDIRECT] 1 : Invalid condition id : UX_CORESTACK_Condition cause : null
2025-10-04 14:01:01,857 [INFO] LogOutputStream:77 - [STDOUT_REDIRECT] 1 : Invalid condition id : UX_CORESTACK_Condition cause : null
2025-10-04 14:01:01,857 [INFO] LogOutputStream:77 - [STDOUT_REDIRECT] 1 : Invalid condition id : UX_CORESTACK_Condition cause : null
2025-10-04 14:01:01,861 [WARN] PackLoader:240 - Cannot read IP mode file for STMicroelectronics.X-CUBE-AZRTOS-WL.2.0.0
2025-10-04 14:01:01,867 [WARN] PackLoader:240 - Cannot read IP mode file for STMicroelectronics.FP-SNS-MOTENV1.5.0.0
2025-10-04 14:01:01,873 [WARN] PackLoader:240 - Cannot read IP mode file for STMicroelectronics.X-CUBE-BLE2.3.3.0
2025-10-04 14:01:01,880 [WARN] PackLoader:240 - Cannot read IP mode file for STMicroelectronics.X-CUBE-NFC9.1.0.0
2025-10-04 14:01:01,887 [WARN] PackLoader:240 - Cannot read IP mode file for wolfSSL.I-CUBE-wolfSSL.5.8.2
2025-10-04 14:01:01,892 [WARN] PackLoader:240 - Cannot read IP mode file for STMicroelectronics.X-CUBE-BLE1.7.1.0
2025-10-04 14:01:01,895 [WARN] PackLoader:240 - Cannot read IP mode file for wolfSSL.I-CUBE-wolfMQTT.1.19.2
2025-10-04 14:01:01,901 [WARN] PackLoader:240 - Cannot read IP mode file for STMicroelectronics.X-CUBE-EEPRMA1.5.2.0
2025-10-04 14:01:01,921 [WARN] PackLoader:240 - Cannot read IP mode file for STMicroelectronics.X-CUBE-AZRTOS-G0.1.1.0
2025-10-04 14:01:01,929 [WARN] PackLoader:240 - Cannot read IP mode file for STMicroelectronics.X-CUBE-SAFEA1.1.2.2
2025-10-04 14:01:01,935 [WARN] PackLoader:240 - Cannot read IP mode file for STMicroelectronics.X-CUBE-NFC4.3.0.0
2025-10-04 14:01:01,944 [WARN] PackLoader:240 - Cannot read IP mode file for EmbeddedOffice.I-CUBE-FS-RTOS.1.0.1
2025-10-04 14:01:01,949 [WARN] PackLoader:240 - Cannot read IP mode file for STMicroelectronics.X-CUBE-WB05N.2.0.0
2025-10-04 14:01:01,953 [WARN] PackLoader:240 - Cannot read IP mode file for wolfSSL.I-CUBE-wolfTPM.3.8.0
2025-10-04 14:01:01,958 [WARN] PackLoader:240 - Cannot read IP mode file for STMicroelectronics.X-CUBE-TCPP.4.2.0
2025-10-04 14:01:01,963 [WARN] PackLoader:240 - Cannot read IP mode file for RealThread.X-CUBE-RT-Thread_Nano.4.1.1
2025-10-04 14:01:01,967 [WARN] PackLoader:240 - Cannot read IP mode file for STMicroelectronics.FP-ATR-SIGFOX1.3.2.0
2025-10-04 14:01:01,973 [WARN] PackLoader:240 - Cannot read IP mode file for ITTIA_DB.I-CUBE-ITTIADB.8.9.0
2025-10-04 14:01:01,978 [WARN] PackLoader:240 - Cannot read IP mode file for STMicroelectronics.X-CUBE-ST67W61.1.0.0
2025-10-04 14:01:01,982 [WARN] PackLoader:240 - Cannot read IP mode file for STMicroelectronics.X-CUBE-AI.10.2.0
2025-10-04 14:01:02,039 [WARN] PackLoader:240 - Cannot read IP mode file for SEGGER.I-CUBE-embOS.1.3.1
2025-10-04 14:01:02,164 [WARN] PackLoader:240 - Cannot read IP mode file for STMicroelectronics.X-CUBE-ALGOBUILD.1.4.0
2025-10-04 14:01:02,255 [WARN] PackLoader:240 - Cannot read IP mode file for STMicroelectronics.X-CUBE-MEMS1.11.3.0
2025-10-04 14:01:02,403 [WARN] PackLoader:240 - Cannot read IP mode file for STMicroelectronics.X-CUBE-PM33A1.1.0.0
2025-10-04 14:01:02,420 [WARN] PackLoader:240 - Cannot read IP mode file for STMicroelectronics.X-CUBE-AZRTOS-F4.1.1.0
2025-10-04 14:01:02,426 [WARN] PackLoader:240 - Cannot read IP mode file for Avnet-IotConnect.X-CUBE-IoTC-DA16k-PMOD.1.0.0
2025-10-04 14:01:02,429 [WARN] PackLoader:240 - Cannot read IP mode file for STMicroelectronics.X-CUBE-ISPU.2.1.0
2025-10-04 14:01:02,435 [WARN] PackLoader:240 - Cannot read IP mode file for STMicroelectronics.X-CUBE-NFC12.1.0.0
2025-10-04 14:01:02,452 [WARN] PackLoader:240 - Cannot read IP mode file for STMicroelectronics.X-CUBE-AZRTOS-L5.2.0.0
2025-10-04 14:01:02,460 [WARN] PackLoader:240 - Cannot read IP mode file for STMicroelectronics.X-CUBE-NFC6.3.1.0
2025-10-04 14:01:02,467 [WARN] PackLoader:240 - Cannot read IP mode file for STMicroelectronics.X-CUBE-FREERTOS.1.3.1
2025-10-04 14:01:02,471 [WARN] PackLoader:240 - Cannot read IP mode file for STMicroelectronics.X-CUBE-TOUCHGFX.4.26.0
2025-10-04 14:01:02,475 [WARN] PackLoader:240 - Cannot read IP mode file for STMicroelectronics.FP-SNS-STAIOTCFT.1.0.0
2025-10-04 14:01:02,479 [WARN] PackLoader:240 - Cannot read IP mode file for STMicroelectronics.X-CUBE-DPower.1.3.0
2025-10-04 14:01:02,494 [WARN] ConditionMgr:438 - getConditionDescription Invalid condition id : LAN8742 Phy interface Condition cause : null
2025-10-04 14:01:02,494 [WARN] PackLoader:240 - Cannot read IP mode file for STMicroelectronics.X-CUBE-AZRTOS-L4.2.0.0
2025-10-04 14:01:02,496 [WARN] ConditionMgr:1044 - genDependencies : Invalid condition id : LAN8742 Phy interface Condition cause : null
2025-10-04 14:01:02,496 [WARN] ConditionMgr:1044 - genDependencies : Invalid condition id : LAN8742 Phy interface Condition cause : null
2025-10-04 14:01:02,497 [WARN] ConditionMgr:1044 - genDependencies : Invalid condition id : LAN8742 Phy interface Condition cause : null
2025-10-04 14:01:02,503 [WARN] PackLoader:240 - Cannot read IP mode file for STMicroelectronics.X-CUBE-SFXS2LP1.4.0.0
2025-10-04 14:01:02,514 [WARN] PackLoader:240 - Cannot read IP mode file for STMicroelectronics.X-CUBE-BLEMGR.4.1.0
2025-10-04 14:01:02,530 [WARN] ConditionMgr:438 - getConditionDescription Invalid condition id : UX DEVICE CLASS RTOS Condition cause : null
2025-10-04 14:01:02,530 [WARN] ConditionMgr:438 - getConditionDescription Invalid condition id : UX DEVICE CLASS RTOS Condition cause : null
2025-10-04 14:01:02,533 [WARN] PackLoader:240 - Cannot read IP mode file for STMicroelectronics.X-CUBE-AZRTOS-WB.2.0.0
2025-10-04 14:01:02,534 [WARN] ConditionMgr:1044 - genDependencies : Invalid condition id : UX DEVICE CLASS RTOS Condition cause : null
2025-10-04 14:01:02,534 [WARN] ConditionMgr:1044 - genDependencies : Invalid condition id : UX DEVICE CLASS RTOS Condition cause : null
2025-10-04 14:01:02,534 [WARN] ConditionMgr:1044 - genDependencies : Invalid condition id : UX DEVICE CLASS RTOS Condition cause : null
2025-10-04 14:01:02,535 [WARN] ConditionMgr:1044 - genDependencies : Invalid condition id : UX DEVICE CLASS RTOS Condition cause : null
2025-10-04 14:01:02,535 [WARN] ConditionMgr:1044 - genDependencies : Invalid condition id : UX DEVICE CLASS RTOS Condition cause : null
2025-10-04 14:01:02,541 [WARN] PackLoader:240 - Cannot read IP mode file for STMicroelectronics.X-CUBE-GNSS1.7.0.1
2025-10-04 14:01:02,544 [WARN] PackLoader:240 - Cannot read IP mode file for STMicroelectronics.X-CUBE-TOUCHGFX.4.25.0
2025-10-04 14:01:02,547 [WARN] ConditionMgr:438 - getConditionDescription Invalid condition id : Cortex-A Device cause : null
2025-10-04 14:01:02,559 [WARN] ConditionMgr:1044 - genDependencies : Invalid condition id : Cortex-A Device cause : null
2025-10-04 14:01:02,559 [WARN] ConditionMgr:1044 - genDependencies : Invalid condition id : Cortex-A Device cause : null
2025-10-04 14:01:02,559 [WARN] ConditionMgr:1044 - genDependencies : Invalid condition id : Cortex-A Device cause : null
2025-10-04 14:01:02,597 [WARN] PackLoader:240 - Cannot read IP mode file for STMicroelectronics.X-CUBE-SUBG2.5.0.0
2025-10-04 14:01:02,641 [WARN] PackLoader:240 - Cannot read IP mode file for STMicroelectronics.X-CUBE-AZRTOS-H7RS.1.1.0
2025-10-04 14:01:02,661 [WARN] PackLoader:240 - Cannot read IP mode file for STMicroelectronics.X-CUBE-AZRTOS-G4.2.0.0
2025-10-04 14:01:02,666 [WARN] PackLoader:240 - Cannot read IP mode file for wolfSSL.I-CUBE-wolfSSH.1.4.20
2025-10-04 14:01:02,671 [WARN] PackLoader:240 - Cannot read IP mode file for STMicroelectronics.X-CUBE-NFC7.2.0.0
2025-10-04 14:01:02,688 [WARN] PackLoader:240 - Cannot read IP mode file for STMicroelectronics.X-CUBE-IPS.3.1.0
2025-10-04 14:01:02,700 [WARN] PackLoader:240 - Cannot read IP mode file for STMicroelectronics.X-CUBE-ALS.1.0.2
2025-10-04 14:01:02,707 [WARN] PackLoader:240 - Cannot read IP mode file for STMicroelectronics.X-CUBE-STSE01.1.0.0
2025-10-04 14:01:02,724 [WARN] PackLoader:240 - Cannot read IP mode file for STMicroelectronics.X-CUBE-TOF1.3.4.3
2025-10-04 14:01:02,737 [INFO] ThirdParty:978 - Integrity check success = true
2025-10-04 14:01:02,737 [INFO] IntegrityCheckThread:100 - exiting critical section [integrity check]
2025-10-04 14:01:02,737 [INFO] IntegrityCheckThread:103 - End integrity checks thread
2025-10-04 14:01:02,756 [INFO] WebApp:463 - Apply proxy settings
2025-10-04 14:01:02,757 [INFO] WebApp:548 - Chromium requires no authentication
2025-10-04 14:01:02,766 [INFO] WebApp:491 - Direct internet connection detected
2025-10-04 14:01:02,792 [INFO] WebApp:900 - Register for checkConnection events
2025-10-04 14:01:02,792 [INFO] WebApp:463 - Apply proxy settings
2025-10-04 14:01:02,792 [INFO] WebApp:548 - Chromium requires no authentication
2025-10-04 14:01:02,793 [INFO] WebApp:491 - Direct internet connection detected
2025-10-04 14:01:02,927 [INFO] WebApp:225 - Starting web application
2025-10-04 14:01:02,927 [INFO] WebApp:593 - Web application path used /opt/st/stm32cubeide_1.19.0/plugins/com.st.stm32cube.common.mx_6.15.0.202507011659/db/plugins/mcufinder/reactClient1/index.html
2025-10-04 14:01:03,043 [INFO] UserAuth:487 - Internet connection configuration mode: 1
2025-10-04 14:01:03,205 [INFO] WebApp:191 - Connection restablished
