2025-09-22 14:46:09,719 [INFO] Activator:176 - 


2025-09-22 14:46:09,721 [INFO] Activator:177 - !SESSION log4j initialized
2025-09-22 14:46:11,401 [INFO] LogOutputStream:77 - [STDOUT_REDIRECT] 
2025-09-22 14:46:13,355 [INFO] ApplicationProperties:184 - Using Application install path: /opt/st/stm32cubeide_1.19.0/plugins/com.st.stm32cube.common.mx_6.15.0.202507011659
2025-09-22 14:46:13,371 [INFO] DbMcusXml:78 - Set database path to: /opt/st/stm32cubeide_1.19.0/plugins/com.st.stm32cube.common.mx_6.15.0.202507011659//db//mcu/
2025-09-22 14:46:13,371 [INFO] ApiDb:274 - Set plugin database path to: /opt/st/stm32cubeide_1.19.0/plugins/com.st.stm32cube.common.mx_6.15.0.202507011659//db//plugins/boardmanager/
2025-09-22 14:46:13,372 [WARN] ApiDb:259 - Overriding images path with different value:  => /opt/st/stm32cubeide_1.19.0/plugins/com.st.stm32cube.common.mx_6.15.0.202507011659//db//plugins/mcufinder/images/
2025-09-22 14:46:14,151 [WARN] ApiFinderProperties:113 - /home/andre/.stmcufinder/plugins/mcufinder/mcu/mcuFinder.mfd doesn't exist
2025-09-22 14:46:14,151 [INFO] ApiDb:250 - Set database path to: /home/andre/.stmcufinder/plugins/mcufinder//mcu/
2025-09-22 14:46:14,152 [INFO] DbMcusAds:125 - Set database path to: /home/andre/.stmcufinder/plugins/mcufinder//mcu/
2025-09-22 14:46:14,154 [INFO] CrossReferenceDbSqlite:203 - Set database path to: /home/andre/.stmcufinder/plugins/mcufinder//mcu/cs/
2025-09-22 14:46:14,260 [INFO] RulesReader:64 - Compatibility file has been processed (317 Rules)
2025-09-22 14:46:14,302 [INFO] DbMcusXml:78 - Set database path to: /opt/st/stm32cubeide_1.19.0/plugins/com.st.stm32cube.common.mx_6.15.0.202507011659//db//mcu/
2025-09-22 14:46:14,302 [INFO] ApiDb:274 - Set plugin database path to: /opt/st/stm32cubeide_1.19.0/plugins/com.st.stm32cube.common.mx_6.15.0.202507011659//db//plugins/boardmanager/
2025-09-22 14:46:14,302 [INFO] ApiDb:261 - Set plugin images path to: /opt/st/stm32cubeide_1.19.0/plugins/com.st.stm32cube.common.mx_6.15.0.202507011659//db//plugins/mcufinder/images/
2025-09-22 14:46:14,302 [WARN] DbFile:41 - Overriding database path with different value: /home/andre/.stmcufinder/plugins/mcufinder/ => /home/andre/.stmcufinder/plugins/mcufinder
2025-09-22 14:46:14,302 [INFO] ApiDb:250 - Set database path to: /home/andre/.stmcufinder/plugins/mcufinder//mcu/
2025-09-22 14:46:14,302 [WARN] DbFile:41 - Overriding database path with different value: /home/andre/.stmcufinder/plugins/mcufinder/ => /home/andre/.stmcufinder/plugins/mcufinder
2025-09-22 14:46:14,302 [INFO] DbMcusAds:125 - Set database path to: /home/andre/.stmcufinder/plugins/mcufinder//mcu/
2025-09-22 14:46:14,303 [WARN] DbFile:41 - Overriding database path with different value: /home/andre/.stmcufinder/plugins/mcufinder/ => /home/andre/.stmcufinder/plugins/mcufinder
2025-09-22 14:46:14,303 [WARN] DbFile:41 - Overriding database path with different value: /home/andre/.stmcufinder/plugins/mcufinder/ => /home/andre/.stmcufinder/plugins/mcufinder
2025-09-22 14:46:14,303 [INFO] CrossReferenceDbSqlite:203 - Set database path to: /home/andre/.stmcufinder/plugins/mcufinder//mcu/cs/
2025-09-22 14:46:14,351 [INFO] MainPanel:274 - HeapMemory: 268435456
2025-09-22 14:46:14,500 [INFO] DbMcusXml:78 - Set database path to: /opt/st/stm32cubeide_1.19.0/plugins/com.st.stm32cube.common.mx_6.15.0.202507011659//db//mcu/
2025-09-22 14:46:14,500 [INFO] ApiDb:274 - Set plugin database path to: /opt/st/stm32cubeide_1.19.0/plugins/com.st.stm32cube.common.mx_6.15.0.202507011659//db//plugins/boardmanager/
2025-09-22 14:46:14,500 [INFO] ApiDb:261 - Set plugin images path to: /opt/st/stm32cubeide_1.19.0/plugins/com.st.stm32cube.common.mx_6.15.0.202507011659//db//plugins/mcufinder/images/
2025-09-22 14:46:14,501 [WARN] DbFile:41 - Overriding database path with different value: /home/andre/.stmcufinder/plugins/mcufinder/ => /home/andre/.stmcufinder/plugins/mcufinder
2025-09-22 14:46:14,501 [INFO] ApiDb:250 - Set database path to: /home/andre/.stmcufinder/plugins/mcufinder//mcu/
2025-09-22 14:46:14,501 [WARN] DbFile:41 - Overriding database path with different value: /home/andre/.stmcufinder/plugins/mcufinder/ => /home/andre/.stmcufinder/plugins/mcufinder
2025-09-22 14:46:14,501 [INFO] DbMcusAds:125 - Set database path to: /home/andre/.stmcufinder/plugins/mcufinder//mcu/
2025-09-22 14:46:14,501 [WARN] DbFile:41 - Overriding database path with different value: /home/andre/.stmcufinder/plugins/mcufinder/ => /home/andre/.stmcufinder/plugins/mcufinder
2025-09-22 14:46:14,501 [WARN] DbFile:41 - Overriding database path with different value: /home/andre/.stmcufinder/plugins/mcufinder/ => /home/andre/.stmcufinder/plugins/mcufinder
2025-09-22 14:46:14,501 [INFO] CrossReferenceDbSqlite:203 - Set database path to: /home/andre/.stmcufinder/plugins/mcufinder//mcu/cs/
2025-09-22 14:46:14,513 [INFO] ApplicationProperties:184 - Using Application install path: /opt/st/stm32cubeide_1.19.0/plugins/com.st.stm32cube.common.mx_6.15.0.202507011659
2025-09-22 14:46:14,514 [INFO] PluginManage:196 - Search for loadable plugins [exclusion list=, ]
2025-09-22 14:46:14,515 [INFO] PluginManage:310 - Check plugin analytics
2025-09-22 14:46:14,644 [INFO] AnalyticsPlugin:253 - Accepted Software Licenses: 
2025-09-22 14:46:14,645 [INFO] AnalyticsPlugin:255 - Accepted CMSIS Pack Licenses: 
2025-09-22 14:46:14,645 [INFO] AnalyticsPlugin:257 - Accepted Firmware Licenses: 
2025-09-22 14:46:14,647 [INFO] PluginManage:359 - Loaded plugin analytics (category:tool,tabindex:-1)
2025-09-22 14:46:14,647 [INFO] PluginManage:310 - Check plugin cadmodel
2025-09-22 14:46:14,650 [INFO] CADModel:105 - Init CAD model plugin
2025-09-22 14:46:14,651 [INFO] PluginManage:359 - Loaded plugin cadmodel (category:power,tabindex:5)
2025-09-22 14:46:14,651 [INFO] PluginManage:310 - Check plugin clock
2025-09-22 14:46:14,657 [INFO] PluginManage:359 - Loaded plugin clock (category:base,tabindex:2)
2025-09-22 14:46:14,657 [INFO] PluginManage:310 - Check plugin ddr
2025-09-22 14:46:14,658 [INFO] PluginManage:359 - Loaded plugin ddr (category:tool,tabindex:6)
2025-09-22 14:46:14,659 [INFO] PluginManage:310 - Check plugin filemanager
2025-09-22 14:46:14,796 [INFO] PluginManage:359 - Loaded plugin filemanager (category:base,tabindex:10)
2025-09-22 14:46:14,796 [INFO] PluginManage:310 - Check plugin ipmanager
2025-09-22 14:46:14,800 [INFO] PluginManage:359 - Loaded plugin ipmanager (category:base,tabindex:5)
2025-09-22 14:46:14,800 [INFO] PluginManage:310 - Check plugin lpbam
2025-09-22 14:46:14,817 [INFO] PluginManage:359 - Loaded plugin lpbam (category:base,tabindex:0)
2025-09-22 14:46:14,818 [INFO] PluginManage:310 - Check plugin memorymap
2025-09-22 14:46:14,833 [INFO] PluginManage:359 - Loaded plugin memorymap (category:base,tabindex:4)
2025-09-22 14:46:14,833 [INFO] PluginManage:310 - Check plugin pinoutandconfiguration
2025-09-22 14:46:14,840 [INFO] PluginManage:359 - Loaded plugin pinoutandconfiguration (category:base,tabindex:1)
2025-09-22 14:46:14,840 [INFO] PluginManage:310 - Check plugin pinoutconfig
2025-09-22 14:46:14,941 [WARN] SupportedApi:132 - Cannot load RTOS API schema: s4s-elt-must-match.1: The content of 'definitions' must match (annotation?, (simpleType | complexType)?, (unique | key | keyref)*)). A problem was found starting at: attribute.
2025-09-22 14:46:15,043 [INFO] PluginManage:359 - Loaded plugin pinoutconfig (category:base,tabindex:0)
2025-09-22 14:46:15,043 [INFO] PluginManage:310 - Check plugin power
2025-09-22 14:46:15,048 [INFO] PluginManage:359 - Loaded plugin power (category:power,tabindex:4)
2025-09-22 14:46:15,048 [INFO] PluginManage:310 - Check plugin projectmanager
2025-09-22 14:46:15,059 [INFO] PluginManage:359 - Loaded plugin projectmanager (category:projectmanager,tabindex:4)
2025-09-22 14:46:15,059 [INFO] PluginManage:310 - Check plugin rif
2025-09-22 14:46:15,065 [INFO] PluginManage:359 - Loaded plugin rif (category:base,tabindex:3)
2025-09-22 14:46:15,065 [INFO] PluginManage:310 - Check plugin thirdparty
2025-09-22 14:46:15,144 [INFO] PluginManage:359 - Loaded plugin thirdparty (category:base,tabindex:-1)
2025-09-22 14:46:15,144 [WARN] IntegrityCheckThread:84 - waiting for thirdparty lock release [integrity check]
2025-09-22 14:46:15,144 [INFO] IntegrityCheckThread:86 - entering critical section [integrity check]
2025-09-22 14:46:15,144 [INFO] PluginManage:310 - Check plugin tools
2025-09-22 14:46:15,145 [INFO] ThirdPartyUpdaterWithRetryManager:70 - Updater plugin not ready yet. [1/15]
2025-09-22 14:46:15,146 [INFO] PluginManage:359 - Loaded plugin tools (category:base,tabindex:7)
2025-09-22 14:46:15,146 [INFO] PluginManage:310 - Check plugin tutovideos
2025-09-22 14:46:15,298 [INFO] PluginManage:359 - Loaded plugin tutovideos (category:base,tabindex:-1)
2025-09-22 14:46:15,298 [INFO] PluginManage:310 - Check plugin updater
2025-09-22 14:46:15,315 [INFO] PluginManage:359 - Loaded plugin updater (category:base,tabindex:12)
2025-09-22 14:46:15,315 [INFO] PluginManage:310 - Check plugin userauth
2025-09-22 14:46:15,318 [INFO] UserAuth:118 - Init User Auth plugin
2025-09-22 14:46:15,319 [INFO] PluginManage:359 - Loaded plugin userauth (category:base,tabindex:14)
2025-09-22 14:46:15,319 [INFO] PluginManage:283 - PluginManage : Loaded plugins [18]
2025-09-22 14:46:15,449 [INFO] PinOutPanel:1589 - setPackage(No Configuration,No Configuration)
2025-09-22 14:46:15,495 [INFO] CADModel:165 - CPN selected for project level
2025-09-22 14:46:15,495 [INFO] CADModel:114 - Register for checkConnection events
2025-09-22 14:46:15,501 [INFO] IPUIPlugin:80 - create IPUIPlugin
2025-09-22 14:46:15,501 [INFO] PluginManager:220 - loadIPPluginJar : add tim
2025-09-22 14:46:15,505 [INFO] IPUIPlugin:80 - create IPUIPlugin
2025-09-22 14:46:15,505 [INFO] PluginManager:220 - loadIPPluginJar : add mdma
2025-09-22 14:46:15,508 [INFO] IPUIPlugin:80 - create IPUIPlugin
2025-09-22 14:46:15,508 [INFO] PluginManager:220 - loadIPPluginJar : add freertos
2025-09-22 14:46:15,512 [INFO] IPUIPlugin:80 - create IPUIPlugin
2025-09-22 14:46:15,512 [INFO] PluginManager:220 - loadIPPluginJar : add sai
2025-09-22 14:46:15,514 [INFO] IPUIPlugin:80 - create IPUIPlugin
2025-09-22 14:46:15,515 [INFO] PluginManager:220 - loadIPPluginJar : add gpio
2025-09-22 14:46:15,516 [INFO] IPUIPlugin:80 - create IPUIPlugin
2025-09-22 14:46:15,516 [INFO] PluginManager:220 - loadIPPluginJar : add tsc
2025-09-22 14:46:15,516 [INFO] IPUIPlugin:80 - create IPUIPlugin
2025-09-22 14:46:15,516 [INFO] PluginManager:220 - loadIPPluginJar : add ltdc
2025-09-22 14:46:15,517 [INFO] IPUIPlugin:80 - create IPUIPlugin
2025-09-22 14:46:15,517 [INFO] PluginManager:220 - loadIPPluginJar : add quadspi
2025-09-22 14:46:15,521 [INFO] IPUIPlugin:80 - create IPUIPlugin
2025-09-22 14:46:15,521 [INFO] PluginManager:220 - loadIPPluginJar : add stm32_wpan
2025-09-22 14:46:15,523 [INFO] IPUIPlugin:80 - create IPUIPlugin
2025-09-22 14:46:15,523 [INFO] PluginManager:220 - loadIPPluginJar : add touchsensing
2025-09-22 14:46:15,524 [INFO] IPUIPlugin:80 - create IPUIPlugin
2025-09-22 14:46:15,524 [INFO] PluginManager:220 - loadIPPluginJar : add ddr_ctrl_phy
2025-09-22 14:46:15,528 [INFO] IPUIPlugin:80 - create IPUIPlugin
2025-09-22 14:46:15,528 [INFO] PluginManager:220 - loadIPPluginJar : add dma
2025-09-22 14:46:15,530 [INFO] IPUIPlugin:80 - create IPUIPlugin
2025-09-22 14:46:15,530 [INFO] PluginManager:220 - loadIPPluginJar : add pdm2pcm
2025-09-22 14:46:15,531 [INFO] IPUIPlugin:80 - create IPUIPlugin
2025-09-22 14:46:15,531 [INFO] PluginManager:220 - loadIPPluginJar : add dma3
2025-09-22 14:46:15,532 [INFO] IPUIPlugin:80 - create IPUIPlugin
2025-09-22 14:46:15,532 [INFO] PluginManager:220 - loadIPPluginJar : add spi
2025-09-22 14:46:15,533 [INFO] IPUIPlugin:80 - create IPUIPlugin
2025-09-22 14:46:15,534 [INFO] PluginManager:220 - loadIPPluginJar : add radio
2025-09-22 14:46:15,535 [INFO] IPUIPlugin:80 - create IPUIPlugin
2025-09-22 14:46:15,535 [INFO] PluginManager:220 - loadIPPluginJar : add usbx
2025-09-22 14:46:15,536 [INFO] IPUIPlugin:80 - create IPUIPlugin
2025-09-22 14:46:15,536 [INFO] PluginManager:220 - loadIPPluginJar : add gfxmmu
2025-09-22 14:46:15,538 [INFO] IPUIPlugin:80 - create IPUIPlugin
2025-09-22 14:46:15,538 [INFO] PluginManager:220 - loadIPPluginJar : add can
2025-09-22 14:46:15,541 [INFO] IPUIPlugin:80 - create IPUIPlugin
2025-09-22 14:46:15,543 [INFO] PluginManager:220 - loadIPPluginJar : add plateformsettings
2025-09-22 14:46:15,545 [INFO] IPUIPlugin:80 - create IPUIPlugin
2025-09-22 14:46:15,545 [INFO] PluginManager:220 - loadIPPluginJar : add gtzc
2025-09-22 14:46:15,548 [INFO] IPUIPlugin:80 - create IPUIPlugin
2025-09-22 14:46:15,549 [INFO] PluginManager:220 - loadIPPluginJar : add gic
2025-09-22 14:46:15,551 [INFO] IPUIPlugin:80 - create IPUIPlugin
2025-09-22 14:46:15,551 [INFO] PluginManager:220 - loadIPPluginJar : add resmgrutility
2025-09-22 14:46:15,552 [INFO] IPUIPlugin:80 - create IPUIPlugin
2025-09-22 14:46:15,552 [INFO] PluginManager:220 - loadIPPluginJar : add i3c
2025-09-22 14:46:15,554 [INFO] IPUIPlugin:80 - create IPUIPlugin
2025-09-22 14:46:15,554 [INFO] PluginManager:220 - loadIPPluginJar : add cryp
2025-09-22 14:46:15,555 [INFO] IPUIPlugin:80 - create IPUIPlugin
2025-09-22 14:46:15,555 [INFO] PluginManager:220 - loadIPPluginJar : add lorawan
2025-09-22 14:46:15,557 [INFO] IPUIPlugin:80 - create IPUIPlugin
2025-09-22 14:46:15,557 [INFO] PluginManager:220 - loadIPPluginJar : add openamp
2025-09-22 14:46:15,558 [INFO] IPUIPlugin:80 - create IPUIPlugin
2025-09-22 14:46:15,558 [INFO] PluginManager:220 - loadIPPluginJar : add fatfs
2025-09-22 14:46:15,562 [INFO] IPUIPlugin:80 - create IPUIPlugin
2025-09-22 14:46:15,562 [INFO] PluginManager:220 - loadIPPluginJar : add linkedlist
2025-09-22 14:46:15,563 [INFO] IPUIPlugin:80 - create IPUIPlugin
2025-09-22 14:46:15,563 [INFO] PluginManager:220 - loadIPPluginJar : add tracer_emb
2025-09-22 14:46:15,565 [INFO] IPUIPlugin:80 - create IPUIPlugin
2025-09-22 14:46:15,565 [INFO] PluginManager:220 - loadIPPluginJar : add hash
2025-09-22 14:46:15,567 [INFO] IPUIPlugin:80 - create IPUIPlugin
2025-09-22 14:46:15,567 [INFO] PluginManager:220 - loadIPPluginJar : add i2s
2025-09-22 14:46:15,570 [INFO] IPUIPlugin:80 - create IPUIPlugin
2025-09-22 14:46:15,570 [INFO] PluginManager:220 - loadIPPluginJar : add adc
2025-09-22 14:46:15,572 [INFO] IPUIPlugin:80 - create IPUIPlugin
2025-09-22 14:46:15,572 [INFO] PluginManager:220 - loadIPPluginJar : add ipddr
2025-09-22 14:46:15,573 [INFO] IPUIPlugin:80 - create IPUIPlugin
2025-09-22 14:46:15,573 [INFO] PluginManager:220 - loadIPPluginJar : add ucpd
2025-09-22 14:46:15,574 [INFO] IPUIPlugin:80 - create IPUIPlugin
2025-09-22 14:46:15,575 [INFO] PluginManager:220 - loadIPPluginJar : add aes
2025-09-22 14:46:15,575 [INFO] IPUIPlugin:80 - create IPUIPlugin
2025-09-22 14:46:15,575 [INFO] PluginManager:220 - loadIPPluginJar : add comp
2025-09-22 14:46:15,577 [INFO] IPUIPlugin:80 - create IPUIPlugin
2025-09-22 14:46:15,577 [INFO] PluginManager:220 - loadIPPluginJar : add nvic
2025-09-22 14:46:15,579 [INFO] IPUIPlugin:80 - create IPUIPlugin
2025-09-22 14:46:15,579 [INFO] PluginManager:220 - loadIPPluginJar : add opamp
2025-09-22 14:46:15,582 [INFO] IPUIPlugin:80 - create IPUIPlugin
2025-09-22 14:46:15,582 [INFO] PluginManager:220 - loadIPPluginJar : add fmc
2025-09-22 14:46:15,583 [INFO] IPUIPlugin:80 - create IPUIPlugin
2025-09-22 14:46:15,583 [INFO] PluginManager:220 - loadIPPluginJar : add genericplugin
2025-09-22 14:46:15,584 [INFO] IPUIPlugin:80 - create IPUIPlugin
2025-09-22 14:46:15,584 [INFO] PluginManager:220 - loadIPPluginJar : add dfsdm
2025-09-22 14:46:15,586 [INFO] IPUIPlugin:80 - create IPUIPlugin
2025-09-22 14:46:15,586 [INFO] PluginManager:220 - loadIPPluginJar : add extmemmanager
2025-09-22 14:46:15,587 [INFO] IPUIPlugin:80 - create IPUIPlugin
2025-09-22 14:46:15,587 [INFO] PluginManager:220 - loadIPPluginJar : add ts
2025-09-22 14:46:15,588 [INFO] IPUIPlugin:80 - create IPUIPlugin
2025-09-22 14:46:15,589 [INFO] PluginManager:220 - loadIPPluginJar : add i2c
2025-09-22 14:46:15,590 [INFO] IPUIPlugin:80 - create IPUIPlugin
2025-09-22 14:46:15,590 [INFO] PluginManager:220 - loadIPPluginJar : add usart
2025-09-22 14:46:15,685 [FATAL] Updater:351 - Updater called before beeing initialized
2025-09-22 14:46:15,712 [INFO] RulesReader:64 - Compatibility file has been processed (317 Rules)
2025-09-22 14:46:15,724 [INFO] RulesReader:64 - Compatibility file has been processed (317 Rules)
2025-09-22 14:46:15,731 [INFO] CADModel:165 - CPN selected for project level
2025-09-22 14:46:15,731 [INFO] CADModel:114 - Register for checkConnection events
2025-09-22 14:46:15,731 [FATAL] Updater:351 - Updater called before beeing initialized
2025-09-22 14:46:15,731 [ERROR] CADModel:125 - Updater not yet initialized, retry later 
2025-09-22 14:46:15,836 [FATAL] Updater:351 - Updater called before beeing initialized
2025-09-22 14:46:15,837 [INFO] CADModel:165 - CPN selected for project level
2025-09-22 14:46:15,837 [INFO] CADModel:114 - Register for checkConnection events
2025-09-22 14:46:15,837 [FATAL] Updater:351 - Updater called before beeing initialized
2025-09-22 14:46:15,837 [ERROR] CADModel:125 - Updater not yet initialized, retry later 
2025-09-22 14:46:15,839 [FATAL] Updater:351 - Updater called before beeing initialized
2025-09-22 14:46:15,912 [FATAL] Updater:351 - Updater called before beeing initialized
2025-09-22 14:46:15,916 [INFO] DbMcusAds:53 - JSON generation date=Thu Sep 30 03:55:09 BRT 2021 (1632984909247)
2025-09-22 14:46:15,916 [FATAL] Updater:351 - Updater called before beeing initialized
2025-09-22 14:46:15,943 [WARN] DetailPanel:346 - Failed to get advertising image, set to default
2025-09-22 14:46:16,012 [FATAL] Updater:351 - Updater called before beeing initialized
2025-09-22 14:46:16,014 [FATAL] Updater:351 - Updater called before beeing initialized
2025-09-22 14:46:16,014 [FATAL] Updater:351 - Updater called before beeing initialized
2025-09-22 14:46:16,014 [WARN] DetailPanel:346 - Failed to get advertising image, set to default
2025-09-22 14:46:16,015 [FATAL] Updater:351 - Updater called before beeing initialized
2025-09-22 14:46:16,045 [ERROR] Updater:1198 - MainUpdater not yet initialized. External WinMGr cannot be set.
2025-09-22 14:46:16,047 [INFO] Updater:1134 - Updater Version found : 6.15.0
2025-09-22 14:46:16,059 [INFO] ApplicationProperties:184 - Using Application install path: /opt/st/stm32cubeide_1.19.0/plugins/com.st.stm32cube.common.mx_6.15.0.202507011659
2025-09-22 14:46:16,079 [INFO] MainUpdater:525 - Copy updater definitions from MX database
2025-09-22 14:46:16,101 [INFO] MainUpdater:558 - Copy flag file definitions from MX database
2025-09-22 14:46:16,101 [INFO] MainUpdater:574 - Copy thirdparty index definitions from MX database
2025-09-22 14:46:16,101 [INFO] MainUpdater:593 - Copy default thirdparty db definitions from MX database
2025-09-22 14:46:16,806 [INFO] MainUpdater:2872 - connection check result : 10
2025-09-22 14:46:16,807 [INFO] MainUpdater:3604 - Updater definition file requires update
2025-09-22 14:46:16,807 [INFO] MainUpdater:289 - Updater Check For Update Now.
2025-09-22 14:46:16,808 [INFO] MicroXplorer:498 - Change Database Version : DB.6.0.150
2025-09-22 14:46:16,815 [INFO] McuFinderGlobals:63 - Set McuFinder mode to 2 (CubeIDE integrated)
2025-09-22 14:46:16,815 [INFO] UserAuth:171 - activating auth plugin
2025-09-22 14:46:16,818 [INFO] UserAuth:487 - Internet connection configuration mode: 1
2025-09-22 14:46:16,836 [INFO] JxBrowserEngine:152 - Initiate JxBrowser Engine with user profile folder
2025-09-22 14:46:17,539 [INFO] ServerAccessManage:452 - Complete download http(s) 200
2025-09-22 14:46:17,540 [INFO] ServerAccessManage:509 - Download File updaters.zip
2025-09-22 14:46:18,037 [INFO] FileExtend:248 - Unzip File : updaters.zip
2025-09-22 14:46:18,037 [INFO] FileExtend:263 - Standard Zip Deflate
2025-09-22 14:46:18,145 [WARN] MainUpdater:1193 - Updater busy. Cannot search thirdparties
2025-09-22 14:46:18,145 [INFO] ThirdPartyUpdaterWithRetryManager:96 - Updater plugin is busy. [1/15]
2025-09-22 14:46:18,454 [INFO] ServerAccessManage:452 - Complete download http(s) 200
2025-09-22 14:46:18,454 [INFO] ServerAccessManage:509 - Download File PacksControlFlags.xml
2025-09-22 14:46:18,707 [INFO] ServerAccessManage:452 - Complete download http(s) 200
2025-09-22 14:46:18,707 [INFO] ServerAccessManage:509 - Download File cubemx.pidx
2025-09-22 14:46:19,288 [INFO] ServerAccessManage:452 - Complete download http(s) 200
2025-09-22 14:46:19,288 [INFO] ServerAccessManage:509 - Download File STMicroelectronics.FP-ATR-ASTRA1.pdsc
2025-09-22 14:46:19,463 [INFO] WebApp:169 - Instantiating new browser for Auth
2025-09-22 14:46:20,064 [INFO] WebApp:463 - Apply proxy settings
2025-09-22 14:46:20,064 [INFO] WebApp:548 - Chromium requires no authentication
2025-09-22 14:46:20,071 [INFO] WebApp:491 - Direct internet connection detected
2025-09-22 14:46:20,087 [INFO] WebApp:900 - Register for checkConnection events
2025-09-22 14:46:20,087 [INFO] WebApp:463 - Apply proxy settings
2025-09-22 14:46:20,087 [INFO] WebApp:548 - Chromium requires no authentication
2025-09-22 14:46:20,088 [INFO] WebApp:491 - Direct internet connection detected
2025-09-22 14:46:20,193 [INFO] WebApp:225 - Starting web application
2025-09-22 14:46:20,194 [INFO] WebApp:593 - Web application path used /opt/st/stm32cubeide_1.19.0/plugins/com.st.stm32cube.common.mx_6.15.0.202507011659/db/plugins/mcufinder/reactClient1/index.html
2025-09-22 14:46:20,484 [INFO] WebApp:191 - Connection restablished
2025-09-22 14:46:21,146 [WARN] MainUpdater:1193 - Updater busy. Cannot search thirdparties
2025-09-22 14:46:21,146 [INFO] ThirdPartyUpdaterWithRetryManager:96 - Updater plugin is busy. [2/15]
2025-09-22 14:46:21,417 [INFO] ServerAccessManage:452 - Complete download http(s) 200
2025-09-22 14:46:21,418 [INFO] ServerAccessManage:509 - Download File STMicroelectronics.FP-ATR-SIGFOX1.pdsc
2025-09-22 14:46:22,126 [INFO] ServerAccessManage:452 - Complete download http(s) 200
2025-09-22 14:46:22,127 [INFO] ServerAccessManage:509 - Download File STMicroelectronics.FP-SNS-STBOX1.pdsc
2025-09-22 14:46:23,224 [INFO] ServerAccessManage:452 - Complete download http(s) 200
2025-09-22 14:46:23,225 [INFO] ServerAccessManage:509 - Download File STMicroelectronics.FP-SNS-FLIGHT1.pdsc
2025-09-22 14:46:24,147 [WARN] MainUpdater:1193 - Updater busy. Cannot search thirdparties
2025-09-22 14:46:24,147 [INFO] ThirdPartyUpdaterWithRetryManager:96 - Updater plugin is busy. [3/15]
2025-09-22 14:46:25,056 [INFO] ServerAccessManage:452 - Complete download http(s) 200
2025-09-22 14:46:25,056 [INFO] ServerAccessManage:509 - Download File STMicroelectronics.FP-SNS-MOTENV1.pdsc
2025-09-22 14:46:27,043 [INFO] ServerAccessManage:452 - Complete download http(s) 200
2025-09-22 14:46:27,043 [INFO] ServerAccessManage:509 - Download File STMicroelectronics.FP-SNS-MOTENVWB1.pdsc
2025-09-22 14:46:27,148 [WARN] MainUpdater:1193 - Updater busy. Cannot search thirdparties
2025-09-22 14:46:27,148 [INFO] ThirdPartyUpdaterWithRetryManager:96 - Updater plugin is busy. [4/15]
2025-09-22 14:46:28,519 [INFO] ServerAccessManage:452 - Complete download http(s) 200
2025-09-22 14:46:28,519 [INFO] ServerAccessManage:509 - Download File STMicroelectronics.FP-SNS-SMARTAG2.pdsc
2025-09-22 14:46:29,231 [INFO] ServerAccessManage:452 - Complete download http(s) 200
2025-09-22 14:46:29,231 [INFO] ServerAccessManage:509 - Download File STMicroelectronics.FP-SNS-STAIOTCFT.pdsc
2025-09-22 14:46:29,947 [INFO] ServerAccessManage:452 - Complete download http(s) 200
2025-09-22 14:46:29,948 [INFO] ServerAccessManage:509 - Download File STMicroelectronics.X-CUBE-AI.pdsc
2025-09-22 14:46:30,149 [WARN] MainUpdater:1193 - Updater busy. Cannot search thirdparties
2025-09-22 14:46:30,150 [INFO] ThirdPartyUpdaterWithRetryManager:96 - Updater plugin is busy. [5/15]
2025-09-22 14:46:33,151 [WARN] MainUpdater:1193 - Updater busy. Cannot search thirdparties
2025-09-22 14:46:33,151 [INFO] ThirdPartyUpdaterWithRetryManager:96 - Updater plugin is busy. [6/15]
2025-09-22 14:46:36,152 [WARN] MainUpdater:1193 - Updater busy. Cannot search thirdparties
2025-09-22 14:46:36,152 [INFO] ThirdPartyUpdaterWithRetryManager:96 - Updater plugin is busy. [7/15]
2025-09-22 14:46:37,532 [INFO] ServerAccessManage:452 - Complete download http(s) 200
2025-09-22 14:46:37,532 [INFO] ServerAccessManage:509 - Download File STMicroelectronics.X-CUBE-ALS.pdsc
2025-09-22 14:46:38,970 [INFO] ServerAccessManage:452 - Complete download http(s) 200
2025-09-22 14:46:38,971 [INFO] ServerAccessManage:509 - Download File STMicroelectronics.X-CUBE-BLE1.pdsc
2025-09-22 14:46:39,152 [WARN] MainUpdater:1193 - Updater busy. Cannot search thirdparties
2025-09-22 14:46:39,153 [INFO] ThirdPartyUpdaterWithRetryManager:96 - Updater plugin is busy. [8/15]
2025-09-22 14:46:42,153 [WARN] MainUpdater:1193 - Updater busy. Cannot search thirdparties
2025-09-22 14:46:42,153 [INFO] ThirdPartyUpdaterWithRetryManager:96 - Updater plugin is busy. [9/15]
2025-09-22 14:46:45,003 [ERROR] ServerAccessManage:1212 - Problem, file not found on Server
2025-09-22 14:46:45,154 [WARN] MainUpdater:1193 - Updater busy. Cannot search thirdparties
2025-09-22 14:46:45,154 [INFO] ThirdPartyUpdaterWithRetryManager:96 - Updater plugin is busy. [10/15]
2025-09-22 14:46:45,353 [INFO] ServerAccessManage:452 - Complete download http(s) 200
2025-09-22 14:46:45,354 [INFO] ServerAccessManage:509 - Download File STMicroelectronics.X-CUBE-BLE2.pdsc
2025-09-22 14:46:48,154 [WARN] MainUpdater:1193 - Updater busy. Cannot search thirdparties
2025-09-22 14:46:48,154 [INFO] ThirdPartyUpdaterWithRetryManager:96 - Updater plugin is busy. [11/15]
2025-09-22 14:46:48,570 [INFO] ServerAccessManage:452 - Complete download http(s) 200
2025-09-22 14:46:48,570 [INFO] ServerAccessManage:509 - Download File STMicroelectronics.X-CUBE-BLEMGR.pdsc
2025-09-22 14:46:50,309 [ERROR] ServerAccessManage:1212 - Problem, file not found on Server
2025-09-22 14:46:51,154 [WARN] MainUpdater:1193 - Updater busy. Cannot search thirdparties
2025-09-22 14:46:51,154 [INFO] ThirdPartyUpdaterWithRetryManager:96 - Updater plugin is busy. [12/15]
2025-09-22 14:46:53,114 [INFO] ServerAccessManage:452 - Complete download http(s) 200
2025-09-22 14:46:53,114 [INFO] ServerAccessManage:509 - Download File STMicroelectronics.X-CUBE-DISPLAY.pdsc
2025-09-22 14:46:54,155 [WARN] MainUpdater:1193 - Updater busy. Cannot search thirdparties
2025-09-22 14:46:54,155 [INFO] ThirdPartyUpdaterWithRetryManager:96 - Updater plugin is busy. [13/15]
2025-09-22 14:46:55,630 [INFO] ServerAccessManage:452 - Complete download http(s) 200
2025-09-22 14:46:55,631 [INFO] ServerAccessManage:509 - Download File STMicroelectronics.X-CUBE-DPOWER.pdsc
2025-09-22 14:46:57,156 [WARN] MainUpdater:1193 - Updater busy. Cannot search thirdparties
2025-09-22 14:46:57,156 [INFO] ThirdPartyUpdaterWithRetryManager:96 - Updater plugin is busy. [14/15]
2025-09-22 14:46:57,300 [ERROR] ServerAccessManage:1212 - Problem, file not found on Server
2025-09-22 14:46:58,209 [ERROR] ServerAccessManage:1212 - Problem, file not found on Server
2025-09-22 14:46:59,112 [ERROR] ServerAccessManage:1212 - Problem, file not found on Server
2025-09-22 14:47:00,138 [ERROR] ServerAccessManage:1212 - Problem, file not found on Server
2025-09-22 14:47:00,156 [WARN] MainUpdater:1193 - Updater busy. Cannot search thirdparties
2025-09-22 14:47:00,156 [INFO] ThirdPartyUpdaterWithRetryManager:96 - Updater plugin is busy. [15/15]
2025-09-22 14:47:00,156 [ERROR] IntegrityCheckThread:130 - Cannot retrieve database content from updater: error -1
2025-09-22 14:47:00,157 [INFO] ThirdParty:978 - Integrity check success = false
2025-09-22 14:47:00,157 [INFO] IntegrityCheckThread:100 - exiting critical section [integrity check]
2025-09-22 14:47:00,157 [INFO] IntegrityCheckThread:103 - End integrity checks thread
2025-09-22 14:47:01,159 [ERROR] ServerAccessManage:1212 - Problem, file not found on Server
2025-09-22 14:47:01,801 [ERROR] ServerAccessManage:1212 - Problem, file not found on Server
2025-09-22 14:47:02,718 [ERROR] ServerAccessManage:1212 - Problem, file not found on Server
2025-09-22 14:47:03,625 [ERROR] ServerAccessManage:1212 - Problem, file not found on Server
2025-09-22 14:47:05,023 [ERROR] ServerAccessManage:1212 - Problem, file not found on Server
2025-09-22 14:47:06,118 [ERROR] ServerAccessManage:1212 - Problem, file not found on Server
2025-09-22 14:47:07,307 [ERROR] ServerAccessManage:1212 - Problem, file not found on Server
2025-09-22 14:47:07,658 [INFO] ServerAccessManage:452 - Complete download http(s) 200
2025-09-22 14:47:07,658 [INFO] ServerAccessManage:509 - Download File STMicroelectronics.X-CUBE-EEPRMA1.pdsc
2025-09-22 14:47:09,290 [ERROR] ServerAccessManage:1212 - Problem, file not found on Server
2025-09-22 14:47:10,909 [ERROR] ServerAccessManage:1212 - Problem, file not found on Server
2025-09-22 14:47:12,339 [INFO] ServerAccessManage:452 - Complete download http(s) 200
2025-09-22 14:47:12,339 [INFO] ServerAccessManage:509 - Download File STMicroelectronics.X-CUBE-FREERTOS.pdsc
2025-09-22 14:47:15,494 [INFO] ServerAccessManage:452 - Complete download http(s) 200
2025-09-22 14:47:15,494 [INFO] ServerAccessManage:509 - Download File STMicroelectronics.X-CUBE-GNSS1.pdsc
2025-09-22 14:47:19,650 [ERROR] ServerAccessManage:1212 - Problem, file not found on Server
2025-09-22 14:47:20,570 [ERROR] ServerAccessManage:1212 - Problem, file not found on Server
2025-09-22 14:47:21,575 [ERROR] ServerAccessManage:1212 - Problem, file not found on Server
2025-09-22 14:47:22,509 [ERROR] ServerAccessManage:1212 - Problem, file not found on Server
2025-09-22 14:47:23,418 [ERROR] ServerAccessManage:1212 - Problem, file not found on Server
2025-09-22 14:47:24,143 [ERROR] ServerAccessManage:1212 - Problem, file not found on Server
2025-09-22 14:47:24,518 [INFO] ServerAccessManage:452 - Complete download http(s) 200
2025-09-22 14:47:24,518 [INFO] ServerAccessManage:509 - Download File STMicroelectronics.X-CUBE-ISPU.pdsc
2025-09-22 14:47:26,335 [INFO] ServerAccessManage:452 - Complete download http(s) 200
2025-09-22 14:47:26,335 [INFO] ServerAccessManage:509 - Download File STMicroelectronics.X-CUBE-IPS.pdsc
2025-09-22 14:47:27,451 [INFO] ServerAccessManage:452 - Complete download http(s) 200
2025-09-22 14:47:27,452 [INFO] ServerAccessManage:509 - Download File STMicroelectronics.X-CUBE-MEMS1.pdsc
2025-09-22 14:47:37,577 [INFO] ServerAccessManage:452 - Complete download http(s) 200
2025-09-22 14:47:37,577 [INFO] ServerAccessManage:509 - Download File STMicroelectronics.X-CUBE-NFC4.pdsc
2025-09-22 14:47:43,069 [INFO] ServerAccessManage:452 - Complete download http(s) 200
2025-09-22 14:47:43,070 [INFO] ServerAccessManage:509 - Download File STMicroelectronics.X-CUBE-NFC6.pdsc
2025-09-22 14:47:44,130 [INFO] ServerAccessManage:452 - Complete download http(s) 200
2025-09-22 14:47:44,131 [INFO] ServerAccessManage:509 - Download File STMicroelectronics.X-CUBE-NFC7.pdsc
2025-09-22 14:47:45,566 [INFO] ServerAccessManage:452 - Complete download http(s) 200
2025-09-22 14:47:45,566 [INFO] ServerAccessManage:509 - Download File STMicroelectronics.X-CUBE-NFC9.pdsc
2025-09-22 14:47:46,852 [INFO] ServerAccessManage:452 - Complete download http(s) 200
2025-09-22 14:47:46,853 [INFO] ServerAccessManage:509 - Download File STMicroelectronics.X-CUBE-NFC10.pdsc
2025-09-22 14:47:47,574 [INFO] ServerAccessManage:452 - Complete download http(s) 200
2025-09-22 14:47:47,574 [INFO] ServerAccessManage:509 - Download File STMicroelectronics.X-CUBE-NFC12.pdsc
2025-09-22 14:47:48,289 [INFO] ServerAccessManage:452 - Complete download http(s) 200
2025-09-22 14:47:48,290 [INFO] ServerAccessManage:509 - Download File STMicroelectronics.X-CUBE-SFXS2LP1.pdsc
2025-09-22 14:47:50,089 [INFO] ServerAccessManage:452 - Complete download http(s) 200
2025-09-22 14:47:50,089 [INFO] ServerAccessManage:509 - Download File STMicroelectronics.X-CUBE-SAFEA1.pdsc
2025-09-22 14:47:50,815 [INFO] ServerAccessManage:452 - Complete download http(s) 200
2025-09-22 14:47:50,815 [INFO] ServerAccessManage:509 - Download File STMicroelectronics.X-CUBE-SUBG2.pdsc
2025-09-22 14:47:54,402 [INFO] ServerAccessManage:452 - Complete download http(s) 200
2025-09-22 14:47:54,403 [INFO] ServerAccessManage:509 - Download File STMicroelectronics.X-CUBE-SMBUS.pdsc
2025-09-22 14:47:55,715 [ERROR] ServerAccessManage:1212 - Problem, file not found on Server
2025-09-22 14:47:56,069 [INFO] ServerAccessManage:452 - Complete download http(s) 200
2025-09-22 14:47:56,069 [INFO] ServerAccessManage:509 - Download File STMicroelectronics.X-CUBE-ST60.pdsc
2025-09-22 14:47:56,785 [INFO] ServerAccessManage:452 - Complete download http(s) 200
2025-09-22 14:47:56,785 [INFO] ServerAccessManage:509 - Download File STMicroelectronics.X-CUBE-ST67W61.pdsc
2025-09-22 14:47:57,498 [INFO] ServerAccessManage:452 - Complete download http(s) 200
2025-09-22 14:47:57,499 [INFO] ServerAccessManage:509 - Download File STMicroelectronics.X-CUBE-STSE01.pdsc
2025-09-22 14:47:58,215 [INFO] ServerAccessManage:452 - Complete download http(s) 200
2025-09-22 14:47:58,216 [INFO] ServerAccessManage:509 - Download File STMicroelectronics.X-CUBE-PM33A1.pdsc
2025-09-22 14:47:58,974 [INFO] ServerAccessManage:452 - Complete download http(s) 200
2025-09-22 14:47:58,974 [INFO] ServerAccessManage:509 - Download File STMicroelectronics.X-CUBE-TCPP.pdsc
2025-09-22 14:48:00,047 [INFO] ServerAccessManage:452 - Complete download http(s) 200
2025-09-22 14:48:00,047 [INFO] ServerAccessManage:509 - Download File STMicroelectronics.X-CUBE-TOF1.pdsc
2025-09-22 14:48:04,741 [ERROR] ServerAccessManage:1212 - Problem, file not found on Server
2025-09-22 14:48:05,450 [INFO] ServerAccessManage:452 - Complete download http(s) 200
2025-09-22 14:48:05,450 [INFO] ServerAccessManage:509 - Download File STMicroelectronics.X-CUBE-TOUCHGFX.pdsc
2025-09-22 14:48:14,713 [INFO] ServerAccessManage:452 - Complete download http(s) 200
2025-09-22 14:48:14,713 [INFO] ServerAccessManage:509 - Download File STMicroelectronics.X-CUBE-ALGOBUILD.pdsc
2025-09-22 14:48:17,856 [INFO] ServerAccessManage:452 - Complete download http(s) 200
2025-09-22 14:48:17,856 [INFO] ServerAccessManage:509 - Download File STMicroelectronics.X-CUBE-AZRTOS-H7.pdsc
2025-09-22 14:48:21,539 [INFO] ServerAccessManage:452 - Complete download http(s) 200
2025-09-22 14:48:21,539 [INFO] ServerAccessManage:509 - Download File STMicroelectronics.X-CUBE-AZRTOS-H7RS.pdsc
2025-09-22 14:48:22,703 [INFO] ServerAccessManage:452 - Complete download http(s) 200
2025-09-22 14:48:22,704 [INFO] ServerAccessManage:509 - Download File STMicroelectronics.X-CUBE-AZRTOS-F4.pdsc
2025-09-22 14:48:23,880 [INFO] ServerAccessManage:452 - Complete download http(s) 200
2025-09-22 14:48:23,880 [INFO] ServerAccessManage:509 - Download File STMicroelectronics.X-CUBE-AZRTOS-F7.pdsc
2025-09-22 14:48:25,028 [INFO] ServerAccessManage:452 - Complete download http(s) 200
2025-09-22 14:48:25,029 [INFO] ServerAccessManage:509 - Download File STMicroelectronics.X-CUBE-AZRTOS-L4.pdsc
2025-09-22 14:48:26,198 [INFO] ServerAccessManage:452 - Complete download http(s) 200
2025-09-22 14:48:26,198 [INFO] ServerAccessManage:509 - Download File STMicroelectronics.X-CUBE-AZRTOS-L5.pdsc
2025-09-22 14:48:27,738 [INFO] ServerAccessManage:452 - Complete download http(s) 200
2025-09-22 14:48:27,739 [INFO] ServerAccessManage:509 - Download File STMicroelectronics.X-CUBE-AZRTOS-G0.pdsc
2025-09-22 14:48:28,884 [INFO] ServerAccessManage:452 - Complete download http(s) 200
2025-09-22 14:48:28,884 [INFO] ServerAccessManage:509 - Download File STMicroelectronics.X-CUBE-AZRTOS-G4.pdsc
2025-09-22 14:48:30,039 [INFO] ServerAccessManage:452 - Complete download http(s) 200
2025-09-22 14:48:30,039 [INFO] ServerAccessManage:509 - Download File STMicroelectronics.X-CUBE-AZRTOS-WB.pdsc
2025-09-22 14:48:31,184 [INFO] ServerAccessManage:452 - Complete download http(s) 200
2025-09-22 14:48:31,184 [INFO] ServerAccessManage:509 - Download File STMicroelectronics.X-CUBE-AZRTOS-WL.pdsc
2025-09-22 14:48:32,317 [INFO] ServerAccessManage:452 - Complete download http(s) 200
2025-09-22 14:48:32,318 [INFO] ServerAccessManage:509 - Download File STMicroelectronics.X-CUBE-WB05N.pdsc
2025-09-22 14:48:33,361 [INFO] ServerAccessManage:452 - Complete download http(s) 200
2025-09-22 14:48:33,361 [INFO] ServerAccessManage:509 - Download File wolfSSL.I-CUBE-wolfSSL.pdsc
2025-09-22 14:48:36,594 [ERROR] ServerAccessManage:1212 - Problem, file not found on Server
2025-09-22 14:48:36,768 [ERROR] ServerAccessManage:1212 - Problem, file not found on Server
2025-09-22 14:48:36,941 [ERROR] ServerAccessManage:1212 - Problem, file not found on Server
2025-09-22 14:48:37,066 [INFO] ServerAccessManage:452 - Complete download http(s) 200
2025-09-22 14:48:37,066 [INFO] ServerAccessManage:509 - Download File wolfSSL.I-CUBE-wolfMQTT.pdsc
2025-09-22 14:48:37,768 [ERROR] ServerAccessManage:1212 - Problem, file not found on Server
2025-09-22 14:48:37,894 [INFO] ServerAccessManage:452 - Complete download http(s) 200
2025-09-22 14:48:37,895 [INFO] ServerAccessManage:509 - Download File wolfSSL.I-CUBE-wolfTPM.pdsc
2025-09-22 14:48:38,812 [INFO] ServerAccessManage:452 - Complete download http(s) 200
2025-09-22 14:48:38,812 [INFO] ServerAccessManage:509 - Download File wolfSSL.I-CUBE-wolfSSH.pdsc
2025-09-22 14:48:41,388 [INFO] ServerAccessManage:452 - Complete download http(s) 200
2025-09-22 14:48:41,388 [INFO] ServerAccessManage:509 - Download File RealThread.X-CUBE-RT-Thread_Nano.pdsc
2025-09-22 14:48:42,947 [INFO] ServerAccessManage:452 - Complete download http(s) 200
2025-09-22 14:48:42,947 [INFO] ServerAccessManage:509 - Download File SEGGER.I-CUBE-embOS.pdsc
2025-09-22 14:48:45,706 [INFO] ServerAccessManage:452 - Complete download http(s) 200
2025-09-22 14:48:45,706 [INFO] ServerAccessManage:509 - Download File emotas.I-CUBE-CANOPEN.pdsc
2025-09-22 14:48:47,350 [INFO] ServerAccessManage:452 - Complete download http(s) 200
2025-09-22 14:48:47,350 [INFO] ServerAccessManage:509 - Download File WES.I-CUBE-Cesium.pdsc
2025-09-22 14:48:48,163 [ERROR] ServerAccessManage:1212 - Problem, file not found on Server
2025-09-22 14:48:48,448 [ERROR] ServerAccessManage:1212 - Problem, file not found on Server
2025-09-22 14:48:49,312 [INFO] ServerAccessManage:452 - Complete download http(s) 200
2025-09-22 14:48:49,313 [INFO] ServerAccessManage:509 - Download File ITTIA_DB.I-CUBE-ITTIADB.pdsc
2025-09-22 14:48:52,767 [INFO] ServerAccessManage:452 - Complete download http(s) 200
2025-09-22 14:48:52,767 [INFO] ServerAccessManage:509 - Download File Infineon.AIROC-Wi-Fi-Bluetooth-STM32.pdsc
2025-09-22 14:48:57,442 [INFO] ServerAccessManage:452 - Complete download http(s) 200
2025-09-22 14:48:57,443 [INFO] ServerAccessManage:509 - Download File Cesanta.I-CUBE-Mongoose.pdsc
2025-09-22 14:49:01,008 [INFO] ServerAccessManage:452 - Complete download http(s) 200
2025-09-22 14:49:01,008 [INFO] ServerAccessManage:509 - Download File EmbeddedOffice.I-CUBE-FS-RTOS.pdsc
2025-09-22 14:49:02,091 [INFO] ServerAccessManage:452 - Complete download http(s) 200
2025-09-22 14:49:02,092 [INFO] ServerAccessManage:509 - Download File quantropi.X-CUBE-qispace-sdk-base.pdsc
2025-09-22 14:49:02,549 [INFO] ServerAccessManage:452 - Complete download http(s) 200
2025-09-22 14:49:02,549 [INFO] ServerAccessManage:509 - Download File Avnet-IotConnect.X-CUBE-IoTC-DA16k-PMOD.pdsc
2025-09-22 14:49:02,612 [WARN] PackLoader:240 - Cannot read IP mode file for STMicroelectronics.FP-ATR-ASTRA1.2.0.2
2025-09-22 14:49:02,617 [WARN] PackLoader:240 - Cannot read IP mode file for STMicroelectronics.FP-ATR-SIGFOX1.3.2.0
2025-09-22 14:49:02,627 [WARN] PackLoader:240 - Cannot read IP mode file for STMicroelectronics.FP-SNS-STBOX1.2.1.0
2025-09-22 14:49:02,632 [WARN] CheckServerUpdateThread:151 - Open CheckUpdateFile Fail
2025-09-22 14:49:02,636 [WARN] PackLoader:240 - Cannot read IP mode file for STMicroelectronics.FP-SNS-FLIGHT1.5.1.0
2025-09-22 14:49:02,640 [WARN] PackLoader:240 - Cannot read IP mode file for STMicroelectronics.FP-SNS-MOTENV1.5.0.0
2025-09-22 14:49:02,647 [WARN] PackLoader:240 - Cannot read IP mode file for STMicroelectronics.FP-SNS-MOTENVWB1.1.4.0
2025-09-22 14:49:02,650 [WARN] PackLoader:240 - Cannot read IP mode file for STMicroelectronics.FP-SNS-SMARTAG2.1.2.0
2025-09-22 14:49:02,655 [WARN] PackLoader:240 - Cannot read IP mode file for STMicroelectronics.FP-SNS-STAIOTCFT.1.0.0
2025-09-22 14:49:02,658 [WARN] PackLoader:240 - Cannot read IP mode file for STMicroelectronics.X-CUBE-AI.10.2.0
2025-09-22 14:49:02,660 [WARN] PackLoader:240 - Cannot read IP mode file for STMicroelectronics.X-CUBE-ALS.1.0.2
2025-09-22 14:49:02,664 [WARN] PackLoader:240 - Cannot read IP mode file for STMicroelectronics.X-CUBE-BLE1.7.1.0
2025-09-22 14:49:02,667 [WARN] PackLoader:240 - Cannot read IP mode file for STMicroelectronics.X-CUBE-BLE2.3.3.0
2025-09-22 14:49:02,676 [WARN] PackLoader:240 - Cannot read IP mode file for STMicroelectronics.X-CUBE-BLEMGR.4.1.0
2025-09-22 14:49:02,685 [WARN] PackLoader:240 - Cannot read IP mode file for STMicroelectronics.X-CUBE-DISPLAY.3.0.0
2025-09-22 14:49:02,691 [WARN] PackLoader:240 - Cannot read IP mode file for STMicroelectronics.X-CUBE-DPower.1.3.0
2025-09-22 14:49:02,694 [WARN] PackLoader:240 - Cannot read IP mode file for STMicroelectronics.X-CUBE-EEPRMA1.5.2.0
2025-09-22 14:49:02,699 [WARN] PackLoader:240 - Cannot read IP mode file for STMicroelectronics.X-CUBE-FREERTOS.1.3.1
2025-09-22 14:49:02,702 [WARN] PackLoader:240 - Cannot read IP mode file for STMicroelectronics.X-CUBE-GNSS1.7.0.1
2025-09-22 14:49:02,705 [WARN] PackLoader:240 - Cannot read IP mode file for STMicroelectronics.X-CUBE-ISPU.2.1.0
2025-09-22 14:49:02,713 [WARN] PackLoader:240 - Cannot read IP mode file for STMicroelectronics.X-CUBE-IPS.3.1.0
2025-09-22 14:49:02,751 [WARN] PackLoader:240 - Cannot read IP mode file for STMicroelectronics.X-CUBE-MEMS1.11.3.0
2025-09-22 14:49:02,754 [INFO] CheckServerUpdateThread:120 - End of CheckServer Thread
2025-09-22 14:49:02,848 [WARN] PackLoader:240 - Cannot read IP mode file for STMicroelectronics.X-CUBE-NFC4.3.0.0
2025-09-22 14:49:02,854 [WARN] PackLoader:240 - Cannot read IP mode file for STMicroelectronics.X-CUBE-NFC6.3.1.0
2025-09-22 14:49:02,859 [WARN] PackLoader:240 - Cannot read IP mode file for STMicroelectronics.X-CUBE-NFC7.2.0.0
2025-09-22 14:49:02,862 [WARN] PackLoader:240 - Cannot read IP mode file for STMicroelectronics.X-CUBE-NFC9.1.0.0
2025-09-22 14:49:02,879 [WARN] PackLoader:240 - Cannot read IP mode file for STMicroelectronics.X-CUBE-NFC10.1.0.0
2025-09-22 14:49:02,885 [WARN] PackLoader:240 - Cannot read IP mode file for STMicroelectronics.X-CUBE-NFC12.1.0.0
2025-09-22 14:49:02,892 [WARN] PackLoader:240 - Cannot read IP mode file for STMicroelectronics.X-CUBE-SFXS2LP1.4.0.0
2025-09-22 14:49:02,897 [WARN] PackLoader:240 - Cannot read IP mode file for STMicroelectronics.X-CUBE-SAFEA1.1.2.2
2025-09-22 14:49:02,905 [WARN] PackLoader:240 - Cannot read IP mode file for STMicroelectronics.X-CUBE-SUBG2.5.0.0
2025-09-22 14:49:02,909 [WARN] PackLoader:240 - Cannot read IP mode file for STMicroelectronics.X-CUBE-SMBUS.2.1.0
2025-09-22 14:49:02,910 [WARN] PackLoader:240 - Cannot read IP mode file for STMicroelectronics.X-CUBE-ST60.1.0.0
2025-09-22 14:49:02,918 [WARN] PackLoader:240 - Cannot read IP mode file for STMicroelectronics.X-CUBE-ST67W61.1.0.0
2025-09-22 14:49:02,922 [WARN] PackLoader:240 - Cannot read IP mode file for STMicroelectronics.X-CUBE-STSE01.1.0.0
2025-09-22 14:49:02,924 [WARN] PackLoader:240 - Cannot read IP mode file for STMicroelectronics.X-CUBE-PM33A1.1.0.0
2025-09-22 14:49:02,927 [WARN] PackLoader:240 - Cannot read IP mode file for STMicroelectronics.X-CUBE-TCPP.4.2.0
2025-09-22 14:49:02,932 [WARN] PackLoader:240 - Cannot read IP mode file for STMicroelectronics.X-CUBE-TOF1.3.4.3
2025-09-22 14:49:02,941 [WARN] PackLoader:240 - Cannot read IP mode file for STMicroelectronics.X-CUBE-TOUCHGFX.4.25.0
2025-09-22 14:49:02,944 [WARN] PackLoader:240 - Cannot read IP mode file for STMicroelectronics.X-CUBE-ALGOBUILD.1.4.0
2025-09-22 14:49:02,955 [WARN] PackLoader:240 - Cannot read IP mode file for STMicroelectronics.X-CUBE-AZRTOS-H7.3.4.0
2025-09-22 14:49:02,966 [WARN] PackLoader:240 - Cannot read IP mode file for STMicroelectronics.X-CUBE-AZRTOS-H7RS.1.1.0
2025-09-22 14:49:02,975 [WARN] PackLoader:240 - Cannot read IP mode file for STMicroelectronics.X-CUBE-AZRTOS-F4.1.1.0
2025-09-22 14:49:02,985 [WARN] PackLoader:240 - Cannot read IP mode file for STMicroelectronics.X-CUBE-AZRTOS-F7.1.1.0
2025-09-22 14:49:02,996 [WARN] ConditionMgr:438 - getConditionDescription Invalid condition id : LAN8742 Phy interface Condition cause : null
2025-09-22 14:49:02,996 [WARN] PackLoader:240 - Cannot read IP mode file for STMicroelectronics.X-CUBE-AZRTOS-L4.2.0.0
2025-09-22 14:49:02,997 [WARN] ConditionMgr:1044 - genDependencies : Invalid condition id : LAN8742 Phy interface Condition cause : null
2025-09-22 14:49:02,997 [WARN] ConditionMgr:1044 - genDependencies : Invalid condition id : LAN8742 Phy interface Condition cause : null
2025-09-22 14:49:02,997 [WARN] ConditionMgr:1044 - genDependencies : Invalid condition id : LAN8742 Phy interface Condition cause : null
2025-09-22 14:49:03,006 [WARN] PackLoader:240 - Cannot read IP mode file for STMicroelectronics.X-CUBE-AZRTOS-L5.2.0.0
2025-09-22 14:49:03,015 [WARN] PackLoader:240 - Cannot read IP mode file for STMicroelectronics.X-CUBE-AZRTOS-G0.1.1.0
2025-09-22 14:49:03,023 [WARN] PackLoader:240 - Cannot read IP mode file for STMicroelectronics.X-CUBE-AZRTOS-G4.2.0.0
2025-09-22 14:49:03,030 [WARN] ConditionMgr:438 - getConditionDescription Invalid condition id : UX DEVICE CLASS RTOS Condition cause : null
2025-09-22 14:49:03,030 [WARN] ConditionMgr:438 - getConditionDescription Invalid condition id : UX DEVICE CLASS RTOS Condition cause : null
2025-09-22 14:49:03,031 [WARN] PackLoader:240 - Cannot read IP mode file for STMicroelectronics.X-CUBE-AZRTOS-WB.2.0.0
2025-09-22 14:49:03,031 [WARN] ConditionMgr:1044 - genDependencies : Invalid condition id : UX DEVICE CLASS RTOS Condition cause : null
2025-09-22 14:49:03,031 [WARN] ConditionMgr:1044 - genDependencies : Invalid condition id : UX DEVICE CLASS RTOS Condition cause : null
2025-09-22 14:49:03,031 [WARN] ConditionMgr:1044 - genDependencies : Invalid condition id : UX DEVICE CLASS RTOS Condition cause : null
2025-09-22 14:49:03,032 [WARN] ConditionMgr:1044 - genDependencies : Invalid condition id : UX DEVICE CLASS RTOS Condition cause : null
2025-09-22 14:49:03,032 [WARN] ConditionMgr:1044 - genDependencies : Invalid condition id : UX DEVICE CLASS RTOS Condition cause : null
2025-09-22 14:49:03,036 [INFO] LogOutputStream:77 - [STDOUT_REDIRECT] 1 : Invalid condition id : UX_CORESTACK_Condition cause : null
2025-09-22 14:49:03,036 [INFO] LogOutputStream:77 - [STDOUT_REDIRECT] 1 : Invalid condition id : UX_CORESTACK_Condition cause : null
2025-09-22 14:49:03,036 [INFO] LogOutputStream:77 - [STDOUT_REDIRECT] 1 : Invalid condition id : UX_CORESTACK_Condition cause : null
2025-09-22 14:49:03,037 [INFO] LogOutputStream:77 - [STDOUT_REDIRECT] 1 : Invalid condition id : UX_CORESTACK_Condition cause : null
2025-09-22 14:49:03,037 [INFO] LogOutputStream:77 - [STDOUT_REDIRECT] 1 : Invalid condition id : UX_CORESTACK_Condition cause : null
2025-09-22 14:49:03,038 [WARN] PackLoader:240 - Cannot read IP mode file for STMicroelectronics.X-CUBE-AZRTOS-WL.2.0.0
2025-09-22 14:49:03,041 [WARN] PackLoader:240 - Cannot read IP mode file for STMicroelectronics.X-CUBE-WB05N.2.0.0
2025-09-22 14:49:03,043 [WARN] PackLoader:240 - Cannot read IP mode file for wolfSSL.I-CUBE-wolfSSL.5.8.2
2025-09-22 14:49:03,044 [WARN] PackLoader:240 - Cannot read IP mode file for wolfSSL.I-CUBE-wolfMQTT.1.19.2
2025-09-22 14:49:03,045 [WARN] PackLoader:240 - Cannot read IP mode file for wolfSSL.I-CUBE-wolfTPM.3.8.0
2025-09-22 14:49:03,046 [WARN] PackLoader:240 - Cannot read IP mode file for wolfSSL.I-CUBE-wolfSSH.1.4.20
2025-09-22 14:49:03,048 [WARN] PackLoader:240 - Cannot read IP mode file for RealThread.X-CUBE-RT-Thread_Nano.4.1.1
2025-09-22 14:49:03,068 [WARN] PackLoader:240 - Cannot read IP mode file for SEGGER.I-CUBE-embOS.1.3.1
2025-09-22 14:49:03,095 [WARN] PackLoader:240 - Cannot read IP mode file for emotas.I-CUBE-CANOPEN.1.3.0
2025-09-22 14:49:03,098 [WARN] PackLoader:240 - Cannot read IP mode file for WES.I-CUBE-Cesium.1.4.0
2025-09-22 14:49:03,101 [WARN] PackLoader:240 - Cannot read IP mode file for ITTIA_DB.I-CUBE-ITTIADB.8.9.0
2025-09-22 14:49:03,110 [WARN] PackLoader:240 - Cannot read IP mode file for Infineon.AIROC-Wi-Fi-Bluetooth-STM32.1.7.1
2025-09-22 14:49:03,113 [WARN] PackLoader:240 - Cannot read IP mode file for Cesanta.I-CUBE-Mongoose.7.19.0
2025-09-22 14:49:03,117 [WARN] PackLoader:240 - Cannot read IP mode file for EmbeddedOffice.I-CUBE-FS-RTOS.1.0.1
2025-09-22 14:49:03,119 [WARN] ConditionMgr:438 - getConditionDescription Invalid condition id : Cortex-A Device cause : null
2025-09-22 14:49:03,126 [WARN] ConditionMgr:1044 - genDependencies : Invalid condition id : Cortex-A Device cause : null
2025-09-22 14:49:03,127 [WARN] ConditionMgr:1044 - genDependencies : Invalid condition id : Cortex-A Device cause : null
2025-09-22 14:49:03,127 [WARN] ConditionMgr:1044 - genDependencies : Invalid condition id : Cortex-A Device cause : null
2025-09-22 14:49:03,128 [WARN] PackLoader:240 - Cannot read IP mode file for Avnet-IotConnect.X-CUBE-IoTC-DA16k-PMOD.1.0.0
2025-09-22 14:49:03,128 [INFO] PopulateThirdPartyThread:66 - Ending populate Thread
2025-09-22 14:49:03,135 [INFO] ThirdParty:1030 - CMSIS Pack Vendor :STMicroelectronics X-CUBE-PM33A1 1.0.0
2025-09-22 14:49:03,135 [INFO] ThirdParty:1030 - CMSIS Pack Vendor :STMicroelectronics X-CUBE-NFC9 1.0.0
2025-09-22 14:49:03,135 [INFO] ThirdParty:1030 - CMSIS Pack Vendor :STMicroelectronics FP-SNS-MOTENVWB1 1.4.0
2025-09-22 14:49:03,135 [INFO] ThirdParty:1030 - CMSIS Pack Vendor :STMicroelectronics X-CUBE-AZRTOS-F4 1.1.0
2025-09-22 14:49:03,135 [INFO] ThirdParty:1030 - CMSIS Pack Vendor :STMicroelectronics FP-ATR-ASTRA1 2.0.2
2025-09-22 14:49:03,135 [INFO] ThirdParty:1030 - CMSIS Pack Vendor :wolfSSL I-CUBE-wolfSSL 5.8.2
2025-09-22 14:49:03,135 [INFO] ThirdParty:1030 - CMSIS Pack Vendor :STMicroelectronics X-CUBE-BLE1 7.1.0
2025-09-22 14:49:03,135 [INFO] ThirdParty:1030 - CMSIS Pack Vendor :Avnet-IotConnect X-CUBE-IoTC-DA16k-PMOD 1.0.0
2025-09-22 14:49:03,135 [INFO] ThirdParty:1030 - CMSIS Pack Vendor :STMicroelectronics X-CUBE-SMBUS 2.1.0
2025-09-22 14:49:03,136 [INFO] ThirdParty:1030 - CMSIS Pack Vendor :wolfSSL I-CUBE-wolfMQTT 1.19.2
2025-09-22 14:49:03,136 [INFO] ThirdParty:1030 - CMSIS Pack Vendor :STMicroelectronics X-CUBE-ISPU 2.1.0
2025-09-22 14:49:03,136 [INFO] ThirdParty:1030 - CMSIS Pack Vendor :STMicroelectronics X-CUBE-BLEMGR 4.1.0
2025-09-22 14:49:03,136 [INFO] ThirdParty:1030 - CMSIS Pack Vendor :STMicroelectronics X-CUBE-EEPRMA1 5.2.0
2025-09-22 14:49:03,136 [INFO] ThirdParty:1030 - CMSIS Pack Vendor :STMicroelectronics X-CUBE-AZRTOS-WB 2.0.0
2025-09-22 14:49:03,136 [INFO] ThirdParty:1030 - CMSIS Pack Vendor :STMicroelectronics X-CUBE-ST60 1.0.0
2025-09-22 14:49:03,136 [INFO] ThirdParty:1030 - CMSIS Pack Vendor :STMicroelectronics X-CUBE-GNSS1 7.0.1
2025-09-22 14:49:03,136 [INFO] ThirdParty:1030 - CMSIS Pack Vendor :STMicroelectronics X-CUBE-NFC12 1.0.0
2025-09-22 14:49:03,136 [INFO] ThirdParty:1030 - CMSIS Pack Vendor :STMicroelectronics X-CUBE-TOUCHGFX 4.25.0
2025-09-22 14:49:03,136 [INFO] ThirdParty:1030 - CMSIS Pack Vendor :STMicroelectronics X-CUBE-AZRTOS-F7 1.1.0
2025-09-22 14:49:03,136 [INFO] ThirdParty:1030 - CMSIS Pack Vendor :STMicroelectronics X-CUBE-AZRTOS-L5 2.0.0
2025-09-22 14:49:03,136 [INFO] ThirdParty:1030 - CMSIS Pack Vendor :STMicroelectronics X-CUBE-NFC6 3.1.0
2025-09-22 14:49:03,137 [INFO] ThirdParty:1030 - CMSIS Pack Vendor :Cesanta I-CUBE-Mongoose 7.19.0
2025-09-22 14:49:03,137 [INFO] ThirdParty:1030 - CMSIS Pack Vendor :quantropi X-CUBE-qispace-sdk-base 2.1.0
2025-09-22 14:49:03,137 [INFO] ThirdParty:1030 - CMSIS Pack Vendor :STMicroelectronics X-CUBE-AZRTOS-G0 1.1.0
2025-09-22 14:49:03,137 [INFO] ThirdParty:1030 - CMSIS Pack Vendor :STMicroelectronics X-CUBE-NFC4 3.0.0
2025-09-22 14:49:03,137 [INFO] ThirdParty:1030 - CMSIS Pack Vendor :STMicroelectronics X-CUBE-SAFEA1 1.2.2
2025-09-22 14:49:03,137 [INFO] ThirdParty:1030 - CMSIS Pack Vendor :STMicroelectronics X-CUBE-SUBG2 5.0.0
2025-09-22 14:49:03,137 [INFO] ThirdParty:1030 - CMSIS Pack Vendor :STMicroelectronics X-CUBE-AZRTOS-H7RS 1.1.0
2025-09-22 14:49:03,137 [INFO] ThirdParty:1030 - CMSIS Pack Vendor :EmbeddedOffice I-CUBE-FS-RTOS 1.0.1
2025-09-22 14:49:03,137 [INFO] ThirdParty:1030 - CMSIS Pack Vendor :WES I-CUBE-Cesium 1.4.0
2025-09-22 14:49:03,137 [INFO] ThirdParty:1030 - CMSIS Pack Vendor :STMicroelectronics X-CUBE-AZRTOS-G4 2.0.0
2025-09-22 14:49:03,137 [INFO] ThirdParty:1030 - CMSIS Pack Vendor :Infineon AIROC-Wi-Fi-Bluetooth-STM32 1.7.1
2025-09-22 14:49:03,137 [INFO] ThirdParty:1030 - CMSIS Pack Vendor :STMicroelectronics X-CUBE-WB05N 2.0.0
2025-09-22 14:49:03,137 [INFO] ThirdParty:1030 - CMSIS Pack Vendor :wolfSSL I-CUBE-wolfTPM 3.8.0
2025-09-22 14:49:03,137 [INFO] ThirdParty:1030 - CMSIS Pack Vendor :STMicroelectronics X-CUBE-AZRTOS-H7 3.4.0
2025-09-22 14:49:03,137 [INFO] ThirdParty:1030 - CMSIS Pack Vendor :STMicroelectronics X-CUBE-DISPLAY 3.0.0
2025-09-22 14:49:03,137 [INFO] ThirdParty:1030 - CMSIS Pack Vendor :wolfSSL I-CUBE-wolfSSH 1.4.20
2025-09-22 14:49:03,137 [INFO] ThirdParty:1030 - CMSIS Pack Vendor :STMicroelectronics X-CUBE-NFC7 2.0.0
2025-09-22 14:49:03,137 [INFO] ThirdParty:1030 - CMSIS Pack Vendor :STMicroelectronics X-CUBE-TCPP 4.2.0
2025-09-22 14:49:03,137 [INFO] ThirdParty:1030 - CMSIS Pack Vendor :RealThread X-CUBE-RT-Thread_Nano 4.1.1
2025-09-22 14:49:03,137 [INFO] ThirdParty:1030 - CMSIS Pack Vendor :STMicroelectronics FP-ATR-SIGFOX1 3.2.0
2025-09-22 14:49:03,138 [INFO] ThirdParty:1030 - CMSIS Pack Vendor :STMicroelectronics X-CUBE-NFC10 1.0.0
2025-09-22 14:49:03,138 [INFO] ThirdParty:1030 - CMSIS Pack Vendor :STMicroelectronics X-CUBE-FREERTOS 1.3.1
2025-09-22 14:49:03,138 [INFO] ThirdParty:1030 - CMSIS Pack Vendor :STMicroelectronics X-CUBE-ALS 1.0.2
2025-09-22 14:49:03,138 [INFO] ThirdParty:1030 - CMSIS Pack Vendor :STMicroelectronics X-CUBE-IPS 3.1.0
2025-09-22 14:49:03,138 [INFO] ThirdParty:1030 - CMSIS Pack Vendor :emotas I-CUBE-CANOPEN 1.3.0
2025-09-22 14:49:03,138 [INFO] ThirdParty:1030 - CMSIS Pack Vendor :ITTIA_DB I-CUBE-ITTIADB 8.9.0
2025-09-22 14:49:03,138 [INFO] ThirdParty:1030 - CMSIS Pack Vendor :STMicroelectronics X-CUBE-STSE01 1.0.0
2025-09-22 14:49:03,138 [INFO] ThirdParty:1030 - CMSIS Pack Vendor :STMicroelectronics X-CUBE-ST67W61 1.0.0
2025-09-22 14:49:03,138 [INFO] ThirdParty:1030 - CMSIS Pack Vendor :STMicroelectronics FP-SNS-STBOX1 2.1.0
2025-09-22 14:49:03,138 [INFO] ThirdParty:1030 - CMSIS Pack Vendor :STMicroelectronics FP-SNS-STAIOTCFT 1.0.0
2025-09-22 14:49:03,138 [INFO] ThirdParty:1030 - CMSIS Pack Vendor :STMicroelectronics X-CUBE-AI 10.2.0
2025-09-22 14:49:03,138 [INFO] ThirdParty:1030 - CMSIS Pack Vendor :STMicroelectronics FP-SNS-SMARTAG2 1.2.0
2025-09-22 14:49:03,138 [INFO] ThirdParty:1030 - CMSIS Pack Vendor :STMicroelectronics FP-SNS-FLIGHT1 5.1.0
2025-09-22 14:49:03,138 [INFO] ThirdParty:1030 - CMSIS Pack Vendor :STMicroelectronics X-CUBE-AZRTOS-WL 2.0.0
2025-09-22 14:49:03,138 [INFO] ThirdParty:1030 - CMSIS Pack Vendor :SEGGER I-CUBE-embOS 1.3.1
2025-09-22 14:49:03,138 [INFO] ThirdParty:1030 - CMSIS Pack Vendor :STMicroelectronics X-CUBE-DPower 1.3.0
2025-09-22 14:49:03,138 [INFO] ThirdParty:1030 - CMSIS Pack Vendor :STMicroelectronics X-CUBE-ALGOBUILD 1.4.0
2025-09-22 14:49:03,138 [INFO] ThirdParty:1030 - CMSIS Pack Vendor :STMicroelectronics X-CUBE-MEMS1 11.3.0
2025-09-22 14:49:03,138 [INFO] ThirdParty:1030 - CMSIS Pack Vendor :STMicroelectronics FP-SNS-MOTENV1 5.0.0
2025-09-22 14:49:03,139 [INFO] ThirdParty:1030 - CMSIS Pack Vendor :STMicroelectronics X-CUBE-AZRTOS-L4 2.0.0
2025-09-22 14:49:03,139 [INFO] ThirdParty:1030 - CMSIS Pack Vendor :STMicroelectronics X-CUBE-SFXS2LP1 4.0.0
2025-09-22 14:49:03,139 [INFO] ThirdParty:1030 - CMSIS Pack Vendor :STMicroelectronics X-CUBE-BLE2 3.3.0
2025-09-22 14:49:03,139 [INFO] ThirdParty:1030 - CMSIS Pack Vendor :STMicroelectronics X-CUBE-TOF1 3.4.3
2025-09-22 14:49:03,140 [INFO] LoadServerUpdatesThread:375 - End of LoadServerUpdate Thread
2025-09-22 16:00:18,674 [ERROR] LogOutputStream:75 - [STDERR_REDIRECT] 
